2026-01-20 10:38:59,359 - INFO - Filtering for hybrid samples (both Short and Long reads)...
2026-01-20 10:38:59,359 - INFO - [SRA Search] Query: metagenome[All Fields] AND ("blood"[Source] OR "blood"[All Fields]) AND "Homo sapiens"[Organism] AND (("ILLUMINA"[Platform] OR "BGISEQ"[Platform]) OR ("OXFORD_NANOPORE"[Platform] OR "PACBIO_SMRT"[Platform]))
2026-01-20 10:38:59,889 - INFO - [SRA] Found 651 total results, retrieving first batch
2026-01-20 10:39:01,059 - INFO - Checking sample SRS26724097...
2026-01-20 10:39:01,932 - INFO - Sample SRS26724097: Platforms: ILLUMINA
2026-01-20 10:39:01,932 - INFO - Checking sample SRS26724095...
2026-01-20 10:39:02,823 - INFO - Sample SRS26724095: Platforms: ILLUMINA
2026-01-20 10:39:02,823 - INFO - Checking sample SRS26724094...
2026-01-20 10:39:03,711 - INFO - Sample SRS26724094: Platforms: ILLUMINA
2026-01-20 10:39:03,711 - INFO - Checking sample SRS26422488...
2026-01-20 10:39:04,587 - INFO - Sample SRS26422488: Platforms: ILLUMINA
2026-01-20 10:39:04,587 - INFO - Checking sample SRS26422487...
2026-01-20 10:39:05,462 - INFO - Sample SRS26422487: Platforms: ILLUMINA
2026-01-20 10:39:05,462 - INFO - Checking sample SRS26422489...
2026-01-20 10:39:06,339 - INFO - Sample SRS26422489: Platforms: ILLUMINA
2026-01-20 10:39:06,339 - INFO - Checking sample SRS26422486...
2026-01-20 10:39:07,211 - INFO - Sample SRS26422486: Platforms: ILLUMINA
2026-01-20 10:39:07,211 - INFO - Checking sample SRS26422485...
2026-01-20 10:39:08,085 - INFO - Sample SRS26422485: Platforms: ILLUMINA
2026-01-20 10:39:08,085 - INFO - Checking sample SRS26422484...
2026-01-20 10:39:08,959 - INFO - Sample SRS26422484: Platforms: ILLUMINA
2026-01-20 10:39:08,959 - INFO - Checking sample SRS26422483...
2026-01-20 10:39:09,834 - INFO - Sample SRS26422483: Platforms: ILLUMINA
2026-01-20 10:39:09,834 - INFO - Checking sample SRS26422482...
2026-01-20 10:39:13,981 - INFO - Sample SRS26422482: Platforms: ILLUMINA
2026-01-20 10:39:13,981 - INFO - Checking sample SRS26422481...
2026-01-20 10:39:16,527 - INFO - Sample SRS26422481: Platforms: ILLUMINA
2026-01-20 10:39:16,527 - INFO - Checking sample SRS26422480...
2026-01-20 10:39:17,403 - INFO - Sample SRS26422480: Platforms: ILLUMINA
2026-01-20 10:39:17,403 - INFO - Checking sample SRS26422479...
2026-01-20 10:39:18,283 - INFO - Sample SRS26422479: Platforms: ILLUMINA
2026-01-20 10:39:18,283 - INFO - Checking sample SRS26422478...
2026-01-20 10:39:19,197 - INFO - Sample SRS26422478: Platforms: ILLUMINA
2026-01-20 10:39:19,197 - INFO - Checking sample SRS26422476...
2026-01-20 10:39:49,569 - ERROR - URL Error: [Errno 101] Network is unreachable
2026-01-20 10:39:49,570 - INFO - Sample SRS26422476: Platforms:
2026-01-20 10:39:49,570 - INFO - Checking sample SRS26422477...
2026-01-20 10:40:07,140 - INFO - Sample SRS26422477: Platforms: ILLUMINA
2026-01-20 10:40:07,140 - INFO - Checking sample SRS26422475...
2026-01-20 10:40:08,025 - INFO - Sample SRS26422475: Platforms: ILLUMINA
2026-01-20 10:40:08,025 - INFO - Checking sample SRS26422474...
2026-01-20 10:40:08,909 - INFO - Sample SRS26422474: Platforms: ILLUMINA
2026-01-20 10:40:08,909 - INFO - Checking sample SRS26422471...
2026-01-20 10:40:09,795 - INFO - Sample SRS26422471: Platforms: ILLUMINA
2026-01-20 10:40:09,795 - INFO - Checking sample SRS26422469...
2026-01-20 10:40:10,670 - INFO - Sample SRS26422469: Platforms: ILLUMINA
2026-01-20 10:40:10,670 - INFO - Checking sample SRS26422468...
2026-01-20 10:40:11,546 - INFO - Sample SRS26422468: Platforms: ILLUMINA
2026-01-20 10:40:11,546 - INFO - Checking sample SRS26422467...
2026-01-20 10:40:12,432 - INFO - Sample SRS26422467: Platforms: ILLUMINA
2026-01-20 10:40:12,433 - INFO - Checking sample SRS26422466...
2026-01-20 10:40:13,310 - INFO - Sample SRS26422466: Platforms: ILLUMINA
2026-01-20 10:40:13,310 - INFO - Checking sample SRS26422465...
2026-01-20 10:40:14,185 - INFO - Sample SRS26422465: Platforms: ILLUMINA
2026-01-20 10:40:14,185 - INFO - Checking sample SRS26422464...
2026-01-20 10:40:15,064 - INFO - Sample SRS26422464: Platforms: ILLUMINA
2026-01-20 10:40:15,065 - INFO - Checking sample SRS26422463...
2026-01-20 10:40:15,943 - INFO - Sample SRS26422463: Platforms: ILLUMINA
2026-01-20 10:40:15,943 - INFO - Checking sample SRS26422462...
2026-01-20 10:40:16,819 - INFO - Sample SRS26422462: Platforms: ILLUMINA
2026-01-20 10:40:16,819 - INFO - Checking sample SRS26422461...
2026-01-20 10:40:17,694 - INFO - Sample SRS26422461: Platforms: ILLUMINA
2026-01-20 10:40:17,694 - INFO - Checking sample SRS26422460...
2026-01-20 10:40:18,571 - INFO - Sample SRS26422460: Platforms: ILLUMINA
2026-01-20 10:40:18,571 - INFO - Checking sample SRS26422459...
2026-01-20 10:40:19,462 - INFO - Sample SRS26422459: Platforms: ILLUMINA
2026-01-20 10:40:19,463 - INFO - Checking sample SRS26422458...
2026-01-20 10:40:20,338 - INFO - Sample SRS26422458: Platforms: ILLUMINA
2026-01-20 10:40:20,338 - INFO - Checking sample SRS26422544...
2026-01-20 10:40:50,710 - ERROR - URL Error: [Errno 101] Network is unreachable
2026-01-20 10:40:50,711 - INFO - Sample SRS26422544: Platforms:
2026-01-20 10:40:50,711 - INFO - Checking sample SRS26422457...
2026-01-20 10:40:54,725 - INFO - Sample SRS26422457: Platforms: ILLUMINA
2026-01-20 10:40:54,725 - INFO - Checking sample SRS26422473...
2026-01-20 10:40:55,656 - INFO - Sample SRS26422473: Platforms: ILLUMINA
2026-01-20 10:40:55,657 - INFO - Checking sample SRS26422472...
2026-01-20 10:40:56,531 - INFO - Sample SRS26422472: Platforms: ILLUMINA
2026-01-20 10:40:56,531 - INFO - Checking sample SRS26422470...
2026-01-20 10:40:57,449 - INFO - Sample SRS26422470: Platforms: ILLUMINA
2026-01-20 10:40:57,449 - INFO - Checking sample SRS26422456...
2026-01-20 10:40:58,324 - INFO - Sample SRS26422456: Platforms: ILLUMINA
2026-01-20 10:40:58,324 - INFO - Checking sample SRS26422543...
2026-01-20 10:40:59,291 - INFO - Sample SRS26422543: Platforms: ILLUMINA
2026-01-20 10:40:59,291 - INFO - Checking sample SRS24977459...
2026-01-20 10:41:19,867 - INFO - Sample SRS24977459: Platforms: ILLUMINA
2026-01-20 10:41:19,867 - INFO - Checking sample SRS24977458...
2026-01-20 10:41:20,739 - INFO - Sample SRS24977458: Platforms: ILLUMINA
2026-01-20 10:41:20,739 - INFO - Checking sample SRS24977455...
2026-01-20 10:41:21,777 - INFO - Sample SRS24977455: Platforms: ILLUMINA
2026-01-20 10:41:21,777 - INFO - Checking sample SRS24977457...
2026-01-20 10:41:22,985 - INFO - Sample SRS24977457: Platforms: ILLUMINA
2026-01-20 10:41:22,985 - INFO - Checking sample SRS24977456...
2026-01-20 10:41:23,941 - INFO - Sample SRS24977456: Platforms: ILLUMINA
2026-01-20 10:41:23,941 - INFO - Checking sample SRS24977453...
2026-01-20 10:41:24,817 - INFO - Sample SRS24977453: Platforms: ILLUMINA
2026-01-20 10:41:24,817 - INFO - Checking sample SRS24977452...
2026-01-20 10:41:25,690 - INFO - Sample SRS24977452: Platforms: ILLUMINA
2026-01-20 10:41:25,690 - INFO - Checking sample SRS24977454...
2026-01-20 10:41:26,567 - INFO - Sample SRS24977454: Platforms: ILLUMINA
2026-01-20 10:41:26,567 - INFO - Checking sample SRS24977451...
2026-01-20 10:41:27,788 - INFO - Sample SRS24977451: Platforms: ILLUMINA
2026-01-20 10:41:27,788 - INFO - Checking sample SRS24977450...
2026-01-20 10:41:28,661 - INFO - Sample SRS24977450: Platforms: ILLUMINA
2026-01-20 10:41:28,661 - INFO - Checking sample SRS24977449...
2026-01-20 10:41:29,535 - INFO - Sample SRS24977449: Platforms: ILLUMINA
2026-01-20 10:41:29,535 - INFO - [SRA Search] Fetching batch starting at 50...
2026-01-20 10:41:31,084 - INFO - Checking sample SRS24977448...
2026-01-20 10:41:32,178 - INFO - Sample SRS24977448: Platforms: ILLUMINA
2026-01-20 10:41:32,178 - INFO - Checking sample SRS24977447...
2026-01-20 10:41:33,051 - INFO - Sample SRS24977447: Platforms: ILLUMINA
2026-01-20 10:41:33,051 - INFO - Checking sample SRS24977446...
2026-01-20 10:41:33,927 - INFO - Sample SRS24977446: Platforms: ILLUMINA
2026-01-20 10:41:33,928 - INFO - Checking sample SRS24977445...
2026-01-20 10:41:34,802 - INFO - Sample SRS24977445: Platforms: ILLUMINA
2026-01-20 10:41:34,802 - INFO - Checking sample SRS24977444...
2026-01-20 10:41:35,677 - INFO - Sample SRS24977444: Platforms: ILLUMINA
2026-01-20 10:41:35,677 - INFO - Checking sample SRS24977443...
2026-01-20 10:41:36,551 - INFO - Sample SRS24977443: Platforms: ILLUMINA
2026-01-20 10:41:36,551 - INFO - Checking sample SRS24977442...
2026-01-20 10:41:37,430 - INFO - Sample SRS24977442: Platforms: ILLUMINA
2026-01-20 10:41:37,430 - INFO - Checking sample SRS24977440...
2026-01-20 10:41:38,649 - INFO - Sample SRS24977440: Platforms: ILLUMINA
2026-01-20 10:41:38,649 - INFO - Checking sample SRS24977441...
2026-01-20 10:41:39,558 - INFO - Sample SRS24977441: Platforms: ILLUMINA
2026-01-20 10:41:39,558 - INFO - Checking sample SRS24977439...
2026-01-20 10:41:40,502 - INFO - Sample SRS24977439: Platforms: ILLUMINA
2026-01-20 10:41:40,502 - INFO - Checking sample SRS24977438...
2026-01-20 10:41:41,384 - INFO - Sample SRS24977438: Platforms: ILLUMINA
2026-01-20 10:41:41,385 - INFO - Checking sample SRS24977437...
2026-01-20 10:41:42,261 - INFO - Sample SRS24977437: Platforms: ILLUMINA
2026-01-20 10:41:42,261 - INFO - Checking sample SRS24977436...
2026-01-20 10:41:43,136 - INFO - Sample SRS24977436: Platforms: ILLUMINA
2026-01-20 10:41:43,136 - INFO - Checking sample SRS24977435...
2026-01-20 10:41:44,013 - INFO - Sample SRS24977435: Platforms: ILLUMINA
2026-01-20 10:41:44,013 - INFO - Checking sample SRS24977434...
2026-01-20 10:41:44,922 - INFO - Sample SRS24977434: Platforms: ILLUMINA
2026-01-20 10:41:44,922 - INFO - Checking sample SRS24977433...
2026-01-20 10:41:45,797 - INFO - Sample SRS24977433: Platforms: ILLUMINA
2026-01-20 10:41:45,797 - INFO - Checking sample SRS24977432...
2026-01-20 10:41:46,673 - INFO - Sample SRS24977432: Platforms: ILLUMINA
2026-01-20 10:41:46,674 - INFO - Checking sample SRS24977431...
2026-01-20 10:41:47,549 - INFO - Sample SRS24977431: Platforms: ILLUMINA
2026-01-20 10:41:47,549 - INFO - Checking sample SRS24977430...
2026-01-20 10:41:48,424 - INFO - Sample SRS24977430: Platforms: ILLUMINA
2026-01-20 10:41:48,424 - INFO - Checking sample SRS24977429...
2026-01-20 10:41:49,300 - INFO - Sample SRS24977429: Platforms: ILLUMINA
2026-01-20 10:41:49,301 - INFO - Checking sample SRS24977428...
2026-01-20 10:41:50,176 - INFO - Sample SRS24977428: Platforms: ILLUMINA
2026-01-20 10:41:50,177 - INFO - Checking sample SRS24977427...
2026-01-20 10:41:51,056 - INFO - Sample SRS24977427: Platforms: ILLUMINA
2026-01-20 10:41:51,056 - INFO - Checking sample SRS24977426...
2026-01-20 10:41:51,939 - INFO - Sample SRS24977426: Platforms: ILLUMINA
2026-01-20 10:41:51,939 - INFO - Checking sample SRS24977425...
2026-01-20 10:41:52,817 - INFO - Sample SRS24977425: Platforms: ILLUMINA
2026-01-20 10:41:52,817 - INFO - Checking sample SRS24977424...
2026-01-20 10:41:53,699 - INFO - Sample SRS24977424: Platforms: ILLUMINA
2026-01-20 10:41:53,699 - INFO - Checking sample SRS24977423...
2026-01-20 10:41:54,574 - INFO - Sample SRS24977423: Platforms: ILLUMINA
2026-01-20 10:41:54,574 - INFO - Checking sample SRS24977422...
2026-01-20 10:41:55,445 - INFO - Sample SRS24977422: Platforms: ILLUMINA
2026-01-20 10:41:55,446 - INFO - Checking sample SRS24977421...
2026-01-20 10:41:56,320 - INFO - Sample SRS24977421: Platforms: ILLUMINA
2026-01-20 10:41:56,320 - INFO - Checking sample SRS24977420...
2026-01-20 10:41:57,196 - INFO - Sample SRS24977420: Platforms: ILLUMINA
2026-01-20 10:41:57,197 - INFO - Checking sample SRS24977419...
2026-01-20 10:42:27,569 - ERROR - URL Error: [Errno 101] Network is unreachable
2026-01-20 10:42:27,569 - INFO - Sample SRS24977419: Platforms:
2026-01-20 10:42:27,569 - INFO - Checking sample SRS24977418...
2026-01-20 10:42:28,444 - INFO - Sample SRS24977418: Platforms: ILLUMINA
2026-01-20 10:42:28,444 - INFO - Checking sample SRS24977417...
2026-01-20 10:42:32,891 - INFO - Sample SRS24977417: Platforms: ILLUMINA
2026-01-20 10:42:32,891 - INFO - Checking sample SRS24977416...
2026-01-20 10:42:33,775 - INFO - Sample SRS24977416: Platforms: ILLUMINA
2026-01-20 10:42:33,775 - INFO - Checking sample SRS24977415...
2026-01-20 10:42:34,649 - INFO - Sample SRS24977415: Platforms: ILLUMINA
2026-01-20 10:42:34,649 - INFO - Checking sample SRS24977414...
2026-01-20 10:42:35,539 - INFO - Sample SRS24977414: Platforms: ILLUMINA
2026-01-20 10:42:35,539 - INFO - Checking sample SRS24977413...
2026-01-20 10:42:36,413 - INFO - Sample SRS24977413: Platforms: ILLUMINA
2026-01-20 10:42:36,413 - INFO - Checking sample SRS24977412...
2026-01-20 10:42:37,293 - INFO - Sample SRS24977412: Platforms: ILLUMINA
2026-01-20 10:42:37,293 - INFO - Checking sample SRS24977410...
2026-01-20 10:42:38,166 - INFO - Sample SRS24977410: Platforms: ILLUMINA
2026-01-20 10:42:38,167 - INFO - Checking sample SRS24977411...
2026-01-20 10:42:39,046 - INFO - Sample SRS24977411: Platforms: ILLUMINA
2026-01-20 10:42:39,046 - INFO - Checking sample SRS24977409...
2026-01-20 10:42:39,920 - INFO - Sample SRS24977409: Platforms: ILLUMINA
2026-01-20 10:42:39,920 - INFO - Checking sample SRS24977408...
2026-01-20 10:42:40,795 - INFO - Sample SRS24977408: Platforms: ILLUMINA
2026-01-20 10:42:40,795 - INFO - Checking sample SRS24977407...
2026-01-20 10:42:41,670 - INFO - Sample SRS24977407: Platforms: ILLUMINA
2026-01-20 10:42:41,670 - INFO - Checking sample SRS24977406...
2026-01-20 10:42:42,545 - INFO - Sample SRS24977406: Platforms: ILLUMINA
2026-01-20 10:42:42,546 - INFO - Checking sample SRS24977405...
2026-01-20 10:42:43,420 - INFO - Sample SRS24977405: Platforms: ILLUMINA
2026-01-20 10:42:43,420 - INFO - Checking sample SRS24977404...
2026-01-20 10:42:44,295 - INFO - Sample SRS24977404: Platforms: ILLUMINA
2026-01-20 10:42:44,295 - INFO - Checking sample SRS24977403...
2026-01-20 10:42:45,171 - INFO - Sample SRS24977403: Platforms: ILLUMINA
2026-01-20 10:42:45,172 - INFO - Checking sample SRS24977402...
2026-01-20 10:42:46,049 - INFO - Sample SRS24977402: Platforms: ILLUMINA
2026-01-20 10:42:46,049 - INFO - Checking sample SRS24977401...
2026-01-20 10:42:46,924 - INFO - Sample SRS24977401: Platforms: ILLUMINA
2026-01-20 10:42:46,924 - INFO - Checking sample SRS24977399...
2026-01-20 10:42:47,798 - INFO - Sample SRS24977399: Platforms: ILLUMINA
2026-01-20 10:42:47,798 - INFO - Checking sample SRS24977400...
2026-01-20 10:42:48,729 - INFO - Sample SRS24977400: Platforms: ILLUMINA
2026-01-20 10:42:48,729 - INFO - [SRA Search] Fetching batch starting at 100...
2026-01-20 10:42:50,355 - INFO - Checking sample SRS24977398...
2026-01-20 10:42:51,230 - INFO - Sample SRS24977398: Platforms: ILLUMINA
2026-01-20 10:42:51,230 - INFO - Checking sample SRS18851101...
2026-01-20 10:42:52,214 - INFO - Sample SRS18851101: Platforms: ILLUMINA
2026-01-20 10:42:52,214 - INFO - Checking sample SRS23782155...
2026-01-20 10:42:53,154 - INFO - Sample SRS23782155: Platforms: ILLUMINA
2026-01-20 10:42:53,154 - INFO - Checking sample SRS18484965...
2026-01-20 10:42:54,034 - INFO - Sample SRS18484965: Platforms: ILLUMINA
2026-01-20 10:42:54,035 - INFO - Checking sample SRS18484964...
2026-01-20 10:42:54,978 - INFO - Sample SRS18484964: Platforms: ILLUMINA
2026-01-20 10:42:54,978 - INFO - Checking sample SRS18484963...
2026-01-20 10:42:55,852 - INFO - Sample SRS18484963: Platforms: ILLUMINA
2026-01-20 10:42:55,852 - INFO - Checking sample SRS18484962...
2026-01-20 10:42:56,730 - INFO - Sample SRS18484962: Platforms: ILLUMINA
2026-01-20 10:42:56,730 - INFO - Checking sample SRS18484961...
2026-01-20 10:42:57,606 - INFO - Sample SRS18484961: Platforms: ILLUMINA
2026-01-20 10:42:57,606 - INFO - Checking sample SRS18484960...
2026-01-20 10:42:58,484 - INFO - Sample SRS18484960: Platforms: ILLUMINA
2026-01-20 10:42:58,484 - INFO - Checking sample SRS18484959...
2026-01-20 10:42:59,362 - INFO - Sample SRS18484959: Platforms: ILLUMINA
2026-01-20 10:42:59,362 - INFO - Checking sample SRS18484958...
2026-01-20 10:43:00,235 - INFO - Sample SRS18484958: Platforms: ILLUMINA
2026-01-20 10:43:00,235 - INFO - Checking sample SRS18484957...
2026-01-20 10:43:01,109 - INFO - Sample SRS18484957: Platforms: ILLUMINA
2026-01-20 10:43:01,109 - INFO - Checking sample SRS18484956...
2026-01-20 10:43:01,984 - INFO - Sample SRS18484956: Platforms: ILLUMINA
2026-01-20 10:43:01,985 - INFO - Checking sample SRS18484955...
2026-01-20 10:43:02,874 - INFO - Sample SRS18484955: Platforms: ILLUMINA
2026-01-20 10:43:02,874 - INFO - Checking sample SRS18484954...
2026-01-20 10:43:03,750 - INFO - Sample SRS18484954: Platforms: ILLUMINA
2026-01-20 10:43:03,750 - INFO - Checking sample SRS18484953...
2026-01-20 10:43:04,625 - INFO - Sample SRS18484953: Platforms: ILLUMINA
2026-01-20 10:43:04,625 - INFO - Checking sample SRS18484952...
2026-01-20 10:43:05,525 - INFO - Sample SRS18484952: Platforms: ILLUMINA
2026-01-20 10:43:05,525 - INFO - Checking sample SRS18484951...
2026-01-20 10:43:06,487 - INFO - Sample SRS18484951: Platforms: ILLUMINA
2026-01-20 10:43:06,487 - INFO - Checking sample SRS18484950...
2026-01-20 10:43:07,369 - INFO - Sample SRS18484950: Platforms: ILLUMINA
2026-01-20 10:43:07,369 - INFO - Checking sample SRS18484949...
2026-01-20 10:43:08,246 - INFO - Sample SRS18484949: Platforms: ILLUMINA
2026-01-20 10:43:08,246 - INFO - Checking sample SRS18484948...
2026-01-20 10:43:09,120 - INFO - Sample SRS18484948: Platforms: ILLUMINA
2026-01-20 10:43:09,120 - INFO - Checking sample SRS7628036...
2026-01-20 10:43:10,043 - INFO - Sample SRS7628036: Platforms: ILLUMINA
2026-01-20 10:43:10,043 - INFO - Checking sample SRS16904857...
2026-01-20 10:43:10,942 - INFO - Sample SRS16904857: Platforms: ILLUMINA
2026-01-20 10:43:10,942 - INFO - Checking sample SRS16088325...
2026-01-20 10:43:11,878 - INFO - Sample SRS16088325: Platforms: ILLUMINA
2026-01-20 10:43:11,878 - INFO - Checking sample SRS13208979...
2026-01-20 10:43:12,751 - INFO - Sample SRS13208979: Platforms: ILLUMINA
2026-01-20 10:43:12,751 - INFO - Checking sample SRS13208980...
2026-01-20 10:43:13,720 - INFO - Sample SRS13208980: Platforms: ILLUMINA
2026-01-20 10:43:13,720 - INFO - Checking sample SRS12302019...
2026-01-20 10:43:14,595 - INFO - Sample SRS12302019: Platforms: ILLUMINA
2026-01-20 10:43:14,595 - INFO - Checking sample SRS12302017...
2026-01-20 10:43:15,528 - INFO - Sample SRS12302017: Platforms: ILLUMINA
2026-01-20 10:43:15,528 - INFO - Checking sample SRS12302016...
2026-01-20 10:43:16,407 - INFO - Sample SRS12302016: Platforms: ILLUMINA
2026-01-20 10:43:16,407 - INFO - Checking sample SRS12302018...
2026-01-20 10:43:17,278 - INFO - Sample SRS12302018: Platforms: ILLUMINA
2026-01-20 10:43:17,278 - INFO - Checking sample SRS12302012...
2026-01-20 10:43:18,202 - INFO - Sample SRS12302012: Platforms: ILLUMINA
2026-01-20 10:43:18,202 - INFO - Checking sample SRS12302011...
2026-01-20 10:43:19,113 - INFO - Sample SRS12302011: Platforms: ILLUMINA
2026-01-20 10:43:19,113 - INFO - Checking sample SRS12302013...
2026-01-20 10:43:19,988 - INFO - Sample SRS12302013: Platforms: ILLUMINA
2026-01-20 10:43:19,988 - INFO - [SRA Search] Fetching batch starting at 150...
2026-01-20 10:43:21,560 - INFO - Checking sample SRS12302014...
2026-01-20 10:43:22,434 - INFO - Sample SRS12302014: Platforms: ILLUMINA
2026-01-20 10:43:22,434 - INFO - Checking sample SRS12302010...
2026-01-20 10:43:23,312 - INFO - Sample SRS12302010: Platforms: ILLUMINA
2026-01-20 10:43:23,312 - INFO - Checking sample SRS12302009...
2026-01-20 10:43:24,188 - INFO - Sample SRS12302009: Platforms: ILLUMINA
2026-01-20 10:43:24,188 - INFO - Checking sample SRS12302008...
2026-01-20 10:43:25,094 - INFO - Sample SRS12302008: Platforms: ILLUMINA
2026-01-20 10:43:25,094 - INFO - Checking sample SRS12302007...
2026-01-20 10:43:25,969 - INFO - Sample SRS12302007: Platforms: ILLUMINA
2026-01-20 10:43:25,969 - INFO - Checking sample SRS12302006...
2026-01-20 10:43:26,845 - INFO - Sample SRS12302006: Platforms: ILLUMINA
2026-01-20 10:43:26,845 - INFO - Checking sample SRS12302005...
2026-01-20 10:43:27,721 - INFO - Sample SRS12302005: Platforms: ILLUMINA
2026-01-20 10:43:27,722 - INFO - Checking sample SRS12302003...
2026-01-20 10:43:28,597 - INFO - Sample SRS12302003: Platforms: ILLUMINA
2026-01-20 10:43:28,597 - INFO - Checking sample SRS12302002...
2026-01-20 10:43:29,473 - INFO - Sample SRS12302002: Platforms: ILLUMINA
2026-01-20 10:43:29,473 - INFO - Checking sample SRS12302004...
2026-01-20 10:43:30,350 - INFO - Sample SRS12302004: Platforms: ILLUMINA
2026-01-20 10:43:30,351 - INFO - Checking sample SRS12302001...
2026-01-20 10:43:31,224 - INFO - Sample SRS12302001: Platforms: ILLUMINA
2026-01-20 10:43:31,224 - INFO - Checking sample SRS12302000...
2026-01-20 10:43:32,137 - INFO - Sample SRS12302000: Platforms: ILLUMINA
2026-01-20 10:43:32,137 - INFO - Checking sample SRS12301999...
2026-01-20 10:43:33,015 - INFO - Sample SRS12301999: Platforms: ILLUMINA
2026-01-20 10:43:33,015 - INFO - Checking sample SRS12301998...
2026-01-20 10:43:33,888 - INFO - Sample SRS12301998: Platforms: ILLUMINA
2026-01-20 10:43:33,888 - INFO - Checking sample SRS12301997...
2026-01-20 10:43:34,761 - INFO - Sample SRS12301997: Platforms: ILLUMINA
2026-01-20 10:43:34,761 - INFO - Checking sample SRS12301996...
2026-01-20 10:43:35,636 - INFO - Sample SRS12301996: Platforms: ILLUMINA
2026-01-20 10:43:35,636 - INFO - Checking sample SRS12301995...
2026-01-20 10:43:36,513 - INFO - Sample SRS12301995: Platforms: ILLUMINA
2026-01-20 10:43:36,513 - INFO - Checking sample SRS12301994...
2026-01-20 10:43:37,387 - INFO - Sample SRS12301994: Platforms: ILLUMINA
2026-01-20 10:43:37,387 - INFO - Checking sample SRS11672484...
2026-01-20 10:43:38,262 - INFO - Sample SRS11672484: Platforms: ILLUMINA
2026-01-20 10:43:38,262 - INFO - Checking sample SRS11672483...
2026-01-20 10:43:39,138 - INFO - Sample SRS11672483: Platforms: ILLUMINA
2026-01-20 10:43:39,138 - INFO - Checking sample SRS11672482...
2026-01-20 10:43:40,017 - INFO - Sample SRS11672482: Platforms: ILLUMINA
2026-01-20 10:43:40,017 - INFO - Checking sample SRS11672481...
2026-01-20 10:43:40,905 - INFO - Sample SRS11672481: Platforms: ILLUMINA
2026-01-20 10:43:40,905 - INFO - Checking sample SRS11672480...
2026-01-20 10:43:41,783 - INFO - Sample SRS11672480: Platforms: ILLUMINA
2026-01-20 10:43:41,784 - INFO - Checking sample SRS11672478...
2026-01-20 10:43:42,709 - INFO - Sample SRS11672478: Platforms: ILLUMINA
2026-01-20 10:43:42,709 - INFO - Checking sample SRS11672479...
2026-01-20 10:43:43,585 - INFO - Sample SRS11672479: Platforms: ILLUMINA
2026-01-20 10:43:43,585 - INFO - Checking sample SRS11672477...
2026-01-20 10:43:44,461 - INFO - Sample SRS11672477: Platforms: ILLUMINA
2026-01-20 10:43:44,461 - INFO - Checking sample SRS11672476...
2026-01-20 10:43:45,342 - INFO - Sample SRS11672476: Platforms: ILLUMINA
2026-01-20 10:43:45,342 - INFO - Checking sample SRS11672475...
2026-01-20 10:43:46,220 - INFO - Sample SRS11672475: Platforms: ILLUMINA
2026-01-20 10:43:46,220 - INFO - Checking sample SRS11672474...
2026-01-20 10:43:47,103 - INFO - Sample SRS11672474: Platforms: ILLUMINA
2026-01-20 10:43:47,103 - INFO - Checking sample SRS11672473...
2026-01-20 10:43:47,977 - INFO - Sample SRS11672473: Platforms: ILLUMINA
2026-01-20 10:43:47,977 - INFO - Checking sample SRS11672472...
2026-01-20 10:43:48,852 - INFO - Sample SRS11672472: Platforms: ILLUMINA
2026-01-20 10:43:48,853 - INFO - Checking sample SRS11672471...
2026-01-20 10:43:49,731 - INFO - Sample SRS11672471: Platforms: ILLUMINA
2026-01-20 10:43:49,732 - INFO - Checking sample SRS11672470...
2026-01-20 10:43:50,609 - INFO - Sample SRS11672470: Platforms: ILLUMINA
2026-01-20 10:43:50,610 - INFO - Checking sample SRS11672469...
2026-01-20 10:43:51,485 - INFO - Sample SRS11672469: Platforms: ILLUMINA
2026-01-20 10:43:51,485 - INFO - Checking sample SRS11672468...
2026-01-20 10:43:53,302 - INFO - Sample SRS11672468: Platforms: ILLUMINA
2026-01-20 10:43:53,302 - INFO - Checking sample SRS11672467...
2026-01-20 10:43:54,359 - INFO - Sample SRS11672467: Platforms: ILLUMINA
2026-01-20 10:43:54,360 - INFO - Checking sample SRS11672466...
2026-01-20 10:43:55,234 - INFO - Sample SRS11672466: Platforms: ILLUMINA
2026-01-20 10:43:55,234 - INFO - Checking sample SRS11672465...
2026-01-20 10:43:56,115 - INFO - Sample SRS11672465: Platforms: ILLUMINA
2026-01-20 10:43:56,115 - INFO - Checking sample SRS11672464...
2026-01-20 10:43:57,003 - INFO - Sample SRS11672464: Platforms: ILLUMINA
2026-01-20 10:43:57,003 - INFO - Checking sample SRS11672463...
2026-01-20 10:43:57,881 - INFO - Sample SRS11672463: Platforms: ILLUMINA
2026-01-20 10:43:57,881 - INFO - Checking sample SRS11672462...
2026-01-20 10:43:58,795 - INFO - Sample SRS11672462: Platforms: ILLUMINA
2026-01-20 10:43:58,795 - INFO - Checking sample SRS11672461...
2026-01-20 10:43:59,685 - INFO - Sample SRS11672461: Platforms: ILLUMINA
2026-01-20 10:43:59,685 - INFO - Checking sample SRS11672460...
2026-01-20 10:44:00,565 - INFO - Sample SRS11672460: Platforms: ILLUMINA
2026-01-20 10:44:00,565 - INFO - Checking sample SRS11672459...
2026-01-20 10:44:01,439 - INFO - Sample SRS11672459: Platforms: ILLUMINA
2026-01-20 10:44:01,439 - INFO - Checking sample SRS11672458...
2026-01-20 10:44:02,317 - INFO - Sample SRS11672458: Platforms: ILLUMINA
2026-01-20 10:44:02,317 - INFO - Checking sample SRS11672457...
2026-01-20 10:44:03,193 - INFO - Sample SRS11672457: Platforms: ILLUMINA
2026-01-20 10:44:03,193 - INFO - Checking sample SRS11672456...
2026-01-20 10:44:04,069 - INFO - Sample SRS11672456: Platforms: ILLUMINA
2026-01-20 10:44:04,069 - INFO - Checking sample SRS11672455...
2026-01-20 10:44:04,950 - INFO - Sample SRS11672455: Platforms: ILLUMINA
2026-01-20 10:44:04,950 - INFO - Checking sample SRS11672454...
2026-01-20 10:44:05,825 - INFO - Sample SRS11672454: Platforms: ILLUMINA
2026-01-20 10:44:05,826 - INFO - Checking sample SRS11672453...
2026-01-20 10:44:06,701 - INFO - Sample SRS11672453: Platforms: ILLUMINA
2026-01-20 10:44:06,702 - INFO - [SRA Search] Fetching batch starting at 200...
2026-01-20 10:44:08,307 - INFO - Checking sample SRS11672452...
2026-01-20 10:44:09,179 - INFO - Sample SRS11672452: Platforms: ILLUMINA
2026-01-20 10:44:09,179 - INFO - Checking sample SRS11672451...
2026-01-20 10:44:10,051 - INFO - Sample SRS11672451: Platforms: ILLUMINA
2026-01-20 10:44:10,051 - INFO - Checking sample SRS11672450...
2026-01-20 10:44:10,926 - INFO - Sample SRS11672450: Platforms: ILLUMINA
2026-01-20 10:44:10,926 - INFO - Checking sample SRS11672449...
2026-01-20 10:44:11,803 - INFO - Sample SRS11672449: Platforms: ILLUMINA
2026-01-20 10:44:11,803 - INFO - Checking sample SRS11672448...
2026-01-20 10:44:12,683 - INFO - Sample SRS11672448: Platforms: ILLUMINA
2026-01-20 10:44:12,683 - INFO - Checking sample SRS11672447...
2026-01-20 10:44:31,874 - INFO - Sample SRS11672447: Platforms: ILLUMINA
2026-01-20 10:44:31,874 - INFO - Checking sample SRS11672446...
2026-01-20 10:44:32,753 - INFO - Sample SRS11672446: Platforms: ILLUMINA
2026-01-20 10:44:32,753 - INFO - Checking sample SRS11672445...
2026-01-20 10:44:33,627 - INFO - Sample SRS11672445: Platforms: ILLUMINA
2026-01-20 10:44:33,627 - INFO - Checking sample SRS11672444...
2026-01-20 10:44:34,505 - INFO - Sample SRS11672444: Platforms: ILLUMINA
2026-01-20 10:44:34,505 - INFO - Checking sample SRS11672443...
2026-01-20 10:44:35,379 - INFO - Sample SRS11672443: Platforms: ILLUMINA
2026-01-20 10:44:35,379 - INFO - Checking sample SRS11672442...
2026-01-20 10:44:46,498 - INFO - Sample SRS11672442: Platforms: ILLUMINA
2026-01-20 10:44:46,498 - INFO - Checking sample SRS11672441...
2026-01-20 10:44:47,372 - INFO - Sample SRS11672441: Platforms: ILLUMINA
2026-01-20 10:44:47,372 - INFO - Checking sample SRS11672440...
2026-01-20 10:44:48,252 - INFO - Sample SRS11672440: Platforms: ILLUMINA
2026-01-20 10:44:48,252 - INFO - Checking sample SRS11672439...
2026-01-20 10:44:49,503 - INFO - Sample SRS11672439: Platforms: ILLUMINA
2026-01-20 10:44:49,503 - INFO - Checking sample SRS11672438...
2026-01-20 10:44:50,718 - INFO - Sample SRS11672438: Platforms: ILLUMINA
2026-01-20 10:44:50,718 - INFO - Checking sample SRS11672437...
2026-01-20 10:44:51,595 - INFO - Sample SRS11672437: Platforms: ILLUMINA
2026-01-20 10:44:51,595 - INFO - Checking sample SRS11672436...
2026-01-20 10:44:52,472 - INFO - Sample SRS11672436: Platforms: ILLUMINA
2026-01-20 10:44:52,472 - INFO - Checking sample SRS11672435...
2026-01-20 10:44:53,347 - INFO - Sample SRS11672435: Platforms: ILLUMINA
2026-01-20 10:44:53,348 - INFO - Checking sample SRS11672434...
2026-01-20 10:44:54,222 - INFO - Sample SRS11672434: Platforms: ILLUMINA
2026-01-20 10:44:54,222 - INFO - Checking sample SRS11672433...
2026-01-20 10:44:55,094 - INFO - Sample SRS11672433: Platforms: ILLUMINA
2026-01-20 10:44:55,094 - INFO - Checking sample SRS11672432...
2026-01-20 10:44:55,998 - INFO - Sample SRS11672432: Platforms: ILLUMINA
2026-01-20 10:44:55,998 - INFO - Checking sample SRS11672431...
2026-01-20 10:44:56,879 - INFO - Sample SRS11672431: Platforms: ILLUMINA
2026-01-20 10:44:56,879 - INFO - Checking sample SRS11672430...
2026-01-20 10:44:57,756 - INFO - Sample SRS11672430: Platforms: ILLUMINA
2026-01-20 10:44:57,756 - INFO - Checking sample SRS11672429...
2026-01-20 10:44:58,632 - INFO - Sample SRS11672429: Platforms: ILLUMINA
2026-01-20 10:44:58,633 - INFO - Checking sample SRS11672428...
2026-01-20 10:44:59,611 - INFO - Sample SRS11672428: Platforms: ILLUMINA
2026-01-20 10:44:59,612 - INFO - Checking sample SRS11672427...
2026-01-20 10:45:00,486 - INFO - Sample SRS11672427: Platforms: ILLUMINA
2026-01-20 10:45:00,486 - INFO - Checking sample SRS11672426...
2026-01-20 10:45:01,361 - INFO - Sample SRS11672426: Platforms: ILLUMINA
2026-01-20 10:45:01,361 - INFO - Checking sample SRS11672425...
2026-01-20 10:45:02,237 - INFO - Sample SRS11672425: Platforms: ILLUMINA
2026-01-20 10:45:02,238 - INFO - Checking sample SRS11672424...
2026-01-20 10:45:03,113 - INFO - Sample SRS11672424: Platforms: ILLUMINA
2026-01-20 10:45:03,113 - INFO - Checking sample SRS11672423...
2026-01-20 10:45:03,985 - INFO - Sample SRS11672423: Platforms: ILLUMINA
2026-01-20 10:45:03,985 - INFO - Checking sample SRS11672422...
2026-01-20 10:45:04,859 - INFO - Sample SRS11672422: Platforms: ILLUMINA
2026-01-20 10:45:04,859 - INFO - Checking sample SRS11672421...
2026-01-20 10:45:05,732 - INFO - Sample SRS11672421: Platforms: ILLUMINA
2026-01-20 10:45:05,732 - INFO - Checking sample SRS11672420...
2026-01-20 10:45:06,611 - INFO - Sample SRS11672420: Platforms: ILLUMINA
2026-01-20 10:45:06,611 - INFO - Checking sample SRS11672419...
2026-01-20 10:45:07,484 - INFO - Sample SRS11672419: Platforms: ILLUMINA
2026-01-20 10:45:07,484 - INFO - Checking sample SRS11672418...
2026-01-20 10:45:08,383 - INFO - Sample SRS11672418: Platforms: ILLUMINA
2026-01-20 10:45:08,383 - INFO - Checking sample SRS11672417...
2026-01-20 10:45:09,261 - INFO - Sample SRS11672417: Platforms: ILLUMINA
2026-01-20 10:45:09,261 - INFO - Checking sample SRS11672416...
2026-01-20 10:45:10,134 - INFO - Sample SRS11672416: Platforms: ILLUMINA
2026-01-20 10:45:10,135 - INFO - Checking sample SRS11672415...
2026-01-20 10:45:11,012 - INFO - Sample SRS11672415: Platforms: ILLUMINA
2026-01-20 10:45:11,012 - INFO - Checking sample SRS11672414...
2026-01-20 10:45:11,889 - INFO - Sample SRS11672414: Platforms: ILLUMINA
2026-01-20 10:45:11,889 - INFO - Checking sample SRS11672413...
2026-01-20 10:45:13,461 - INFO - Sample SRS11672413: Platforms: ILLUMINA
2026-01-20 10:45:13,462 - INFO - Checking sample SRS11672412...
2026-01-20 10:45:14,339 - INFO - Sample SRS11672412: Platforms: ILLUMINA
2026-01-20 10:45:14,339 - INFO - Checking sample SRS11672411...
2026-01-20 10:45:15,464 - INFO - Sample SRS11672411: Platforms: ILLUMINA
2026-01-20 10:45:15,464 - INFO - Checking sample SRS11672410...
2026-01-20 10:45:16,336 - INFO - Sample SRS11672410: Platforms: ILLUMINA
2026-01-20 10:45:16,336 - INFO - Checking sample SRS11672409...
2026-01-20 10:45:17,210 - INFO - Sample SRS11672409: Platforms: ILLUMINA
2026-01-20 10:45:17,210 - INFO - Checking sample SRS11672408...
2026-01-20 10:45:18,095 - INFO - Sample SRS11672408: Platforms: ILLUMINA
2026-01-20 10:45:18,095 - INFO - Checking sample SRS11672407...
2026-01-20 10:45:18,969 - INFO - Sample SRS11672407: Platforms: ILLUMINA
2026-01-20 10:45:18,969 - INFO - Checking sample SRS11672406...
2026-01-20 10:45:19,853 - INFO - Sample SRS11672406: Platforms: ILLUMINA
2026-01-20 10:45:19,854 - INFO - Checking sample SRS11672405...
2026-01-20 10:45:20,867 - INFO - Sample SRS11672405: Platforms: ILLUMINA
2026-01-20 10:45:20,868 - INFO - Checking sample SRS11672404...
2026-01-20 10:45:21,964 - INFO - Sample SRS11672404: Platforms: ILLUMINA
2026-01-20 10:45:21,964 - INFO - Checking sample SRS11672403...
2026-01-20 10:45:22,839 - INFO - Sample SRS11672403: Platforms: ILLUMINA
2026-01-20 10:45:22,839 - INFO - [SRA Search] Fetching batch starting at 250...
2026-01-20 10:45:24,442 - INFO - Checking sample SRS11672402...
2026-01-20 10:45:25,329 - INFO - Sample SRS11672402: Platforms: ILLUMINA
2026-01-20 10:45:25,329 - INFO - Checking sample SRS11672401...
2026-01-20 10:45:26,205 - INFO - Sample SRS11672401: Platforms: ILLUMINA
2026-01-20 10:45:26,205 - INFO - Checking sample SRS11672400...
2026-01-20 10:45:27,085 - INFO - Sample SRS11672400: Platforms: ILLUMINA
2026-01-20 10:45:27,085 - INFO - Checking sample SRS11672399...
2026-01-20 10:45:27,969 - INFO - Sample SRS11672399: Platforms: ILLUMINA
2026-01-20 10:45:27,969 - INFO - Checking sample SRS11672398...
2026-01-20 10:45:28,841 - INFO - Sample SRS11672398: Platforms: ILLUMINA
2026-01-20 10:45:28,842 - INFO - Checking sample SRS11672397...
2026-01-20 10:45:29,738 - INFO - Sample SRS11672397: Platforms: ILLUMINA
2026-01-20 10:45:29,739 - INFO - Checking sample SRS11672396...
2026-01-20 10:45:30,787 - INFO - Sample SRS11672396: Platforms: ILLUMINA
2026-01-20 10:45:30,787 - INFO - Checking sample SRS11672395...
2026-01-20 10:45:31,831 - INFO - Sample SRS11672395: Platforms: ILLUMINA
2026-01-20 10:45:31,831 - INFO - Checking sample SRS11672394...
2026-01-20 10:45:32,703 - INFO - Sample SRS11672394: Platforms: ILLUMINA
2026-01-20 10:45:32,703 - INFO - Checking sample SRS11672393...
2026-01-20 10:45:33,577 - INFO - Sample SRS11672393: Platforms: ILLUMINA
2026-01-20 10:45:33,577 - INFO - Checking sample SRS11672392...
2026-01-20 10:45:34,452 - INFO - Sample SRS11672392: Platforms: ILLUMINA
2026-01-20 10:45:34,452 - INFO - Checking sample SRS11672391...
2026-01-20 10:45:35,338 - INFO - Sample SRS11672391: Platforms: ILLUMINA
2026-01-20 10:45:35,338 - INFO - Checking sample SRS11672390...
