2026-01-20 11:05:21,246 - INFO - Filtering for hybrid samples (both Short and Long reads)...
2026-01-20 11:05:21,246 - INFO - [SRA Search] Query: metagenome[All Fields] AND ("gut"[Source] OR "gut"[All Fields]) AND "Homo sapiens"[Organism] AND (("ILLUMINA"[Platform] OR "BGISEQ"[Platform]) OR ("OXFORD_NANOPORE"[Platform] OR "PACBIO_SMRT"[Platform]))
2026-01-20 11:05:21,778 - INFO - [SRA] Found 30386 total results, retrieving first batch
2026-01-20 11:05:22,986 - INFO - Checking sample SRS27762034...
2026-01-20 11:05:23,945 - INFO - Sample SRS27762034: Platforms: ILLUMINA
2026-01-20 11:05:23,945 - INFO - Checking sample SRS27370549...
2026-01-20 11:05:24,865 - INFO - Sample SRS27370549: Platforms: ILLUMINA
2026-01-20 11:05:24,865 - INFO - Checking sample SRS27370548...
2026-01-20 11:05:25,742 - INFO - Sample SRS27370548: Platforms: ILLUMINA
2026-01-20 11:05:25,742 - INFO - Checking sample SRS27370547...
2026-01-20 11:05:26,618 - INFO - Sample SRS27370547: Platforms: ILLUMINA
2026-01-20 11:05:26,618 - INFO - Checking sample SRS27370546...
2026-01-20 11:05:27,515 - INFO - Sample SRS27370546: Platforms: ILLUMINA
2026-01-20 11:05:27,515 - INFO - Checking sample SRS27370545...
2026-01-20 11:05:28,392 - INFO - Sample SRS27370545: Platforms: ILLUMINA
2026-01-20 11:05:28,392 - INFO - Checking sample SRS27370544...
2026-01-20 11:05:29,306 - INFO - Sample SRS27370544: Platforms: ILLUMINA
2026-01-20 11:05:29,307 - INFO - Checking sample SRS27370543...
2026-01-20 11:05:30,196 - INFO - Sample SRS27370543: Platforms: ILLUMINA
2026-01-20 11:05:30,196 - INFO - Checking sample SRS27370541...
2026-01-20 11:05:31,074 - INFO - Sample SRS27370541: Platforms: ILLUMINA
2026-01-20 11:05:31,075 - INFO - Checking sample SRS27370542...
2026-01-20 11:05:31,956 - INFO - Sample SRS27370542: Platforms: ILLUMINA
2026-01-20 11:05:31,956 - INFO - Checking sample SRS27370540...
2026-01-20 11:05:33,491 - INFO - Sample SRS27370540: Platforms: ILLUMINA
2026-01-20 11:05:33,491 - INFO - Checking sample SRS27370539...
2026-01-20 11:05:34,367 - INFO - Sample SRS27370539: Platforms: ILLUMINA
2026-01-20 11:05:34,367 - INFO - Checking sample SRS27370538...
2026-01-20 11:05:35,244 - INFO - Sample SRS27370538: Platforms: ILLUMINA
2026-01-20 11:05:35,244 - INFO - Checking sample SRS27370537...
2026-01-20 11:05:36,119 - INFO - Sample SRS27370537: Platforms: ILLUMINA
2026-01-20 11:05:36,119 - INFO - Checking sample SRS27370536...
2026-01-20 11:05:36,995 - INFO - Sample SRS27370536: Platforms: ILLUMINA
2026-01-20 11:05:36,995 - INFO - Checking sample SRS27370535...
2026-01-20 11:05:37,938 - INFO - Sample SRS27370535: Platforms: ILLUMINA
2026-01-20 11:05:37,938 - INFO - Checking sample SRS27370534...
2026-01-20 11:05:38,818 - INFO - Sample SRS27370534: Platforms: ILLUMINA
2026-01-20 11:05:38,818 - INFO - Checking sample SRS27370533...
2026-01-20 11:05:39,693 - INFO - Sample SRS27370533: Platforms: ILLUMINA
2026-01-20 11:05:39,693 - INFO - Checking sample SRS27370532...
2026-01-20 11:05:40,566 - INFO - Sample SRS27370532: Platforms: ILLUMINA
2026-01-20 11:05:40,567 - INFO - Checking sample SRS27370531...
2026-01-20 11:05:41,479 - INFO - Sample SRS27370531: Platforms: ILLUMINA
2026-01-20 11:05:41,479 - INFO - Checking sample SRS27370530...
2026-01-20 11:05:42,357 - INFO - Sample SRS27370530: Platforms: ILLUMINA
2026-01-20 11:05:42,357 - INFO - Checking sample SRS27370529...
2026-01-20 11:05:43,236 - INFO - Sample SRS27370529: Platforms: ILLUMINA
2026-01-20 11:05:43,236 - INFO - Checking sample SRS27370528...
2026-01-20 11:05:44,110 - INFO - Sample SRS27370528: Platforms: ILLUMINA
2026-01-20 11:05:44,110 - INFO - Checking sample SRS27370527...
2026-01-20 11:05:44,988 - INFO - Sample SRS27370527: Platforms: ILLUMINA
2026-01-20 11:05:44,988 - INFO - Checking sample SRS27370526...
2026-01-20 11:05:45,867 - INFO - Sample SRS27370526: Platforms: ILLUMINA
2026-01-20 11:05:45,868 - INFO - [SRA Search] Fetching batch starting at 50...
2026-01-20 11:05:47,626 - INFO - Checking sample SRS27370525...
2026-01-20 11:05:48,510 - INFO - Sample SRS27370525: Platforms: ILLUMINA
2026-01-20 11:05:48,510 - INFO - Checking sample SRS27370523...
2026-01-20 11:05:49,396 - INFO - Sample SRS27370523: Platforms: ILLUMINA
2026-01-20 11:05:49,396 - INFO - Checking sample SRS27370524...
2026-01-20 11:05:50,278 - INFO - Sample SRS27370524: Platforms: ILLUMINA
2026-01-20 11:05:50,278 - INFO - Checking sample SRS27370522...
2026-01-20 11:05:51,155 - INFO - Sample SRS27370522: Platforms: ILLUMINA
2026-01-20 11:05:51,155 - INFO - Checking sample SRS27370521...
2026-01-20 11:05:52,097 - INFO - Sample SRS27370521: Platforms: ILLUMINA
2026-01-20 11:05:52,097 - INFO - Checking sample SRS27370519...
2026-01-20 11:05:52,973 - INFO - Sample SRS27370519: Platforms: ILLUMINA
2026-01-20 11:05:52,973 - INFO - Checking sample SRS27370520...
2026-01-20 11:05:53,850 - INFO - Sample SRS27370520: Platforms: ILLUMINA
2026-01-20 11:05:53,850 - INFO - Checking sample SRS27370518...
2026-01-20 11:05:54,729 - INFO - Sample SRS27370518: Platforms: ILLUMINA
2026-01-20 11:05:54,729 - INFO - Checking sample SRS27370517...
2026-01-20 11:05:55,679 - INFO - Sample SRS27370517: Platforms: ILLUMINA
2026-01-20 11:05:55,679 - INFO - Checking sample SRS27370516...
2026-01-20 11:05:56,556 - INFO - Sample SRS27370516: Platforms: ILLUMINA
2026-01-20 11:05:56,556 - INFO - Checking sample SRS27370515...
2026-01-20 11:05:57,434 - INFO - Sample SRS27370515: Platforms: ILLUMINA
2026-01-20 11:05:57,434 - INFO - Checking sample SRS27370513...
2026-01-20 11:05:58,310 - INFO - Sample SRS27370513: Platforms: ILLUMINA
2026-01-20 11:05:58,310 - INFO - Checking sample SRS27370514...
2026-01-20 11:05:59,189 - INFO - Sample SRS27370514: Platforms: ILLUMINA
2026-01-20 11:05:59,189 - INFO - Checking sample SRS27370512...
2026-01-20 11:06:00,074 - INFO - Sample SRS27370512: Platforms: ILLUMINA
2026-01-20 11:06:00,074 - INFO - Checking sample SRS27370511...
2026-01-20 11:06:06,066 - INFO - Sample SRS27370511: Platforms: ILLUMINA
2026-01-20 11:06:06,066 - INFO - Checking sample SRS27370510...
2026-01-20 11:06:06,942 - INFO - Sample SRS27370510: Platforms: ILLUMINA
2026-01-20 11:06:06,942 - INFO - Checking sample SRS27370509...
2026-01-20 11:06:07,843 - INFO - Sample SRS27370509: Platforms: ILLUMINA
2026-01-20 11:06:07,843 - INFO - Checking sample SRS27370508...
2026-01-20 11:06:08,730 - INFO - Sample SRS27370508: Platforms: ILLUMINA
2026-01-20 11:06:08,731 - INFO - Checking sample SRS27370507...
2026-01-20 11:06:09,605 - INFO - Sample SRS27370507: Platforms: ILLUMINA
2026-01-20 11:06:09,605 - INFO - Checking sample SRS27370506...
2026-01-20 11:06:10,492 - INFO - Sample SRS27370506: Platforms: ILLUMINA
2026-01-20 11:06:10,492 - INFO - Checking sample SRS27370505...
2026-01-20 11:06:11,581 - INFO - Sample SRS27370505: Platforms: ILLUMINA
2026-01-20 11:06:11,581 - INFO - Checking sample SRS27370504...
2026-01-20 11:06:30,765 - INFO - Sample SRS27370504: Platforms: ILLUMINA
2026-01-20 11:06:30,765 - INFO - Checking sample SRS27370503...
2026-01-20 11:06:32,652 - INFO - Sample SRS27370503: Platforms: ILLUMINA
2026-01-20 11:06:32,652 - INFO - Checking sample SRS27370502...
2026-01-20 11:06:33,528 - INFO - Sample SRS27370502: Platforms: ILLUMINA
2026-01-20 11:06:33,529 - INFO - Checking sample SRS27370501...
2026-01-20 11:07:18,354 - INFO - Sample SRS27370501: Platforms: ILLUMINA
2026-01-20 11:07:18,354 - INFO - Checking sample SRS27370500...
2026-01-20 11:07:19,290 - INFO - Sample SRS27370500: Platforms: ILLUMINA
2026-01-20 11:07:19,290 - INFO - Checking sample SRS27370499...
2026-01-20 11:07:50,102 - ERROR - URL Error: [Errno 101] Network is unreachable
2026-01-20 11:07:50,102 - INFO - Sample SRS27370499: Platforms:
2026-01-20 11:07:50,103 - INFO - Checking sample SRS27370498...
2026-01-20 11:07:50,980 - INFO - Sample SRS27370498: Platforms: ILLUMINA
2026-01-20 11:07:50,980 - INFO - Checking sample SRS27370497...
2026-01-20 11:07:51,858 - INFO - Sample SRS27370497: Platforms: ILLUMINA
2026-01-20 11:07:51,858 - INFO - Checking sample SRS27370496...
2026-01-20 11:07:52,752 - INFO - Sample SRS27370496: Platforms: ILLUMINA
2026-01-20 11:07:52,753 - INFO - Checking sample SRS27370495...
2026-01-20 11:07:53,638 - INFO - Sample SRS27370495: Platforms: ILLUMINA
2026-01-20 11:07:53,638 - INFO - Checking sample SRS27370494...
2026-01-20 11:07:54,522 - INFO - Sample SRS27370494: Platforms: ILLUMINA
2026-01-20 11:07:54,522 - INFO - Checking sample SRS27370493...
2026-01-20 11:07:55,454 - INFO - Sample SRS27370493: Platforms: ILLUMINA
2026-01-20 11:07:55,454 - INFO - Checking sample SRS27370492...
2026-01-20 11:07:56,336 - INFO - Sample SRS27370492: Platforms: ILLUMINA
2026-01-20 11:07:56,337 - INFO - Checking sample SRS27370491...
2026-01-20 11:07:57,248 - INFO - Sample SRS27370491: Platforms: ILLUMINA
2026-01-20 11:07:57,248 - INFO - Checking sample SRS27370490...
2026-01-20 11:07:58,134 - INFO - Sample SRS27370490: Platforms: ILLUMINA
2026-01-20 11:07:58,134 - INFO - Checking sample SRS27370489...
2026-01-20 11:07:59,028 - INFO - Sample SRS27370489: Platforms: ILLUMINA
2026-01-20 11:07:59,028 - INFO - Checking sample SRS27370488...
2026-01-20 11:07:59,906 - INFO - Sample SRS27370488: Platforms: ILLUMINA
2026-01-20 11:07:59,906 - INFO - Checking sample SRS27370487...
2026-01-20 11:08:00,786 - INFO - Sample SRS27370487: Platforms: ILLUMINA
2026-01-20 11:08:00,786 - INFO - Checking sample SRS27370485...
2026-01-20 11:08:01,671 - INFO - Sample SRS27370485: Platforms: ILLUMINA
2026-01-20 11:08:01,671 - INFO - Checking sample SRS27370486...
2026-01-20 11:08:02,553 - INFO - Sample SRS27370486: Platforms: ILLUMINA
2026-01-20 11:08:02,553 - INFO - Checking sample SRS27370484...
2026-01-20 11:08:03,438 - INFO - Sample SRS27370484: Platforms: ILLUMINA
2026-01-20 11:08:03,438 - INFO - Checking sample SRS27370483...
2026-01-20 11:08:04,375 - INFO - Sample SRS27370483: Platforms: ILLUMINA
2026-01-20 11:08:04,376 - INFO - Checking sample SRS27370482...
2026-01-20 11:08:05,267 - INFO - Sample SRS27370482: Platforms: ILLUMINA
2026-01-20 11:08:05,267 - INFO - Checking sample SRS27370481...
2026-01-20 11:08:06,144 - INFO - Sample SRS27370481: Platforms: ILLUMINA
2026-01-20 11:08:06,144 - INFO - Checking sample SRS27370480...
2026-01-20 11:08:07,019 - INFO - Sample SRS27370480: Platforms: ILLUMINA
2026-01-20 11:08:07,019 - INFO - Checking sample SRS27370479...
2026-01-20 11:08:07,904 - INFO - Sample SRS27370479: Platforms: ILLUMINA
2026-01-20 11:08:07,904 - INFO - Checking sample SRS27370478...
2026-01-20 11:08:08,779 - INFO - Sample SRS27370478: Platforms: ILLUMINA
2026-01-20 11:08:08,779 - INFO - Checking sample SRS27370477...
2026-01-20 11:08:09,658 - INFO - Sample SRS27370477: Platforms: ILLUMINA
2026-01-20 11:08:09,658 - INFO - Checking sample SRS27370476...
2026-01-20 11:08:10,537 - INFO - Sample SRS27370476: Platforms: ILLUMINA
2026-01-20 11:08:10,537 - INFO - [SRA Search] Fetching batch starting at 100...
2026-01-20 11:08:12,194 - INFO - Checking sample SRS27370475...
2026-01-20 11:08:13,074 - INFO - Sample SRS27370475: Platforms: ILLUMINA
2026-01-20 11:08:13,074 - INFO - Checking sample SRS27370474...
2026-01-20 11:08:13,948 - INFO - Sample SRS27370474: Platforms: ILLUMINA
2026-01-20 11:08:13,948 - INFO - Checking sample SRS27370473...
2026-01-20 11:08:14,824 - INFO - Sample SRS27370473: Platforms: ILLUMINA
2026-01-20 11:08:14,824 - INFO - Checking sample SRS27370472...
2026-01-20 11:08:15,707 - INFO - Sample SRS27370472: Platforms: ILLUMINA
2026-01-20 11:08:15,707 - INFO - Checking sample SRS27370471...
2026-01-20 11:08:16,591 - INFO - Sample SRS27370471: Platforms: ILLUMINA
2026-01-20 11:08:16,591 - INFO - Checking sample SRS27370470...
2026-01-20 11:08:17,483 - INFO - Sample SRS27370470: Platforms: ILLUMINA
2026-01-20 11:08:17,484 - INFO - Checking sample SRS27370469...
2026-01-20 11:08:18,359 - INFO - Sample SRS27370469: Platforms: ILLUMINA
2026-01-20 11:08:18,359 - INFO - Checking sample SRS27370468...
2026-01-20 11:08:19,236 - INFO - Sample SRS27370468: Platforms: ILLUMINA
2026-01-20 11:08:19,236 - INFO - Checking sample SRS27370467...
2026-01-20 11:08:25,233 - INFO - Sample SRS27370467: Platforms: ILLUMINA
2026-01-20 11:08:25,233 - INFO - Checking sample SRS27370466...
2026-01-20 11:08:26,112 - INFO - Sample SRS27370466: Platforms: ILLUMINA
2026-01-20 11:08:26,112 - INFO - Checking sample SRS27370465...
2026-01-20 11:08:27,002 - INFO - Sample SRS27370465: Platforms: ILLUMINA
2026-01-20 11:08:27,002 - INFO - Checking sample SRS27370464...
2026-01-20 11:08:27,875 - INFO - Sample SRS27370464: Platforms: ILLUMINA
2026-01-20 11:08:27,875 - INFO - Checking sample SRS27370463...
2026-01-20 11:08:28,751 - INFO - Sample SRS27370463: Platforms: ILLUMINA
2026-01-20 11:08:28,752 - INFO - Checking sample SRS27370462...
2026-01-20 11:08:29,630 - INFO - Sample SRS27370462: Platforms: ILLUMINA
2026-01-20 11:08:29,630 - INFO - Checking sample SRS27370461...
2026-01-20 11:08:30,519 - INFO - Sample SRS27370461: Platforms: ILLUMINA
2026-01-20 11:08:30,519 - INFO - Checking sample SRS27370460...
2026-01-20 11:08:31,400 - INFO - Sample SRS27370460: Platforms: ILLUMINA
2026-01-20 11:08:31,400 - INFO - Checking sample SRS27370459...
2026-01-20 11:08:32,293 - INFO - Sample SRS27370459: Platforms: ILLUMINA
2026-01-20 11:08:32,293 - INFO - Checking sample SRS27370458...
2026-01-20 11:08:33,191 - INFO - Sample SRS27370458: Platforms: ILLUMINA
2026-01-20 11:08:33,191 - INFO - Checking sample SRS27370457...
2026-01-20 11:09:03,988 - ERROR - URL Error: [Errno 101] Network is unreachable
2026-01-20 11:09:03,988 - INFO - Sample SRS27370457: Platforms:
2026-01-20 11:09:03,988 - INFO - Checking sample SRS27370456...
2026-01-20 11:09:04,870 - INFO - Sample SRS27370456: Platforms: ILLUMINA
2026-01-20 11:09:04,870 - INFO - Checking sample SRS27370455...
2026-01-20 11:09:05,746 - INFO - Sample SRS27370455: Platforms: ILLUMINA
2026-01-20 11:09:05,746 - INFO - Checking sample SRS27370454...
2026-01-20 11:09:06,652 - INFO - Sample SRS27370454: Platforms: ILLUMINA
2026-01-20 11:09:06,653 - INFO - Checking sample SRS27370453...
2026-01-20 11:09:07,530 - INFO - Sample SRS27370453: Platforms: ILLUMINA
2026-01-20 11:09:07,530 - INFO - Checking sample SRS27370452...
2026-01-20 11:09:08,407 - INFO - Sample SRS27370452: Platforms: ILLUMINA
2026-01-20 11:09:08,407 - INFO - Checking sample SRS27370451...
2026-01-20 11:09:09,285 - INFO - Sample SRS27370451: Platforms: ILLUMINA
2026-01-20 11:09:09,285 - INFO - Checking sample SRS27370450...
2026-01-20 11:09:10,191 - INFO - Sample SRS27370450: Platforms: ILLUMINA
2026-01-20 11:09:10,192 - INFO - Checking sample SRS27370449...
2026-01-20 11:09:11,071 - INFO - Sample SRS27370449: Platforms: ILLUMINA
2026-01-20 11:09:11,071 - INFO - Checking sample SRS27370448...
2026-01-20 11:09:15,123 - INFO - Sample SRS27370448: Platforms: ILLUMINA
2026-01-20 11:09:15,123 - INFO - Checking sample SRS27370447...
2026-01-20 11:09:15,999 - INFO - Sample SRS27370447: Platforms: ILLUMINA
2026-01-20 11:09:15,999 - INFO - Checking sample SRS27370446...
2026-01-20 11:09:16,884 - INFO - Sample SRS27370446: Platforms: ILLUMINA
2026-01-20 11:09:16,884 - INFO - Checking sample SRS27370445...
2026-01-20 11:09:17,795 - INFO - Sample SRS27370445: Platforms: ILLUMINA
2026-01-20 11:09:17,795 - INFO - Checking sample SRS27370444...
2026-01-20 11:09:18,683 - INFO - Sample SRS27370444: Platforms: ILLUMINA
2026-01-20 11:09:18,684 - INFO - Checking sample SRS27370443...
2026-01-20 11:09:19,575 - INFO - Sample SRS27370443: Platforms: ILLUMINA
2026-01-20 11:09:19,575 - INFO - Checking sample SRS27370442...
2026-01-20 11:09:20,453 - INFO - Sample SRS27370442: Platforms: ILLUMINA
2026-01-20 11:09:20,453 - INFO - Checking sample SRS26221815...
2026-01-20 11:09:21,410 - INFO - Sample SRS26221815: Platforms: ILLUMINA
2026-01-20 11:09:21,410 - INFO - Checking sample SRS26221814...
2026-01-20 11:09:22,323 - INFO - Sample SRS26221814: Platforms: ILLUMINA
2026-01-20 11:09:22,324 - INFO - Checking sample SRS26221813...
2026-01-20 11:09:23,201 - INFO - Sample SRS26221813: Platforms: ILLUMINA
2026-01-20 11:09:23,201 - INFO - Checking sample SRS26221812...
2026-01-20 11:09:24,090 - INFO - Sample SRS26221812: Platforms: ILLUMINA
2026-01-20 11:09:24,090 - INFO - Checking sample SRS26221811...
2026-01-20 11:09:24,976 - INFO - Sample SRS26221811: Platforms: ILLUMINA
2026-01-20 11:09:24,976 - INFO - Checking sample SRS26221810...
2026-01-20 11:09:25,853 - INFO - Sample SRS26221810: Platforms: ILLUMINA
2026-01-20 11:09:25,853 - INFO - Checking sample SRS26221809...
2026-01-20 11:09:26,730 - INFO - Sample SRS26221809: Platforms: ILLUMINA
2026-01-20 11:09:26,730 - INFO - Checking sample SRS26221808...
2026-01-20 11:09:27,864 - INFO - Sample SRS26221808: Platforms: ILLUMINA
2026-01-20 11:09:27,864 - INFO - Checking sample SRS26221807...
2026-01-20 11:09:28,749 - INFO - Sample SRS26221807: Platforms: ILLUMINA
2026-01-20 11:09:28,749 - INFO - Checking sample SRS26221806...
2026-01-20 11:09:29,626 - INFO - Sample SRS26221806: Platforms: ILLUMINA
2026-01-20 11:09:29,626 - INFO - Checking sample SRS26221805...
2026-01-20 11:09:30,528 - INFO - Sample SRS26221805: Platforms: ILLUMINA
2026-01-20 11:09:30,529 - INFO - Checking sample SRS26221803...
2026-01-20 11:09:31,404 - INFO - Sample SRS26221803: Platforms: ILLUMINA
2026-01-20 11:09:31,404 - INFO - Checking sample SRS26221804...
2026-01-20 11:09:32,326 - INFO - Sample SRS26221804: Platforms: ILLUMINA
2026-01-20 11:09:32,326 - INFO - Checking sample SRS26221802...
2026-01-20 11:09:33,277 - INFO - Sample SRS26221802: Platforms: ILLUMINA
2026-01-20 11:09:33,278 - INFO - Checking sample SRS26221801...
2026-01-20 11:09:34,229 - INFO - Sample SRS26221801: Platforms: ILLUMINA
2026-01-20 11:09:34,229 - INFO - Checking sample SRS26221800...
2026-01-20 11:09:35,107 - INFO - Sample SRS26221800: Platforms: ILLUMINA
2026-01-20 11:09:35,107 - INFO - [SRA Search] Fetching batch starting at 150...
2026-01-20 11:09:36,781 - INFO - Checking sample SRS26221799...
2026-01-20 11:09:37,661 - INFO - Sample SRS26221799: Platforms: ILLUMINA
2026-01-20 11:09:37,661 - INFO - Checking sample SRS26221798...
2026-01-20 11:09:38,538 - INFO - Sample SRS26221798: Platforms: ILLUMINA
2026-01-20 11:09:38,538 - INFO - Checking sample SRS26221797...
2026-01-20 11:09:39,414 - INFO - Sample SRS26221797: Platforms: ILLUMINA
2026-01-20 11:09:39,414 - INFO - Checking sample SRS26221796...
2026-01-20 11:09:40,287 - INFO - Sample SRS26221796: Platforms: ILLUMINA
2026-01-20 11:09:40,287 - INFO - Checking sample SRS26221795...
2026-01-20 11:09:41,163 - INFO - Sample SRS26221795: Platforms: ILLUMINA
2026-01-20 11:09:41,163 - INFO - Checking sample SRS26221794...
2026-01-20 11:09:42,043 - INFO - Sample SRS26221794: Platforms: ILLUMINA
2026-01-20 11:09:42,043 - INFO - Checking sample SRS26221793...
2026-01-20 11:09:42,919 - INFO - Sample SRS26221793: Platforms: ILLUMINA
2026-01-20 11:09:42,919 - INFO - Checking sample SRS26221792...
2026-01-20 11:09:43,810 - INFO - Sample SRS26221792: Platforms: ILLUMINA
2026-01-20 11:09:43,810 - INFO - Checking sample SRS26221791...
2026-01-20 11:09:44,705 - INFO - Sample SRS26221791: Platforms: ILLUMINA
2026-01-20 11:09:44,705 - INFO - Checking sample SRS26221790...
2026-01-20 11:09:45,582 - INFO - Sample SRS26221790: Platforms: ILLUMINA
2026-01-20 11:09:45,582 - INFO - Checking sample SRS26221789...
2026-01-20 11:09:46,456 - INFO - Sample SRS26221789: Platforms: ILLUMINA
2026-01-20 11:09:46,456 - INFO - Checking sample SRS26221788...
2026-01-20 11:09:47,336 - INFO - Sample SRS26221788: Platforms: ILLUMINA
2026-01-20 11:09:47,336 - INFO - Checking sample SRS26221787...
2026-01-20 11:09:48,216 - INFO - Sample SRS26221787: Platforms: ILLUMINA
2026-01-20 11:09:48,216 - INFO - Checking sample SRS26221786...
2026-01-20 11:09:49,091 - INFO - Sample SRS26221786: Platforms: ILLUMINA
2026-01-20 11:09:49,091 - INFO - Checking sample SRS26221785...
2026-01-20 11:09:49,969 - INFO - Sample SRS26221785: Platforms: ILLUMINA
2026-01-20 11:09:49,969 - INFO - Checking sample SRS26221784...
2026-01-20 11:09:50,855 - INFO - Sample SRS26221784: Platforms: ILLUMINA
2026-01-20 11:09:50,855 - INFO - Checking sample SRS26221783...
2026-01-20 11:09:51,742 - INFO - Sample SRS26221783: Platforms: ILLUMINA
2026-01-20 11:09:51,742 - INFO - Checking sample SRS26221782...
2026-01-20 11:09:52,621 - INFO - Sample SRS26221782: Platforms: ILLUMINA
2026-01-20 11:09:52,621 - INFO - Checking sample SRS26221781...
2026-01-20 11:09:53,497 - INFO - Sample SRS26221781: Platforms: ILLUMINA
2026-01-20 11:09:53,497 - INFO - Checking sample SRS26221780...
2026-01-20 11:09:54,374 - INFO - Sample SRS26221780: Platforms: ILLUMINA
2026-01-20 11:09:54,374 - INFO - Checking sample SRS26221779...
2026-01-20 11:09:55,257 - INFO - Sample SRS26221779: Platforms: ILLUMINA
2026-01-20 11:09:55,257 - INFO - Checking sample SRS26221778...
2026-01-20 11:09:56,131 - INFO - Sample SRS26221778: Platforms: ILLUMINA
2026-01-20 11:09:56,131 - INFO - Checking sample SRS26221777...
2026-01-20 11:09:57,013 - INFO - Sample SRS26221777: Platforms: ILLUMINA
2026-01-20 11:09:57,013 - INFO - Checking sample SRS26221776...
2026-01-20 11:09:57,895 - INFO - Sample SRS26221776: Platforms: ILLUMINA
2026-01-20 11:09:57,895 - INFO - Checking sample SRS26221775...
2026-01-20 11:09:58,770 - INFO - Sample SRS26221775: Platforms: ILLUMINA
2026-01-20 11:09:58,770 - INFO - Checking sample SRS26221774...
2026-01-20 11:09:59,746 - INFO - Sample SRS26221774: Platforms: ILLUMINA
2026-01-20 11:09:59,747 - INFO - Checking sample SRS26221773...
2026-01-20 11:10:00,630 - INFO - Sample SRS26221773: Platforms: ILLUMINA
2026-01-20 11:10:00,630 - INFO - Checking sample SRS26221772...
2026-01-20 11:10:01,509 - INFO - Sample SRS26221772: Platforms: ILLUMINA
2026-01-20 11:10:01,509 - INFO - Checking sample SRS26221771...
2026-01-20 11:10:02,408 - INFO - Sample SRS26221771: Platforms: ILLUMINA
2026-01-20 11:10:02,409 - INFO - Checking sample SRS26221770...
2026-01-20 11:10:03,304 - INFO - Sample SRS26221770: Platforms: ILLUMINA
2026-01-20 11:10:03,304 - INFO - Checking sample SRS26221769...
2026-01-20 11:10:04,263 - INFO - Sample SRS26221769: Platforms: ILLUMINA
2026-01-20 11:10:04,263 - INFO - Checking sample SRS26221768...
2026-01-20 11:10:05,373 - INFO - Sample SRS26221768: Platforms: ILLUMINA
2026-01-20 11:10:05,373 - INFO - Checking sample SRS26221767...
2026-01-20 11:10:06,250 - INFO - Sample SRS26221767: Platforms: ILLUMINA
2026-01-20 11:10:06,251 - INFO - Checking sample SRS26221766...
2026-01-20 11:10:07,131 - INFO - Sample SRS26221766: Platforms: ILLUMINA
2026-01-20 11:10:07,132 - INFO - Checking sample SRS26221765...
2026-01-20 11:10:08,007 - INFO - Sample SRS26221765: Platforms: ILLUMINA
2026-01-20 11:10:08,007 - INFO - Checking sample SRS26221764...
2026-01-20 11:10:08,892 - INFO - Sample SRS26221764: Platforms: ILLUMINA
2026-01-20 11:10:08,892 - INFO - Checking sample SRS26221763...
2026-01-20 11:10:09,765 - INFO - Sample SRS26221763: Platforms: ILLUMINA
2026-01-20 11:10:09,765 - INFO - Checking sample SRS26221762...
2026-01-20 11:10:10,645 - INFO - Sample SRS26221762: Platforms: ILLUMINA
2026-01-20 11:10:10,645 - INFO - Checking sample SRS26221761...
2026-01-20 11:10:11,521 - INFO - Sample SRS26221761: Platforms: ILLUMINA
2026-01-20 11:10:11,521 - INFO - Checking sample SRS26221760...
2026-01-20 11:10:12,398 - INFO - Sample SRS26221760: Platforms: ILLUMINA
2026-01-20 11:10:12,398 - INFO - Checking sample SRS26221759...
2026-01-20 11:10:13,286 - INFO - Sample SRS26221759: Platforms: ILLUMINA
2026-01-20 11:10:13,286 - INFO - Checking sample SRS26221758...
2026-01-20 11:10:14,182 - INFO - Sample SRS26221758: Platforms: ILLUMINA
2026-01-20 11:10:14,182 - INFO - Checking sample SRS26221757...
2026-01-20 11:10:15,060 - INFO - Sample SRS26221757: Platforms: ILLUMINA
2026-01-20 11:10:15,060 - INFO - Checking sample SRS26221756...
2026-01-20 11:10:15,933 - INFO - Sample SRS26221756: Platforms: ILLUMINA
2026-01-20 11:10:15,934 - INFO - Checking sample SRS26221755...
2026-01-20 11:10:16,810 - INFO - Sample SRS26221755: Platforms: ILLUMINA
2026-01-20 11:10:16,811 - INFO - Checking sample SRS26221754...
2026-01-20 11:10:17,694 - INFO - Sample SRS26221754: Platforms: ILLUMINA
2026-01-20 11:10:17,694 - INFO - Checking sample SRS26221753...
2026-01-20 11:10:18,596 - INFO - Sample SRS26221753: Platforms: ILLUMINA
2026-01-20 11:10:18,596 - INFO - Checking sample SRS26221752...
2026-01-20 11:10:19,481 - INFO - Sample SRS26221752: Platforms: ILLUMINA
2026-01-20 11:10:19,481 - INFO - Checking sample SRS26221751...
2026-01-20 11:10:20,356 - INFO - Sample SRS26221751: Platforms: ILLUMINA
2026-01-20 11:10:20,357 - INFO - Checking sample SRS26221750...
2026-01-20 11:10:21,270 - INFO - Sample SRS26221750: Platforms: ILLUMINA
2026-01-20 11:10:21,271 - INFO - [SRA Search] Fetching batch starting at 200...
2026-01-20 11:10:22,960 - INFO - Checking sample SRS26221749...
2026-01-20 11:10:23,835 - INFO - Sample SRS26221749: Platforms: ILLUMINA
2026-01-20 11:10:23,835 - INFO - Checking sample SRS26221748...
2026-01-20 11:10:24,878 - INFO - Sample SRS26221748: Platforms: ILLUMINA
2026-01-20 11:10:24,878 - INFO - Checking sample SRS26221747...
2026-01-20 11:10:25,752 - INFO - Sample SRS26221747: Platforms: ILLUMINA
2026-01-20 11:10:25,752 - INFO - Checking sample SRS26221746...
2026-01-20 11:10:26,628 - INFO - Sample SRS26221746: Platforms: ILLUMINA
2026-01-20 11:10:26,628 - INFO - Checking sample ERS25168069...
2026-01-20 11:10:27,573 - INFO - Sample ERS25168069: Platforms: ILLUMINA
2026-01-20 11:10:27,573 - INFO - Checking sample ERS25168038...
2026-01-20 11:10:28,515 - INFO - Sample ERS25168038: Platforms: ILLUMINA
2026-01-20 11:10:28,515 - INFO - Checking sample ERS25168043...
2026-01-20 11:10:39,760 - INFO - Sample ERS25168043: Platforms: ILLUMINA
2026-01-20 11:10:39,760 - INFO - Checking sample ERS25168058...
2026-01-20 11:10:40,664 - INFO - Sample ERS25168058: Platforms: ILLUMINA
2026-01-20 11:10:40,664 - INFO - Checking sample ERS25168072...
2026-01-20 11:10:41,561 - INFO - Sample ERS25168072: Platforms: ILLUMINA
2026-01-20 11:10:41,561 - INFO - Checking sample ERS25168066...
2026-01-20 11:10:42,455 - INFO - Sample ERS25168066: Platforms: ILLUMINA
2026-01-20 11:10:42,455 - INFO - Checking sample ERS25168022...
2026-01-20 11:10:43,389 - INFO - Sample ERS25168022: Platforms: ILLUMINA
2026-01-20 11:10:43,389 - INFO - Checking sample ERS25168016...
2026-01-20 11:10:44,528 - INFO - Sample ERS25168016: Platforms: ILLUMINA
2026-01-20 11:10:44,528 - INFO - Checking sample ERS25168042...
2026-01-20 11:10:45,402 - INFO - Sample ERS25168042: Platforms: ILLUMINA
2026-01-20 11:10:45,403 - INFO - Checking sample ERS25168028...
2026-01-20 11:10:46,317 - INFO - Sample ERS25168028: Platforms: ILLUMINA
2026-01-20 11:10:46,317 - INFO - Checking sample ERS25168040...
2026-01-20 11:10:47,192 - INFO - Sample ERS25168040: Platforms: ILLUMINA
2026-01-20 11:10:47,192 - INFO - Checking sample ERS25168059...
2026-01-20 11:10:48,067 - INFO - Sample ERS25168059: Platforms: ILLUMINA
2026-01-20 11:10:48,067 - INFO - Checking sample ERS25168031...
2026-01-20 11:10:48,947 - INFO - Sample ERS25168031: Platforms: ILLUMINA
2026-01-20 11:10:48,947 - INFO - Checking sample ERS25168045...
2026-01-20 11:10:49,863 - INFO - Sample ERS25168045: Platforms: ILLUMINA
2026-01-20 11:10:49,863 - INFO - Checking sample ERS25168015...
2026-01-20 11:10:50,746 - INFO - Sample ERS25168015: Platforms: ILLUMINA
2026-01-20 11:10:50,746 - INFO - Checking sample ERS25168051...
2026-01-20 11:10:51,628 - INFO - Sample ERS25168051: Platforms: ILLUMINA
2026-01-20 11:10:51,628 - INFO - Checking sample ERS25168074...
2026-01-20 11:10:52,504 - INFO - Sample ERS25168074: Platforms: ILLUMINA
2026-01-20 11:10:52,504 - INFO - Checking sample ERS25168061...
2026-01-20 11:10:53,395 - INFO - Sample ERS25168061: Platforms: ILLUMINA
2026-01-20 11:10:53,395 - INFO - Checking sample ERS25168067...
2026-01-20 11:10:54,275 - INFO - Sample ERS25168067: Platforms: ILLUMINA
2026-01-20 11:10:54,275 - INFO - Checking sample ERS25168055...
2026-01-20 11:10:55,159 - INFO - Sample ERS25168055: Platforms: ILLUMINA
2026-01-20 11:10:55,159 - INFO - Checking sample ERS25168056...
2026-01-20 11:10:56,035 - INFO - Sample ERS25168056: Platforms: ILLUMINA
2026-01-20 11:10:56,036 - INFO - Checking sample ERS25168025...
2026-01-20 11:10:56,914 - INFO - Sample ERS25168025: Platforms: ILLUMINA
2026-01-20 11:10:56,914 - INFO - Checking sample ERS25168014...
2026-01-20 11:10:57,788 - INFO - Sample ERS25168014: Platforms: ILLUMINA
2026-01-20 11:10:57,788 - INFO - Checking sample ERS25168052...
2026-01-20 11:10:58,664 - INFO - Sample ERS25168052: Platforms: ILLUMINA
2026-01-20 11:10:58,664 - INFO - Checking sample ERS25168049...
2026-01-20 11:10:59,578 - INFO - Sample ERS25168049: Platforms: ILLUMINA
2026-01-20 11:10:59,578 - INFO - Checking sample ERS25168034...
2026-01-20 11:11:00,456 - INFO - Sample ERS25168034: Platforms: ILLUMINA
2026-01-20 11:11:00,456 - INFO - Checking sample ERS25168073...
2026-01-20 11:11:01,334 - INFO - Sample ERS25168073: Platforms: ILLUMINA
2026-01-20 11:11:01,335 - INFO - Checking sample ERS25168023...
2026-01-20 11:11:02,215 - INFO - Sample ERS25168023: Platforms: ILLUMINA
2026-01-20 11:11:02,215 - INFO - Checking sample ERS25168065...
2026-01-20 11:11:03,105 - INFO - Sample ERS25168065: Platforms: ILLUMINA
2026-01-20 11:11:03,105 - INFO - Checking sample ERS25168063...
2026-01-20 11:11:03,986 - INFO - Sample ERS25168063: Platforms: ILLUMINA
2026-01-20 11:11:03,986 - INFO - Checking sample ERS25168064...
2026-01-20 11:11:05,056 - INFO - Sample ERS25168064: Platforms: ILLUMINA
2026-01-20 11:11:05,056 - INFO - Checking sample ERS25168057...
2026-01-20 11:11:06,448 - INFO - Sample ERS25168057: Platforms: ILLUMINA
2026-01-20 11:11:06,448 - INFO - Checking sample ERS25168026...
2026-01-20 11:11:07,341 - INFO - Sample ERS25168026: Platforms: ILLUMINA
2026-01-20 11:11:07,341 - INFO - Checking sample ERS25168039...
2026-01-20 11:11:37,714 - ERROR - URL Error: [Errno 101] Network is unreachable
2026-01-20 11:11:37,714 - INFO - Sample ERS25168039: Platforms:
2026-01-20 11:11:37,714 - INFO - Checking sample ERS25168046...
2026-01-20 11:11:38,609 - INFO - Sample ERS25168046: Platforms: ILLUMINA
2026-01-20 11:11:38,609 - INFO - Checking sample ERS25168071...
2026-01-20 11:11:39,482 - INFO - Sample ERS25168071: Platforms: ILLUMINA
2026-01-20 11:11:39,482 - INFO - Checking sample ERS25168027...
2026-01-20 11:11:40,365 - INFO - Sample ERS25168027: Platforms: ILLUMINA
2026-01-20 11:11:40,365 - INFO - Checking sample ERS25168033...
2026-01-20 11:11:49,459 - INFO - Sample ERS25168033: Platforms: ILLUMINA
2026-01-20 11:11:49,460 - INFO - Checking sample ERS25168047...
2026-01-20 11:11:50,442 - INFO - Sample ERS25168047: Platforms: ILLUMINA
2026-01-20 11:11:50,442 - INFO - Checking sample ERS25168021...
2026-01-20 11:11:51,810 - INFO - Sample ERS25168021: Platforms: ILLUMINA
2026-01-20 11:11:51,811 - INFO - Checking sample ERS25168048...
2026-01-20 11:11:52,689 - INFO - Sample ERS25168048: Platforms: ILLUMINA
2026-01-20 11:11:52,689 - INFO - Checking sample ERS25168035...
2026-01-20 11:11:53,570 - INFO - Sample ERS25168035: Platforms: ILLUMINA
2026-01-20 11:11:53,570 - INFO - Checking sample ERS25168024...
2026-01-20 11:11:54,448 - INFO - Sample ERS25168024: Platforms: ILLUMINA
2026-01-20 11:11:54,449 - INFO - Checking sample ERS25168062...
2026-01-20 11:11:55,339 - INFO - Sample ERS25168062: Platforms: ILLUMINA
2026-01-20 11:11:55,339 - INFO - Checking sample ERS25168044...
2026-01-20 11:11:56,223 - INFO - Sample ERS25168044: Platforms: ILLUMINA
2026-01-20 11:11:56,223 - INFO - Checking sample ERS25168060...
2026-01-20 11:11:57,105 - INFO - Sample ERS25168060: Platforms: ILLUMINA
2026-01-20 11:11:57,106 - INFO - [SRA Search] Fetching batch starting at 250...
2026-01-20 11:13:44,523 - INFO - Filtering for hybrid samples (both Short and Long reads)...
2026-01-20 11:13:44,524 - INFO - [SRA Search] Query: metagenome[All Fields] AND ("gut"[Source] OR "gut"[All Fields]) AND "Homo sapiens"[Organism] AND (("OXFORD_NANOPORE"[Platform] OR "PACBIO_SMRT"[Platform]))
2026-01-20 11:13:45,070 - INFO - [SRA] Found 3 total results, retrieving first batch
2026-01-20 11:13:45,619 - INFO - Checking sample ERS3718956...
2026-01-20 11:13:46,666 - INFO - Sample ERS3718956: Platforms: OXFORD_NANOPORE
2026-01-20 11:13:46,667 - INFO - Checking sample ERS3718955...
2026-01-20 11:13:47,650 - INFO - Sample ERS3718955: Platforms: OXFORD_NANOPORE
2026-01-20 11:13:47,650 - INFO - Checking sample ERS3718954...
2026-01-20 11:13:48,533 - INFO - Sample ERS3718954: Platforms: OXFORD_NANOPORE
2026-01-20 11:13:48,533 - INFO - Found 0 hybrid samples after checking 3 candidates.
2026-01-20 11:13:48,533 - INFO - Results saved to output.json
