2026-01-20 12:16:15,245 - INFO - Filtering for hybrid samples (both Short and Long reads)...
2026-01-20 12:16:15,246 - INFO - [SRA Search] Query: ("gut"[Source] OR "gut"[All Fields]) AND "Homo sapiens"[Organism] AND (("OXFORD_NANOPORE"[Platform] OR "PACBIO_SMRT"[Platform]))
2026-01-20 12:16:15,850 - INFO - [SRA] Found 530 total results, retrieving first batch
2026-01-20 12:16:17,014 - INFO - Checking sample ERS27784410...
2026-01-20 12:16:18,564 - INFO - Sample ERS27784410: Platforms: OXFORD_NANOPORE
2026-01-20 12:16:18,564 - INFO - Checking sample ERS27784412...
2026-01-20 12:16:19,589 - INFO - Sample ERS27784412: Platforms: OXFORD_NANOPORE
2026-01-20 12:16:19,589 - INFO - Checking sample ERS27784413...
2026-01-20 12:16:20,562 - INFO - Sample ERS27784413: Platforms: OXFORD_NANOPORE
2026-01-20 12:16:20,562 - INFO - Checking sample ERS27784416...
2026-01-20 12:16:21,616 - INFO - Sample ERS27784416: Platforms: OXFORD_NANOPORE
2026-01-20 12:16:21,616 - INFO - Checking sample ERS27784415...
2026-01-20 12:16:22,597 - INFO - Sample ERS27784415: Platforms: OXFORD_NANOPORE
2026-01-20 12:16:22,597 - INFO - Checking sample ERS27784414...
2026-01-20 12:16:23,539 - INFO - Sample ERS27784414: Platforms: OXFORD_NANOPORE
2026-01-20 12:16:23,539 - INFO - Checking sample SRS25981567...
2026-01-20 12:16:24,528 - INFO - Sample SRS25981567: Platforms: PACBIO_SMRT
2026-01-20 12:16:24,528 - INFO - Checking sample SRS25981566...
2026-01-20 12:16:25,453 - INFO - Sample SRS25981566: Platforms: PACBIO_SMRT
2026-01-20 12:16:25,453 - INFO - Checking sample SRS25981565...
2026-01-20 12:16:26,331 - INFO - Sample SRS25981565: Platforms: PACBIO_SMRT
2026-01-20 12:16:26,331 - INFO - Checking sample SRS25981564...
2026-01-20 12:16:27,205 - INFO - Sample SRS25981564: Platforms: PACBIO_SMRT
2026-01-20 12:16:27,205 - INFO - Checking sample SRS25981563...
2026-01-20 12:16:28,106 - INFO - Sample SRS25981563: Platforms: PACBIO_SMRT
2026-01-20 12:16:28,106 - INFO - Checking sample SRS25981562...
2026-01-20 12:16:29,000 - INFO - Sample SRS25981562: Platforms: PACBIO_SMRT
2026-01-20 12:16:29,000 - INFO - Checking sample SRS25981561...
2026-01-20 12:16:29,879 - INFO - Sample SRS25981561: Platforms: PACBIO_SMRT
2026-01-20 12:16:29,879 - INFO - Checking sample SRS25981560...
2026-01-20 12:16:30,758 - INFO - Sample SRS25981560: Platforms: PACBIO_SMRT
2026-01-20 12:16:30,759 - INFO - Checking sample SRS25981559...
2026-01-20 12:16:31,636 - INFO - Sample SRS25981559: Platforms: PACBIO_SMRT
2026-01-20 12:16:31,636 - INFO - Checking sample SRS25981558...
2026-01-20 12:17:02,009 - ERROR - URL Error: [Errno 101] Network is unreachable
2026-01-20 12:17:02,009 - INFO - Sample SRS25981558: Platforms:
2026-01-20 12:17:02,009 - INFO - Checking sample SRS25981557...
2026-01-20 12:17:06,181 - INFO - Sample SRS25981557: Platforms: PACBIO_SMRT
2026-01-20 12:17:06,182 - INFO - Checking sample SRS25981556...
2026-01-20 12:17:12,840 - INFO - Sample SRS25981556: Platforms: PACBIO_SMRT
2026-01-20 12:17:12,840 - INFO - Checking sample SRS25981555...
2026-01-20 12:17:14,990 - INFO - Sample SRS25981555: Platforms: PACBIO_SMRT
2026-01-20 12:17:14,991 - INFO - Checking sample SRS25981554...
2026-01-20 12:17:19,716 - INFO - Sample SRS25981554: Platforms: PACBIO_SMRT
2026-01-20 12:17:19,716 - INFO - Checking sample SRS25981553...
2026-01-20 12:17:20,735 - INFO - Sample SRS25981553: Platforms: PACBIO_SMRT
2026-01-20 12:17:20,735 - INFO - Checking sample SRS25981552...
2026-01-20 12:17:32,046 - INFO - Sample SRS25981552: Platforms: PACBIO_SMRT
2026-01-20 12:17:32,046 - INFO - Checking sample SRS25981551...
2026-01-20 12:17:32,929 - INFO - Sample SRS25981551: Platforms: PACBIO_SMRT
2026-01-20 12:17:32,929 - INFO - Checking sample SRS25981550...
2026-01-20 12:17:33,818 - INFO - Sample SRS25981550: Platforms: PACBIO_SMRT
2026-01-20 12:17:33,818 - INFO - Checking sample SRS25981549...
2026-01-20 12:17:34,695 - INFO - Sample SRS25981549: Platforms: PACBIO_SMRT
2026-01-20 12:17:34,696 - INFO - Checking sample SRS25981548...
2026-01-20 12:17:35,614 - INFO - Sample SRS25981548: Platforms: PACBIO_SMRT
2026-01-20 12:17:35,615 - INFO - Checking sample SRS25981547...
2026-01-20 12:17:36,496 - INFO - Sample SRS25981547: Platforms: PACBIO_SMRT
2026-01-20 12:17:36,496 - INFO - Checking sample SRS25981546...
2026-01-20 12:17:39,454 - INFO - Sample SRS25981546: Platforms: PACBIO_SMRT
2026-01-20 12:17:39,454 - INFO - Checking sample SRS25981545...
2026-01-20 12:17:40,342 - INFO - Sample SRS25981545: Platforms: PACBIO_SMRT
2026-01-20 12:17:40,342 - INFO - Checking sample SRS25981544...
2026-01-20 12:17:41,220 - INFO - Sample SRS25981544: Platforms: PACBIO_SMRT
2026-01-20 12:17:41,220 - INFO - Checking sample SRS25981543...
2026-01-20 12:17:42,103 - INFO - Sample SRS25981543: Platforms: PACBIO_SMRT
2026-01-20 12:17:42,103 - INFO - Checking sample SRS25981542...
2026-01-20 12:17:43,009 - INFO - Sample SRS25981542: Platforms: PACBIO_SMRT
2026-01-20 12:17:43,009 - INFO - Checking sample SRS25981541...
2026-01-20 12:18:13,382 - ERROR - URL Error: [Errno 101] Network is unreachable
2026-01-20 12:18:13,382 - INFO - Sample SRS25981541: Platforms:
2026-01-20 12:18:13,382 - INFO - Checking sample SRS25981540...
2026-01-20 12:18:16,350 - INFO - Sample SRS25981540: Platforms: PACBIO_SMRT
2026-01-20 12:18:16,350 - INFO - Checking sample SRS25981539...
2026-01-20 12:18:17,228 - INFO - Sample SRS25981539: Platforms: PACBIO_SMRT
2026-01-20 12:18:17,229 - INFO - Checking sample SRS25981538...
2026-01-20 12:18:18,107 - INFO - Sample SRS25981538: Platforms: PACBIO_SMRT
2026-01-20 12:18:18,107 - INFO - Checking sample SRS25981537...
2026-01-20 12:18:18,986 - INFO - Sample SRS25981537: Platforms: PACBIO_SMRT
2026-01-20 12:18:18,987 - INFO - Checking sample SRS25981536...
2026-01-20 12:18:20,922 - INFO - Sample SRS25981536: Platforms: PACBIO_SMRT
2026-01-20 12:18:20,922 - INFO - Checking sample SRS25981535...
2026-01-20 12:18:21,804 - INFO - Sample SRS25981535: Platforms: PACBIO_SMRT
2026-01-20 12:18:21,805 - INFO - Checking sample SRS25981534...
2026-01-20 12:18:52,178 - ERROR - URL Error: [Errno 101] Network is unreachable
2026-01-20 12:18:52,178 - INFO - Sample SRS25981534: Platforms:
2026-01-20 12:18:52,178 - INFO - Checking sample SRS25981533...
2026-01-20 12:18:53,063 - INFO - Sample SRS25981533: Platforms: PACBIO_SMRT
2026-01-20 12:18:53,063 - INFO - Checking sample SRS25981532...
2026-01-20 12:18:53,944 - INFO - Sample SRS25981532: Platforms: PACBIO_SMRT
2026-01-20 12:18:53,944 - INFO - Checking sample ERS23807891...
2026-01-20 12:18:55,528 - INFO - Sample ERS23807891: Platforms: PACBIO_SMRT
2026-01-20 12:18:55,528 - INFO - Checking sample ERS23807896...
2026-01-20 12:18:56,510 - INFO - Sample ERS23807896: Platforms: PACBIO_SMRT
2026-01-20 12:18:56,511 - INFO - Checking sample ERS23807933...
2026-01-20 12:18:57,393 - INFO - Sample ERS23807933: Platforms: PACBIO_SMRT
2026-01-20 12:18:57,394 - INFO - Checking sample ERS23807905...
2026-01-20 12:18:58,276 - INFO - Sample ERS23807905: Platforms: PACBIO_SMRT
2026-01-20 12:18:58,276 - INFO - Checking sample ERS23807906...
2026-01-20 12:18:59,153 - INFO - Sample ERS23807906: Platforms: PACBIO_SMRT
2026-01-20 12:18:59,153 - INFO - Checking sample ERS23807919...
2026-01-20 12:19:00,030 - INFO - Sample ERS23807919: Platforms: PACBIO_SMRT
2026-01-20 12:19:00,030 - INFO - Checking sample ERS23807926...
2026-01-20 12:19:00,911 - INFO - Sample ERS23807926: Platforms: PACBIO_SMRT
2026-01-20 12:19:00,911 - INFO - Checking sample ERS23807886...
2026-01-20 12:19:01,790 - INFO - Sample ERS23807886: Platforms: PACBIO_SMRT
2026-01-20 12:19:01,790 - INFO - [SRA Search] Fetching batch starting at 50...
2026-01-20 12:19:03,388 - INFO - Checking sample ERS23807881...
2026-01-20 12:19:04,267 - INFO - Sample ERS23807881: Platforms: PACBIO_SMRT
2026-01-20 12:19:04,267 - INFO - Checking sample ERS23807920...
2026-01-20 12:19:05,143 - INFO - Sample ERS23807920: Platforms: PACBIO_SMRT
2026-01-20 12:19:05,143 - INFO - Checking sample ERS23807903...
2026-01-20 12:19:06,020 - INFO - Sample ERS23807903: Platforms: PACBIO_SMRT
2026-01-20 12:19:06,020 - INFO - Checking sample ERS23807875...
2026-01-20 12:19:06,898 - INFO - Sample ERS23807875: Platforms: PACBIO_SMRT
2026-01-20 12:19:06,898 - INFO - Checking sample ERS23807940...
2026-01-20 12:19:07,792 - INFO - Sample ERS23807940: Platforms: PACBIO_SMRT
2026-01-20 12:19:07,792 - INFO - Checking sample ERS23807879...
2026-01-20 12:19:08,671 - INFO - Sample ERS23807879: Platforms: PACBIO_SMRT
2026-01-20 12:19:08,671 - INFO - Checking sample ERS23807876...
2026-01-20 12:19:09,566 - INFO - Sample ERS23807876: Platforms: PACBIO_SMRT
2026-01-20 12:19:09,566 - INFO - Checking sample ERS23807941...
2026-01-20 12:19:12,469 - INFO - Sample ERS23807941: Platforms: PACBIO_SMRT
2026-01-20 12:19:12,469 - INFO - Checking sample ERS23807895...
2026-01-20 12:19:13,391 - INFO - Sample ERS23807895: Platforms: PACBIO_SMRT
2026-01-20 12:19:13,391 - INFO - Checking sample ERS23807931...
2026-01-20 12:19:14,273 - INFO - Sample ERS23807931: Platforms: PACBIO_SMRT
2026-01-20 12:19:14,273 - INFO - Checking sample ERS23807900...
2026-01-20 12:19:15,150 - INFO - Sample ERS23807900: Platforms: PACBIO_SMRT
2026-01-20 12:19:15,150 - INFO - Checking sample ERS23807925...
2026-01-20 12:19:16,061 - INFO - Sample ERS23807925: Platforms: PACBIO_SMRT
2026-01-20 12:19:16,061 - INFO - Checking sample ERS23807908...
2026-01-20 12:19:16,939 - INFO - Sample ERS23807908: Platforms: PACBIO_SMRT
2026-01-20 12:19:16,939 - INFO - Checking sample ERS23807914...
2026-01-20 12:19:17,813 - INFO - Sample ERS23807914: Platforms: PACBIO_SMRT
2026-01-20 12:19:17,813 - INFO - Checking sample ERS23807944...
2026-01-20 12:19:18,721 - INFO - Sample ERS23807944: Platforms: PACBIO_SMRT
2026-01-20 12:19:18,721 - INFO - Checking sample ERS23807923...
2026-01-20 12:19:19,611 - INFO - Sample ERS23807923: Platforms: PACBIO_SMRT
2026-01-20 12:19:19,611 - INFO - Checking sample ERS23807897...
2026-01-20 12:19:20,493 - INFO - Sample ERS23807897: Platforms: PACBIO_SMRT
2026-01-20 12:19:20,493 - INFO - Checking sample ERS23807890...
2026-01-20 12:19:21,372 - INFO - Sample ERS23807890: Platforms: PACBIO_SMRT
2026-01-20 12:19:21,373 - INFO - Checking sample ERS23807871...
2026-01-20 12:19:22,255 - INFO - Sample ERS23807871: Platforms: PACBIO_SMRT
2026-01-20 12:19:22,256 - INFO - Checking sample ERS23807918...
2026-01-20 12:19:23,148 - INFO - Sample ERS23807918: Platforms: PACBIO_SMRT
2026-01-20 12:19:23,148 - INFO - Checking sample ERS23807894...
2026-01-20 12:19:24,037 - INFO - Sample ERS23807894: Platforms: PACBIO_SMRT
2026-01-20 12:19:24,038 - INFO - Checking sample ERS23807929...
2026-01-20 12:19:24,965 - INFO - Sample ERS23807929: Platforms: PACBIO_SMRT
2026-01-20 12:19:24,965 - INFO - Checking sample ERS23807932...
2026-01-20 12:19:25,873 - INFO - Sample ERS23807932: Platforms: PACBIO_SMRT
2026-01-20 12:19:25,873 - INFO - Checking sample ERS23807907...
2026-01-20 12:19:26,768 - INFO - Sample ERS23807907: Platforms: PACBIO_SMRT
2026-01-20 12:19:26,768 - INFO - Checking sample ERS23807878...
2026-01-20 12:19:27,647 - INFO - Sample ERS23807878: Platforms: PACBIO_SMRT
2026-01-20 12:19:27,648 - INFO - Checking sample ERS23807869...
2026-01-20 12:19:28,528 - INFO - Sample ERS23807869: Platforms: PACBIO_SMRT
2026-01-20 12:19:28,528 - INFO - Checking sample ERS23807927...
2026-01-20 12:19:30,694 - INFO - Sample ERS23807927: Platforms: PACBIO_SMRT
2026-01-20 12:19:30,694 - INFO - Checking sample ERS23807887...
2026-01-20 12:19:31,663 - INFO - Sample ERS23807887: Platforms: PACBIO_SMRT
2026-01-20 12:19:31,663 - INFO - Checking sample ERS23807924...
2026-01-20 12:19:32,667 - INFO - Sample ERS23807924: Platforms: PACBIO_SMRT
2026-01-20 12:19:32,667 - INFO - Checking sample ERS23807930...
2026-01-20 12:19:33,544 - INFO - Sample ERS23807930: Platforms: PACBIO_SMRT
2026-01-20 12:19:33,544 - INFO - Checking sample ERS23807917...
2026-01-20 12:19:34,416 - INFO - Sample ERS23807917: Platforms: PACBIO_SMRT
2026-01-20 12:19:34,417 - INFO - Checking sample ERS23807877...
2026-01-20 12:19:35,293 - INFO - Sample ERS23807877: Platforms: PACBIO_SMRT
2026-01-20 12:19:35,293 - INFO - Checking sample ERS23807911...
2026-01-20 12:19:36,177 - INFO - Sample ERS23807911: Platforms: PACBIO_SMRT
2026-01-20 12:19:36,177 - INFO - Checking sample ERS23807880...
2026-01-20 12:19:37,052 - INFO - Sample ERS23807880: Platforms: PACBIO_SMRT
2026-01-20 12:19:37,052 - INFO - Checking sample ERS23807892...
2026-01-20 12:19:37,931 - INFO - Sample ERS23807892: Platforms: PACBIO_SMRT
2026-01-20 12:19:37,932 - INFO - Checking sample ERS23807945...
2026-01-20 12:19:38,882 - INFO - Sample ERS23807945: Platforms: PACBIO_SMRT
2026-01-20 12:19:38,882 - INFO - Checking sample ERS23807922...
2026-01-20 12:20:09,255 - ERROR - URL Error: [Errno 101] Network is unreachable
2026-01-20 12:20:09,255 - INFO - Sample ERS23807922: Platforms:
2026-01-20 12:20:09,255 - INFO - Checking sample ERS23807915...
2026-01-20 12:20:10,138 - INFO - Sample ERS23807915: Platforms: PACBIO_SMRT
2026-01-20 12:20:10,138 - INFO - Checking sample ERS23807888...
2026-01-20 12:20:30,742 - INFO - Sample ERS23807888: Platforms: PACBIO_SMRT
2026-01-20 12:20:30,742 - INFO - Checking sample ERS23807928...
2026-01-20 12:20:31,618 - INFO - Sample ERS23807928: Platforms: PACBIO_SMRT
2026-01-20 12:20:31,618 - INFO - Checking sample ERS23807885...
2026-01-20 12:20:32,499 - INFO - Sample ERS23807885: Platforms: PACBIO_SMRT
2026-01-20 12:20:32,499 - INFO - Checking sample ERS23807870...
2026-01-20 12:20:33,384 - INFO - Sample ERS23807870: Platforms: PACBIO_SMRT
2026-01-20 12:20:33,384 - INFO - Checking sample ERS23807942...
2026-01-20 12:20:34,260 - INFO - Sample ERS23807942: Platforms: PACBIO_SMRT
2026-01-20 12:20:34,261 - INFO - Checking sample ERS23807938...
2026-01-20 12:20:35,139 - INFO - Sample ERS23807938: Platforms: PACBIO_SMRT
2026-01-20 12:20:35,139 - INFO - Checking sample ERS23807884...
2026-01-20 12:20:36,067 - INFO - Sample ERS23807884: Platforms: PACBIO_SMRT
2026-01-20 12:20:36,067 - INFO - Checking sample ERS23807872...
2026-01-20 12:20:36,947 - INFO - Sample ERS23807872: Platforms: PACBIO_SMRT
2026-01-20 12:20:36,947 - INFO - Checking sample ERS23807902...
2026-01-20 12:20:38,448 - INFO - Sample ERS23807902: Platforms: PACBIO_SMRT
2026-01-20 12:20:38,448 - INFO - Checking sample ERS23807937...
2026-01-20 12:20:39,324 - INFO - Sample ERS23807937: Platforms: PACBIO_SMRT
2026-01-20 12:20:39,325 - INFO - Checking sample ERS23807874...
2026-01-20 12:20:40,200 - INFO - Sample ERS23807874: Platforms: PACBIO_SMRT
2026-01-20 12:20:40,201 - INFO - Checking sample ERS23807899...
2026-01-20 12:20:41,081 - INFO - Sample ERS23807899: Platforms: PACBIO_SMRT
2026-01-20 12:20:41,081 - INFO - [SRA Search] Fetching batch starting at 100...
2026-01-20 12:20:42,718 - INFO - Checking sample ERS23807910...
2026-01-20 12:20:43,597 - INFO - Sample ERS23807910: Platforms: PACBIO_SMRT
2026-01-20 12:20:43,598 - INFO - Checking sample ERS23807916...
2026-01-20 12:20:44,474 - INFO - Sample ERS23807916: Platforms: PACBIO_SMRT
2026-01-20 12:20:44,474 - INFO - Checking sample ERS23807901...
2026-01-20 12:20:45,347 - INFO - Sample ERS23807901: Platforms: PACBIO_SMRT
2026-01-20 12:20:45,347 - INFO - Checking sample ERS23807935...
2026-01-20 12:20:46,258 - INFO - Sample ERS23807935: Platforms: PACBIO_SMRT
2026-01-20 12:20:46,258 - INFO - Checking sample ERS23807904...
2026-01-20 12:21:05,720 - INFO - Sample ERS23807904: Platforms: PACBIO_SMRT
2026-01-20 12:21:05,720 - INFO - Checking sample ERS23807934...
2026-01-20 12:21:06,606 - INFO - Sample ERS23807934: Platforms: PACBIO_SMRT
2026-01-20 12:21:06,606 - INFO - Checking sample ERS23807883...
2026-01-20 12:21:07,486 - INFO - Sample ERS23807883: Platforms: PACBIO_SMRT
2026-01-20 12:21:07,486 - INFO - Checking sample ERS23807913...
2026-01-20 12:21:08,362 - INFO - Sample ERS23807913: Platforms: PACBIO_SMRT
2026-01-20 12:21:08,362 - INFO - Checking sample ERS23807939...
2026-01-20 12:21:09,248 - INFO - Sample ERS23807939: Platforms: PACBIO_SMRT
2026-01-20 12:21:09,248 - INFO - Checking sample ERS23807893...
2026-01-20 12:21:10,124 - INFO - Sample ERS23807893: Platforms: PACBIO_SMRT
2026-01-20 12:21:10,124 - INFO - Checking sample ERS23807912...
2026-01-20 12:21:11,005 - INFO - Sample ERS23807912: Platforms: PACBIO_SMRT
2026-01-20 12:21:11,005 - INFO - Checking sample ERS23807921...
2026-01-20 12:21:11,886 - INFO - Sample ERS23807921: Platforms: PACBIO_SMRT
2026-01-20 12:21:11,886 - INFO - Checking sample ERS23807909...
2026-01-20 12:21:12,771 - INFO - Sample ERS23807909: Platforms: PACBIO_SMRT
2026-01-20 12:21:12,771 - INFO - Checking sample ERS23807943...
2026-01-20 12:21:13,654 - INFO - Sample ERS23807943: Platforms: PACBIO_SMRT
2026-01-20 12:21:13,654 - INFO - Checking sample ERS23807898...
2026-01-20 12:21:20,016 - INFO - Sample ERS23807898: Platforms: PACBIO_SMRT
2026-01-20 12:21:20,016 - INFO - Checking sample ERS23807873...
2026-01-20 12:21:20,891 - INFO - Sample ERS23807873: Platforms: PACBIO_SMRT
2026-01-20 12:21:20,891 - INFO - Checking sample ERS23807889...
2026-01-20 12:21:21,765 - INFO - Sample ERS23807889: Platforms: PACBIO_SMRT
2026-01-20 12:21:21,765 - INFO - Checking sample ERS23807882...
2026-01-20 12:21:22,647 - INFO - Sample ERS23807882: Platforms: PACBIO_SMRT
2026-01-20 12:21:22,648 - INFO - Checking sample ERS23807936...
2026-01-20 12:21:23,529 - INFO - Sample ERS23807936: Platforms: PACBIO_SMRT
2026-01-20 12:21:23,529 - INFO - Checking sample SRS22586615...
2026-01-20 12:21:24,740 - INFO - Sample SRS22586615: Platforms: PACBIO_SMRT
2026-01-20 12:21:24,740 - INFO - Checking sample SRS22586614...
2026-01-20 12:21:25,710 - INFO - Sample SRS22586614: Platforms: PACBIO_SMRT
2026-01-20 12:21:25,710 - INFO - Checking sample SRS22586613...
2026-01-20 12:21:27,003 - INFO - Sample SRS22586613: Platforms: PACBIO_SMRT
2026-01-20 12:21:27,003 - INFO - Checking sample SRS22586612...
2026-01-20 12:21:27,885 - INFO - Sample SRS22586612: Platforms: PACBIO_SMRT
2026-01-20 12:21:27,886 - INFO - Checking sample SRS22586610...
2026-01-20 12:21:28,765 - INFO - Sample SRS22586610: Platforms: PACBIO_SMRT
2026-01-20 12:21:28,765 - INFO - Checking sample SRS22586611...
2026-01-20 12:21:29,653 - INFO - Sample SRS22586611: Platforms: PACBIO_SMRT
2026-01-20 12:21:29,653 - INFO - Checking sample SRS22586609...
2026-01-20 12:21:30,535 - INFO - Sample SRS22586609: Platforms: PACBIO_SMRT
2026-01-20 12:21:30,535 - INFO - Checking sample SRS22586608...
2026-01-20 12:21:31,424 - INFO - Sample SRS22586608: Platforms: PACBIO_SMRT
2026-01-20 12:21:31,424 - INFO - Checking sample SRS22586607...
2026-01-20 12:21:32,303 - INFO - Sample SRS22586607: Platforms: PACBIO_SMRT
2026-01-20 12:21:32,303 - INFO - Checking sample SRS22586606...
2026-01-20 12:21:33,186 - INFO - Sample SRS22586606: Platforms: PACBIO_SMRT
2026-01-20 12:21:33,186 - INFO - Checking sample SRS22586605...
2026-01-20 12:21:34,068 - INFO - Sample SRS22586605: Platforms: PACBIO_SMRT
2026-01-20 12:21:34,068 - INFO - Checking sample SRS22586604...
2026-01-20 12:21:34,949 - INFO - Sample SRS22586604: Platforms: PACBIO_SMRT
2026-01-20 12:21:34,949 - INFO - Checking sample SRS22586603...
2026-01-20 12:21:35,831 - INFO - Sample SRS22586603: Platforms: PACBIO_SMRT
2026-01-20 12:21:35,831 - INFO - Checking sample SRS22586602...
2026-01-20 12:21:36,716 - INFO - Sample SRS22586602: Platforms: PACBIO_SMRT
2026-01-20 12:21:36,716 - INFO - Checking sample SRS22586601...
2026-01-20 12:21:37,619 - INFO - Sample SRS22586601: Platforms: PACBIO_SMRT
2026-01-20 12:21:37,620 - INFO - Checking sample SRS22586600...
2026-01-20 12:21:38,928 - INFO - Sample SRS22586600: Platforms: PACBIO_SMRT
2026-01-20 12:21:38,928 - INFO - Checking sample SRS22586599...
2026-01-20 12:21:39,911 - INFO - Sample SRS22586599: Platforms: PACBIO_SMRT
2026-01-20 12:21:39,911 - INFO - Checking sample SRS22586598...
2026-01-20 12:21:40,786 - INFO - Sample SRS22586598: Platforms: PACBIO_SMRT
2026-01-20 12:21:40,786 - INFO - Checking sample SRS22586597...
2026-01-20 12:21:41,665 - INFO - Sample SRS22586597: Platforms: PACBIO_SMRT
2026-01-20 12:21:41,665 - INFO - Checking sample SRS22586596...
2026-01-20 12:21:42,761 - INFO - Sample SRS22586596: Platforms: PACBIO_SMRT
2026-01-20 12:21:42,761 - INFO - Checking sample SRS22586595...
2026-01-20 12:21:43,637 - INFO - Sample SRS22586595: Platforms: PACBIO_SMRT
2026-01-20 12:21:43,637 - INFO - Checking sample SRS22586594...
2026-01-20 12:21:44,536 - INFO - Sample SRS22586594: Platforms: PACBIO_SMRT
2026-01-20 12:21:44,536 - INFO - Checking sample SRS22586593...
2026-01-20 12:21:45,429 - INFO - Sample SRS22586593: Platforms: PACBIO_SMRT
2026-01-20 12:21:45,429 - INFO - Checking sample SRS22586592...
2026-01-20 12:21:46,304 - INFO - Sample SRS22586592: Platforms: PACBIO_SMRT
2026-01-20 12:21:46,305 - INFO - Checking sample SRS22586591...
2026-01-20 12:21:47,182 - INFO - Sample SRS22586591: Platforms: PACBIO_SMRT
2026-01-20 12:21:47,183 - INFO - Checking sample SRS22586589...
2026-01-20 12:21:48,055 - INFO - Sample SRS22586589: Platforms: PACBIO_SMRT
2026-01-20 12:21:48,055 - INFO - Checking sample SRS22586590...
2026-01-20 12:21:48,930 - INFO - Sample SRS22586590: Platforms: PACBIO_SMRT
2026-01-20 12:21:48,930 - INFO - Checking sample SRS22586588...
2026-01-20 12:21:49,814 - INFO - Sample SRS22586588: Platforms: PACBIO_SMRT
2026-01-20 12:21:49,814 - INFO - Checking sample SRS22586587...
2026-01-20 12:21:50,693 - INFO - Sample SRS22586587: Platforms: PACBIO_SMRT
2026-01-20 12:21:50,693 - INFO - Checking sample SRS22586586...
2026-01-20 12:21:51,576 - INFO - Sample SRS22586586: Platforms: PACBIO_SMRT
2026-01-20 12:21:51,576 - INFO - Checking sample SRS22586585...
2026-01-20 12:21:52,634 - INFO - Sample SRS22586585: Platforms: PACBIO_SMRT
2026-01-20 12:21:52,634 - INFO - [SRA Search] Fetching batch starting at 150...
2026-01-20 12:21:54,283 - INFO - Checking sample SRS22586584...
2026-01-20 12:21:55,210 - INFO - Sample SRS22586584: Platforms: PACBIO_SMRT
2026-01-20 12:21:55,210 - INFO - Checking sample SRS22586583...
2026-01-20 12:21:56,094 - INFO - Sample SRS22586583: Platforms: PACBIO_SMRT
2026-01-20 12:21:56,094 - INFO - Checking sample SRS22586582...
2026-01-20 12:21:56,979 - INFO - Sample SRS22586582: Platforms: PACBIO_SMRT
2026-01-20 12:21:56,979 - INFO - Checking sample SRS22586581...
2026-01-20 12:21:57,862 - INFO - Sample SRS22586581: Platforms: PACBIO_SMRT
2026-01-20 12:21:57,862 - INFO - Checking sample SRS22586580...
2026-01-20 12:21:58,745 - INFO - Sample SRS22586580: Platforms: PACBIO_SMRT
2026-01-20 12:21:58,745 - INFO - Checking sample SRS22586579...
2026-01-20 12:21:59,619 - INFO - Sample SRS22586579: Platforms: PACBIO_SMRT
2026-01-20 12:21:59,619 - INFO - Checking sample SRS22586578...
2026-01-20 12:22:00,493 - INFO - Sample SRS22586578: Platforms: PACBIO_SMRT
2026-01-20 12:22:00,493 - INFO - Checking sample SRS22586577...
2026-01-20 12:22:01,372 - INFO - Sample SRS22586577: Platforms: PACBIO_SMRT
2026-01-20 12:22:01,372 - INFO - Checking sample SRS22586576...
2026-01-20 12:22:02,261 - INFO - Sample SRS22586576: Platforms: PACBIO_SMRT
2026-01-20 12:22:02,261 - INFO - Checking sample SRS22586575...
2026-01-20 12:22:03,137 - INFO - Sample SRS22586575: Platforms: PACBIO_SMRT
2026-01-20 12:22:03,137 - INFO - Checking sample SRS22586574...
2026-01-20 12:22:04,013 - INFO - Sample SRS22586574: Platforms: PACBIO_SMRT
2026-01-20 12:22:04,014 - INFO - Checking sample SRS22586572...
2026-01-20 12:22:04,917 - INFO - Sample SRS22586572: Platforms: PACBIO_SMRT
2026-01-20 12:22:04,917 - INFO - Checking sample SRS22586573...
2026-01-20 12:22:05,793 - INFO - Sample SRS22586573: Platforms: PACBIO_SMRT
2026-01-20 12:22:05,793 - INFO - Checking sample SRS22586571...
2026-01-20 12:22:06,671 - INFO - Sample SRS22586571: Platforms: PACBIO_SMRT
2026-01-20 12:22:06,671 - INFO - Checking sample SRS22586570...
2026-01-20 12:22:07,547 - INFO - Sample SRS22586570: Platforms: PACBIO_SMRT
2026-01-20 12:22:07,547 - INFO - Checking sample SRS22586569...
2026-01-20 12:22:08,428 - INFO - Sample SRS22586569: Platforms: PACBIO_SMRT
2026-01-20 12:22:08,428 - INFO - Checking sample SRS22586568...
2026-01-20 12:22:09,330 - INFO - Sample SRS22586568: Platforms: PACBIO_SMRT
2026-01-20 12:22:09,331 - INFO - Checking sample SRS22586567...
2026-01-20 12:22:10,208 - INFO - Sample SRS22586567: Platforms: PACBIO_SMRT
2026-01-20 12:22:10,208 - INFO - Checking sample SRS22586566...
2026-01-20 12:22:11,087 - INFO - Sample SRS22586566: Platforms: PACBIO_SMRT
2026-01-20 12:22:11,087 - INFO - Checking sample SRS22586565...
2026-01-20 12:22:11,968 - INFO - Sample SRS22586565: Platforms: PACBIO_SMRT
2026-01-20 12:22:11,968 - INFO - Checking sample SRS22586564...
2026-01-20 12:22:12,844 - INFO - Sample SRS22586564: Platforms: PACBIO_SMRT
2026-01-20 12:22:12,844 - INFO - Checking sample SRS22586563...
2026-01-20 12:22:13,720 - INFO - Sample SRS22586563: Platforms: PACBIO_SMRT
2026-01-20 12:22:13,720 - INFO - Checking sample SRS22586562...
2026-01-20 12:22:14,629 - INFO - Sample SRS22586562: Platforms: PACBIO_SMRT
2026-01-20 12:22:14,629 - INFO - Checking sample SRS22586561...
2026-01-20 12:22:15,507 - INFO - Sample SRS22586561: Platforms: PACBIO_SMRT
2026-01-20 12:22:15,507 - INFO - Checking sample SRS22586560...
2026-01-20 12:22:16,384 - INFO - Sample SRS22586560: Platforms: PACBIO_SMRT
2026-01-20 12:22:16,384 - INFO - Checking sample SRS22586559...
2026-01-20 12:22:17,272 - INFO - Sample SRS22586559: Platforms: PACBIO_SMRT
2026-01-20 12:22:17,272 - INFO - Checking sample SRS22586558...
2026-01-20 12:22:18,146 - INFO - Sample SRS22586558: Platforms: PACBIO_SMRT
2026-01-20 12:22:18,147 - INFO - Checking sample SRS22586557...
2026-01-20 12:22:19,018 - INFO - Sample SRS22586557: Platforms: PACBIO_SMRT
2026-01-20 12:22:19,018 - INFO - Checking sample SRS22586556...
2026-01-20 12:22:19,892 - INFO - Sample SRS22586556: Platforms: PACBIO_SMRT
2026-01-20 12:22:19,892 - INFO - Checking sample SRS22586555...
2026-01-20 12:22:20,780 - INFO - Sample SRS22586555: Platforms: PACBIO_SMRT
2026-01-20 12:22:20,780 - INFO - Checking sample SRS22586554...
2026-01-20 12:22:21,661 - INFO - Sample SRS22586554: Platforms: PACBIO_SMRT
2026-01-20 12:22:21,661 - INFO - Checking sample SRS22586553...
2026-01-20 12:22:22,548 - INFO - Sample SRS22586553: Platforms: PACBIO_SMRT
2026-01-20 12:22:22,549 - INFO - Checking sample SRS22586552...
2026-01-20 12:22:23,454 - INFO - Sample SRS22586552: Platforms: PACBIO_SMRT
2026-01-20 12:22:23,454 - INFO - Checking sample SRS22586551...
2026-01-20 12:22:24,333 - INFO - Sample SRS22586551: Platforms: PACBIO_SMRT
2026-01-20 12:22:24,333 - INFO - Checking sample SRS22586550...
2026-01-20 12:22:26,742 - INFO - Sample SRS22586550: Platforms: PACBIO_SMRT
2026-01-20 12:22:26,742 - INFO - Checking sample SRS22586549...
2026-01-20 12:22:27,619 - INFO - Sample SRS22586549: Platforms: PACBIO_SMRT
2026-01-20 12:22:27,619 - INFO - Checking sample SRS22586548...
2026-01-20 12:22:28,497 - INFO - Sample SRS22586548: Platforms: PACBIO_SMRT
2026-01-20 12:22:28,498 - INFO - Checking sample SRS22586547...
2026-01-20 12:22:29,387 - INFO - Sample SRS22586547: Platforms: PACBIO_SMRT
2026-01-20 12:22:29,387 - INFO - Checking sample SRS22586546...
2026-01-20 12:22:30,263 - INFO - Sample SRS22586546: Platforms: PACBIO_SMRT
2026-01-20 12:22:30,263 - INFO - Checking sample SRS22586545...
2026-01-20 12:22:31,142 - INFO - Sample SRS22586545: Platforms: PACBIO_SMRT
2026-01-20 12:22:31,143 - INFO - Checking sample SRS22586544...
2026-01-20 12:22:32,020 - INFO - Sample SRS22586544: Platforms: PACBIO_SMRT
2026-01-20 12:22:32,020 - INFO - Checking sample SRS22586543...
2026-01-20 12:22:32,900 - INFO - Sample SRS22586543: Platforms: PACBIO_SMRT
2026-01-20 12:22:32,900 - INFO - Checking sample SRS22586542...
2026-01-20 12:22:33,776 - INFO - Sample SRS22586542: Platforms: PACBIO_SMRT
2026-01-20 12:22:33,776 - INFO - Checking sample SRS22586541...
2026-01-20 12:22:34,667 - INFO - Sample SRS22586541: Platforms: PACBIO_SMRT
2026-01-20 12:22:34,668 - INFO - Checking sample SRS22586540...
2026-01-20 12:22:35,546 - INFO - Sample SRS22586540: Platforms: PACBIO_SMRT
2026-01-20 12:22:35,546 - INFO - Checking sample SRS22586539...
2026-01-20 12:22:36,424 - INFO - Sample SRS22586539: Platforms: PACBIO_SMRT
2026-01-20 12:22:36,424 - INFO - Checking sample SRS22586538...
2026-01-20 12:22:37,319 - INFO - Sample SRS22586538: Platforms: PACBIO_SMRT
2026-01-20 12:22:37,320 - INFO - Checking sample SRS22586537...
2026-01-20 12:22:38,194 - INFO - Sample SRS22586537: Platforms: PACBIO_SMRT
2026-01-20 12:22:38,194 - INFO - Checking sample SRS22586536...
2026-01-20 12:22:39,075 - INFO - Sample SRS22586536: Platforms: PACBIO_SMRT
2026-01-20 12:22:39,076 - INFO - Checking sample SRS22586535...
2026-01-20 12:22:39,953 - INFO - Sample SRS22586535: Platforms: PACBIO_SMRT
2026-01-20 12:22:39,953 - INFO - [SRA Search] Fetching batch starting at 200...
2026-01-20 12:22:41,625 - INFO - Checking sample SRS22586534...
2026-01-20 12:22:42,502 - INFO - Sample SRS22586534: Platforms: PACBIO_SMRT
2026-01-20 12:22:42,502 - INFO - Checking sample SRS22586533...
2026-01-20 12:22:43,381 - INFO - Sample SRS22586533: Platforms: PACBIO_SMRT
2026-01-20 12:22:43,382 - INFO - Checking sample SRS22586532...
2026-01-20 12:22:44,263 - INFO - Sample SRS22586532: Platforms: PACBIO_SMRT
2026-01-20 12:22:44,263 - INFO - Checking sample SRS22586531...
2026-01-20 12:22:45,137 - INFO - Sample SRS22586531: Platforms: PACBIO_SMRT
2026-01-20 12:22:45,138 - INFO - Checking sample SRS22586530...
2026-01-20 12:22:46,013 - INFO - Sample SRS22586530: Platforms: PACBIO_SMRT
2026-01-20 12:22:46,013 - INFO - Checking sample SRS22586529...
2026-01-20 12:22:46,892 - INFO - Sample SRS22586529: Platforms: PACBIO_SMRT
2026-01-20 12:22:46,892 - INFO - Checking sample SRS22586528...
2026-01-20 12:22:47,772 - INFO - Sample SRS22586528: Platforms: PACBIO_SMRT
2026-01-20 12:22:47,772 - INFO - Checking sample SRS22586527...
2026-01-20 12:22:48,645 - INFO - Sample SRS22586527: Platforms: PACBIO_SMRT
2026-01-20 12:22:48,645 - INFO - Checking sample SRS22586526...
2026-01-20 12:22:49,526 - INFO - Sample SRS22586526: Platforms: PACBIO_SMRT
2026-01-20 12:22:49,526 - INFO - Checking sample SRS22586525...
2026-01-20 12:22:50,429 - INFO - Sample SRS22586525: Platforms: PACBIO_SMRT
2026-01-20 12:22:50,429 - INFO - Checking sample SRS22586524...
2026-01-20 12:22:51,324 - INFO - Sample SRS22586524: Platforms: PACBIO_SMRT
2026-01-20 12:22:51,324 - INFO - Checking sample SRS22586523...
2026-01-20 12:22:52,201 - INFO - Sample SRS22586523: Platforms: PACBIO_SMRT
2026-01-20 12:22:52,201 - INFO - Checking sample SRS22586522...
2026-01-20 12:23:22,583 - INFO - Filtering for hybrid samples (both Short and Long reads)...
2026-01-20 12:23:22,583 - INFO - [SRA Search] Query: ("gut"[Source] OR "gut"[All Fields]) AND "Homo sapiens"[Organism] AND (("OXFORD_NANOPORE"[Platform] OR "PACBIO_SMRT"[Platform]))
2026-01-20 12:23:23,099 - INFO - [SRA] Found 530 total results, retrieving first batch
2026-01-20 12:23:24,224 - INFO - Checking sample ERS27784410...
2026-01-20 12:23:25,275 - INFO - Sample ERS27784410: Platforms: OXFORD_NANOPORE
2026-01-20 12:23:25,275 - INFO - Checking sample ERS27784412...
2026-01-20 12:23:26,153 - INFO - Sample ERS27784412: Platforms: OXFORD_NANOPORE
2026-01-20 12:23:26,153 - INFO - Checking sample ERS27784413...
2026-01-20 12:23:27,267 - INFO - Sample ERS27784413: Platforms: OXFORD_NANOPORE
2026-01-20 12:23:27,268 - INFO - Checking sample ERS27784416...
2026-01-20 12:23:28,154 - INFO - Sample ERS27784416: Platforms: OXFORD_NANOPORE
2026-01-20 12:23:28,154 - INFO - Checking sample ERS27784415...
2026-01-20 12:23:29,049 - INFO - Sample ERS27784415: Platforms: OXFORD_NANOPORE
2026-01-20 12:23:29,050 - INFO - Checking sample ERS27784414...
2026-01-20 12:23:29,924 - INFO - Sample ERS27784414: Platforms: OXFORD_NANOPORE
2026-01-20 12:23:29,924 - INFO - Checking sample SRS25981567...
2026-01-20 12:23:30,799 - INFO - Sample SRS25981567: Platforms: PACBIO_SMRT
2026-01-20 12:23:30,799 - INFO - Checking sample SRS25981566...
2026-01-20 12:23:31,722 - INFO - Sample SRS25981566: Platforms: PACBIO_SMRT
2026-01-20 12:23:31,722 - INFO - Checking sample SRS25981565...
2026-01-20 12:23:32,606 - INFO - Sample SRS25981565: Platforms: PACBIO_SMRT
2026-01-20 12:23:32,606 - INFO - Checking sample SRS25981564...
2026-01-20 12:23:33,482 - INFO - Sample SRS25981564: Platforms: PACBIO_SMRT
2026-01-20 12:23:33,483 - INFO - Checking sample SRS25981563...
2026-01-20 12:23:34,389 - INFO - Sample SRS25981563: Platforms: PACBIO_SMRT
2026-01-20 12:23:34,389 - INFO - Checking sample SRS25981562...
2026-01-20 12:23:35,269 - INFO - Sample SRS25981562: Platforms: PACBIO_SMRT
2026-01-20 12:23:35,269 - INFO - Checking sample SRS25981561...
2026-01-20 12:23:36,175 - INFO - Sample SRS25981561: Platforms: PACBIO_SMRT
2026-01-20 12:23:36,175 - INFO - Checking sample SRS25981560...
2026-01-20 12:23:37,055 - INFO - Sample SRS25981560: Platforms: PACBIO_SMRT
2026-01-20 12:23:37,056 - INFO - Checking sample SRS25981559...
2026-01-20 12:23:37,937 - INFO - Sample SRS25981559: Platforms: PACBIO_SMRT
2026-01-20 12:23:37,938 - INFO - Checking sample SRS25981558...
2026-01-20 12:23:38,819 - INFO - Sample SRS25981558: Platforms: PACBIO_SMRT
2026-01-20 12:23:38,820 - INFO - Checking sample SRS25981557...
2026-01-20 12:23:39,715 - INFO - Sample SRS25981557: Platforms: PACBIO_SMRT
2026-01-20 12:23:39,715 - INFO - Checking sample SRS25981556...
2026-01-20 12:23:40,605 - INFO - Sample SRS25981556: Platforms: PACBIO_SMRT
2026-01-20 12:23:40,605 - INFO - Checking sample SRS25981555...
2026-01-20 12:23:41,487 - INFO - Sample SRS25981555: Platforms: PACBIO_SMRT
2026-01-20 12:23:41,487 - INFO - Checking sample SRS25981554...
2026-01-20 12:23:42,369 - INFO - Sample SRS25981554: Platforms: PACBIO_SMRT
2026-01-20 12:23:42,370 - INFO - Checking sample SRS25981553...
2026-01-20 12:23:43,246 - INFO - Sample SRS25981553: Platforms: PACBIO_SMRT
2026-01-20 12:23:43,246 - INFO - Checking sample SRS25981552...
2026-01-20 12:23:44,126 - INFO - Sample SRS25981552: Platforms: PACBIO_SMRT
2026-01-20 12:23:44,126 - INFO - Checking sample SRS25981551...
2026-01-20 12:23:45,000 - INFO - Sample SRS25981551: Platforms: PACBIO_SMRT
2026-01-20 12:23:45,001 - INFO - Checking sample SRS25981550...
2026-01-20 12:23:45,882 - INFO - Sample SRS25981550: Platforms: PACBIO_SMRT
2026-01-20 12:23:45,882 - INFO - Checking sample SRS25981549...
2026-01-20 12:23:46,757 - INFO - Sample SRS25981549: Platforms: PACBIO_SMRT
2026-01-20 12:23:46,757 - INFO - Checking sample SRS25981548...
2026-01-20 12:23:47,639 - INFO - Sample SRS25981548: Platforms: PACBIO_SMRT
2026-01-20 12:23:47,639 - INFO - Checking sample SRS25981547...
2026-01-20 12:23:48,528 - INFO - Sample SRS25981547: Platforms: PACBIO_SMRT
2026-01-20 12:23:48,528 - INFO - Checking sample SRS25981546...
2026-01-20 12:23:49,406 - INFO - Sample SRS25981546: Platforms: PACBIO_SMRT
2026-01-20 12:23:49,406 - INFO - Checking sample SRS25981545...
2026-01-20 12:23:50,286 - INFO - Sample SRS25981545: Platforms: PACBIO_SMRT
2026-01-20 12:23:50,286 - INFO - Checking sample SRS25981544...
2026-01-20 12:23:51,160 - INFO - Sample SRS25981544: Platforms: PACBIO_SMRT
2026-01-20 12:23:51,160 - INFO - Checking sample SRS25981543...
2026-01-20 12:23:52,035 - INFO - Sample SRS25981543: Platforms: PACBIO_SMRT
2026-01-20 12:23:52,035 - INFO - Checking sample SRS25981542...
2026-01-20 12:23:52,930 - INFO - Sample SRS25981542: Platforms: PACBIO_SMRT
2026-01-20 12:23:52,930 - INFO - Checking sample SRS25981541...
2026-01-20 12:23:53,810 - INFO - Sample SRS25981541: Platforms: PACBIO_SMRT
2026-01-20 12:23:53,811 - INFO - Checking sample SRS25981540...
2026-01-20 12:23:54,684 - INFO - Sample SRS25981540: Platforms: PACBIO_SMRT
2026-01-20 12:23:54,685 - INFO - Checking sample SRS25981539...
2026-01-20 12:23:55,575 - INFO - Sample SRS25981539: Platforms: PACBIO_SMRT
2026-01-20 12:23:55,575 - INFO - Checking sample SRS25981538...
2026-01-20 12:23:56,533 - INFO - Sample SRS25981538: Platforms: PACBIO_SMRT
2026-01-20 12:23:56,533 - INFO - Checking sample SRS25981537...
2026-01-20 12:23:57,707 - INFO - Sample SRS25981537: Platforms: PACBIO_SMRT
2026-01-20 12:23:57,707 - INFO - Checking sample SRS25981536...
2026-01-20 12:23:58,710 - INFO - Sample SRS25981536: Platforms: PACBIO_SMRT
2026-01-20 12:23:58,710 - INFO - Checking sample SRS25981535...
2026-01-20 12:23:59,585 - INFO - Sample SRS25981535: Platforms: PACBIO_SMRT
2026-01-20 12:23:59,585 - INFO - Checking sample SRS25981534...
2026-01-20 12:24:00,459 - INFO - Sample SRS25981534: Platforms: PACBIO_SMRT
2026-01-20 12:24:00,459 - INFO - Checking sample SRS25981533...
2026-01-20 12:24:01,337 - INFO - Sample SRS25981533: Platforms: PACBIO_SMRT
2026-01-20 12:24:01,337 - INFO - Checking sample SRS25981532...
2026-01-20 12:24:02,212 - INFO - Sample SRS25981532: Platforms: PACBIO_SMRT
2026-01-20 12:24:02,212 - INFO - Checking sample ERS23807891...
2026-01-20 12:24:03,089 - INFO - Sample ERS23807891: Platforms: PACBIO_SMRT
2026-01-20 12:24:03,089 - INFO - Checking sample ERS23807896...
2026-01-20 12:24:03,964 - INFO - Sample ERS23807896: Platforms: PACBIO_SMRT
2026-01-20 12:24:03,965 - INFO - Checking sample ERS23807933...
2026-01-20 12:24:04,840 - INFO - Sample ERS23807933: Platforms: PACBIO_SMRT
2026-01-20 12:24:04,841 - INFO - Checking sample ERS23807905...
2026-01-20 12:24:05,714 - INFO - Sample ERS23807905: Platforms: PACBIO_SMRT
2026-01-20 12:24:05,715 - INFO - Checking sample ERS23807906...
2026-01-20 12:24:06,608 - INFO - Sample ERS23807906: Platforms: PACBIO_SMRT
2026-01-20 12:24:06,608 - INFO - Checking sample ERS23807919...
2026-01-20 12:24:07,481 - INFO - Sample ERS23807919: Platforms: PACBIO_SMRT
2026-01-20 12:24:07,481 - INFO - Checking sample ERS23807926...
2026-01-20 12:24:08,361 - INFO - Sample ERS23807926: Platforms: PACBIO_SMRT
2026-01-20 12:24:08,361 - INFO - Checking sample ERS23807886...
2026-01-20 12:24:09,248 - INFO - Sample ERS23807886: Platforms: PACBIO_SMRT
2026-01-20 12:24:09,248 - INFO - [SRA Search] Fetching batch starting at 50...
2026-01-20 12:24:10,837 - INFO - Checking sample ERS23807881...
2026-01-20 12:24:11,717 - INFO - Sample ERS23807881: Platforms: PACBIO_SMRT
2026-01-20 12:24:11,717 - INFO - Checking sample ERS23807920...
2026-01-20 12:24:12,597 - INFO - Sample ERS23807920: Platforms: PACBIO_SMRT
2026-01-20 12:24:12,597 - INFO - Checking sample ERS23807903...
2026-01-20 12:24:13,474 - INFO - Sample ERS23807903: Platforms: PACBIO_SMRT
2026-01-20 12:24:13,475 - INFO - Checking sample ERS23807875...
2026-01-20 12:24:14,352 - INFO - Sample ERS23807875: Platforms: PACBIO_SMRT
2026-01-20 12:24:14,352 - INFO - Checking sample ERS23807940...
2026-01-20 12:24:15,225 - INFO - Sample ERS23807940: Platforms: PACBIO_SMRT
2026-01-20 12:24:15,225 - INFO - Checking sample ERS23807879...
2026-01-20 12:24:16,145 - INFO - Sample ERS23807879: Platforms: PACBIO_SMRT
2026-01-20 12:24:16,146 - INFO - Checking sample ERS23807876...
2026-01-20 12:24:17,031 - INFO - Sample ERS23807876: Platforms: PACBIO_SMRT
2026-01-20 12:24:17,031 - INFO - Checking sample ERS23807941...
2026-01-20 12:24:17,909 - INFO - Sample ERS23807941: Platforms: PACBIO_SMRT
2026-01-20 12:24:17,909 - INFO - Checking sample ERS23807895...
2026-01-20 12:24:18,782 - INFO - Sample ERS23807895: Platforms: PACBIO_SMRT
2026-01-20 12:24:18,782 - INFO - Checking sample ERS23807931...
2026-01-20 12:24:19,659 - INFO - Sample ERS23807931: Platforms: PACBIO_SMRT
2026-01-20 12:24:19,659 - INFO - Checking sample ERS23807900...
2026-01-20 12:24:20,541 - INFO - Sample ERS23807900: Platforms: PACBIO_SMRT
2026-01-20 12:24:20,541 - INFO - Checking sample ERS23807925...
2026-01-20 12:24:21,418 - INFO - Sample ERS23807925: Platforms: PACBIO_SMRT
2026-01-20 12:24:21,418 - INFO - Checking sample ERS23807908...
2026-01-20 12:24:22,314 - INFO - Sample ERS23807908: Platforms: PACBIO_SMRT
2026-01-20 12:24:22,315 - INFO - Checking sample ERS23807914...
2026-01-20 12:24:23,191 - INFO - Sample ERS23807914: Platforms: PACBIO_SMRT
2026-01-20 12:24:23,191 - INFO - Checking sample ERS23807944...
2026-01-20 12:24:24,069 - INFO - Sample ERS23807944: Platforms: PACBIO_SMRT
2026-01-20 12:24:24,069 - INFO - Checking sample ERS23807923...
2026-01-20 12:24:24,947 - INFO - Sample ERS23807923: Platforms: PACBIO_SMRT
2026-01-20 12:24:24,947 - INFO - Checking sample ERS23807897...
2026-01-20 12:24:25,837 - INFO - Sample ERS23807897: Platforms: PACBIO_SMRT
2026-01-20 12:24:25,837 - INFO - Checking sample ERS23807890...
2026-01-20 12:24:26,711 - INFO - Sample ERS23807890: Platforms: PACBIO_SMRT
2026-01-20 12:24:26,711 - INFO - Checking sample ERS23807871...
2026-01-20 12:24:27,598 - INFO - Sample ERS23807871: Platforms: PACBIO_SMRT
2026-01-20 12:24:27,598 - INFO - Checking sample ERS23807918...
2026-01-20 12:24:28,482 - INFO - Sample ERS23807918: Platforms: PACBIO_SMRT
2026-01-20 12:24:28,482 - INFO - Checking sample ERS23807894...
2026-01-20 12:24:29,374 - INFO - Sample ERS23807894: Platforms: PACBIO_SMRT
2026-01-20 12:24:29,374 - INFO - Checking sample ERS23807929...
2026-01-20 12:24:30,256 - INFO - Sample ERS23807929: Platforms: PACBIO_SMRT
2026-01-20 12:24:30,257 - INFO - Checking sample ERS23807932...
2026-01-20 12:24:31,132 - INFO - Sample ERS23807932: Platforms: PACBIO_SMRT
2026-01-20 12:24:31,132 - INFO - Checking sample ERS23807907...
2026-01-20 12:24:32,040 - INFO - Sample ERS23807907: Platforms: PACBIO_SMRT
2026-01-20 12:24:32,041 - INFO - Checking sample ERS23807878...
2026-01-20 12:24:32,947 - INFO - Sample ERS23807878: Platforms: PACBIO_SMRT
2026-01-20 12:24:32,947 - INFO - Checking sample ERS23807869...
2026-01-20 12:24:33,822 - INFO - Sample ERS23807869: Platforms: PACBIO_SMRT
2026-01-20 12:24:33,822 - INFO - Checking sample ERS23807927...
2026-01-20 12:24:34,712 - INFO - Sample ERS23807927: Platforms: PACBIO_SMRT
2026-01-20 12:24:34,713 - INFO - Checking sample ERS23807887...
2026-01-20 12:24:35,586 - INFO - Sample ERS23807887: Platforms: PACBIO_SMRT
2026-01-20 12:24:35,586 - INFO - Checking sample ERS23807924...
2026-01-20 12:24:36,475 - INFO - Sample ERS23807924: Platforms: PACBIO_SMRT
2026-01-20 12:24:36,475 - INFO - Checking sample ERS23807930...
2026-01-20 12:24:37,353 - INFO - Sample ERS23807930: Platforms: PACBIO_SMRT
2026-01-20 12:24:37,353 - INFO - Checking sample ERS23807917...
2026-01-20 12:24:38,231 - INFO - Sample ERS23807917: Platforms: PACBIO_SMRT
2026-01-20 12:24:38,231 - INFO - Checking sample ERS23807877...
2026-01-20 12:24:39,107 - INFO - Sample ERS23807877: Platforms: PACBIO_SMRT
2026-01-20 12:24:39,108 - INFO - Checking sample ERS23807911...
2026-01-20 12:24:39,985 - INFO - Sample ERS23807911: Platforms: PACBIO_SMRT
2026-01-20 12:24:39,985 - INFO - Checking sample ERS23807880...
2026-01-20 12:24:40,864 - INFO - Sample ERS23807880: Platforms: PACBIO_SMRT
2026-01-20 12:24:40,864 - INFO - Checking sample ERS23807892...
2026-01-20 12:24:41,740 - INFO - Sample ERS23807892: Platforms: PACBIO_SMRT
2026-01-20 12:24:41,740 - INFO - Checking sample ERS23807945...
2026-01-20 12:24:42,622 - INFO - Sample ERS23807945: Platforms: PACBIO_SMRT
2026-01-20 12:24:42,622 - INFO - Checking sample ERS23807922...
2026-01-20 12:24:43,510 - INFO - Sample ERS23807922: Platforms: PACBIO_SMRT
2026-01-20 12:24:43,510 - INFO - Checking sample ERS23807915...
2026-01-20 12:24:44,385 - INFO - Sample ERS23807915: Platforms: PACBIO_SMRT
2026-01-20 12:24:44,385 - INFO - Checking sample ERS23807888...
2026-01-20 12:24:45,263 - INFO - Sample ERS23807888: Platforms: PACBIO_SMRT
2026-01-20 12:24:45,263 - INFO - Checking sample ERS23807928...
2026-01-20 12:24:47,392 - INFO - Sample ERS23807928: Platforms: PACBIO_SMRT
2026-01-20 12:24:47,392 - INFO - Checking sample ERS23807885...
2026-01-20 12:24:48,276 - INFO - Sample ERS23807885: Platforms: PACBIO_SMRT
2026-01-20 12:24:48,276 - INFO - Checking sample ERS23807870...
2026-01-20 12:24:49,152 - INFO - Sample ERS23807870: Platforms: PACBIO_SMRT
2026-01-20 12:24:49,152 - INFO - Checking sample ERS23807942...
2026-01-20 12:24:50,028 - INFO - Sample ERS23807942: Platforms: PACBIO_SMRT
2026-01-20 12:24:50,028 - INFO - Checking sample ERS23807938...
2026-01-20 12:24:50,905 - INFO - Sample ERS23807938: Platforms: PACBIO_SMRT
2026-01-20 12:24:50,905 - INFO - Checking sample ERS23807884...
2026-01-20 12:24:51,787 - INFO - Sample ERS23807884: Platforms: PACBIO_SMRT
2026-01-20 12:24:51,787 - INFO - Checking sample ERS23807872...
2026-01-20 12:24:52,668 - INFO - Sample ERS23807872: Platforms: PACBIO_SMRT
2026-01-20 12:24:52,668 - INFO - Checking sample ERS23807902...
2026-01-20 12:24:53,550 - INFO - Sample ERS23807902: Platforms: PACBIO_SMRT
2026-01-20 12:24:53,550 - INFO - Checking sample ERS23807937...
2026-01-20 12:24:54,428 - INFO - Sample ERS23807937: Platforms: PACBIO_SMRT
2026-01-20 12:24:54,428 - INFO - Checking sample ERS23807874...
2026-01-20 12:24:55,367 - INFO - Sample ERS23807874: Platforms: PACBIO_SMRT
2026-01-20 12:24:55,367 - INFO - Checking sample ERS23807899...
2026-01-20 12:24:56,265 - INFO - Sample ERS23807899: Platforms: PACBIO_SMRT
2026-01-20 12:24:56,265 - INFO - [SRA Search] Fetching batch starting at 100...
2026-01-20 12:24:57,896 - INFO - Checking sample ERS23807910...
2026-01-20 12:24:58,770 - INFO - Sample ERS23807910: Platforms: PACBIO_SMRT
2026-01-20 12:24:58,770 - INFO - Checking sample ERS23807916...
2026-01-20 12:24:59,667 - INFO - Sample ERS23807916: Platforms: PACBIO_SMRT
2026-01-20 12:24:59,667 - INFO - Checking sample ERS23807901...
2026-01-20 12:25:00,541 - INFO - Sample ERS23807901: Platforms: PACBIO_SMRT
2026-01-20 12:25:00,541 - INFO - Checking sample ERS23807935...
2026-01-20 12:25:01,419 - INFO - Sample ERS23807935: Platforms: PACBIO_SMRT
2026-01-20 12:25:01,419 - INFO - Checking sample ERS23807904...
2026-01-20 12:25:02,308 - INFO - Sample ERS23807904: Platforms: PACBIO_SMRT
2026-01-20 12:25:02,309 - INFO - Checking sample ERS23807934...
2026-01-20 12:25:03,184 - INFO - Sample ERS23807934: Platforms: PACBIO_SMRT
2026-01-20 12:25:03,184 - INFO - Checking sample ERS23807883...
2026-01-20 12:25:04,060 - INFO - Sample ERS23807883: Platforms: PACBIO_SMRT
2026-01-20 12:25:04,060 - INFO - Checking sample ERS23807913...
2026-01-20 12:25:04,937 - INFO - Sample ERS23807913: Platforms: PACBIO_SMRT
2026-01-20 12:25:04,937 - INFO - Checking sample ERS23807939...
2026-01-20 12:25:05,818 - INFO - Sample ERS23807939: Platforms: PACBIO_SMRT
2026-01-20 12:25:05,818 - INFO - Checking sample ERS23807893...
2026-01-20 12:25:06,705 - INFO - Sample ERS23807893: Platforms: PACBIO_SMRT
2026-01-20 12:25:06,705 - INFO - Checking sample ERS23807912...
2026-01-20 12:25:07,579 - INFO - Sample ERS23807912: Platforms: PACBIO_SMRT
2026-01-20 12:25:07,579 - INFO - Checking sample ERS23807921...
2026-01-20 12:25:08,460 - INFO - Sample ERS23807921: Platforms: PACBIO_SMRT
2026-01-20 12:25:08,460 - INFO - Checking sample ERS23807909...
2026-01-20 12:25:09,335 - INFO - Sample ERS23807909: Platforms: PACBIO_SMRT
2026-01-20 12:25:09,335 - INFO - Checking sample ERS23807943...
2026-01-20 12:25:10,223 - INFO - Sample ERS23807943: Platforms: PACBIO_SMRT
2026-01-20 12:25:10,223 - INFO - Checking sample ERS23807898...
2026-01-20 12:25:11,103 - INFO - Sample ERS23807898: Platforms: PACBIO_SMRT
2026-01-20 12:25:11,103 - INFO - Checking sample ERS23807873...
2026-01-20 12:25:11,981 - INFO - Sample ERS23807873: Platforms: PACBIO_SMRT
2026-01-20 12:25:11,981 - INFO - Checking sample ERS23807889...
2026-01-20 12:25:12,858 - INFO - Sample ERS23807889: Platforms: PACBIO_SMRT
2026-01-20 12:25:12,858 - INFO - Checking sample ERS23807882...
2026-01-20 12:25:13,733 - INFO - Sample ERS23807882: Platforms: PACBIO_SMRT
2026-01-20 12:25:13,733 - INFO - Checking sample ERS23807936...
2026-01-20 12:25:14,609 - INFO - Sample ERS23807936: Platforms: PACBIO_SMRT
2026-01-20 12:25:14,609 - INFO - Checking sample SRS22586615...
2026-01-20 12:25:15,649 - INFO - Sample SRS22586615: Platforms: PACBIO_SMRT
2026-01-20 12:25:15,649 - INFO - Checking sample SRS22586614...
2026-01-20 12:25:16,529 - INFO - Sample SRS22586614: Platforms: PACBIO_SMRT
2026-01-20 12:25:16,529 - INFO - Checking sample SRS22586613...
2026-01-20 12:25:17,406 - INFO - Sample SRS22586613: Platforms: PACBIO_SMRT
2026-01-20 12:25:17,406 - INFO - Checking sample SRS22586612...
2026-01-20 12:25:18,282 - INFO - Sample SRS22586612: Platforms: PACBIO_SMRT
2026-01-20 12:25:18,282 - INFO - Checking sample SRS22586610...
2026-01-20 12:25:19,425 - INFO - Sample SRS22586610: Platforms: PACBIO_SMRT
2026-01-20 12:25:19,425 - INFO - Checking sample SRS22586611...
2026-01-20 12:25:20,350 - INFO - Sample SRS22586611: Platforms: PACBIO_SMRT
2026-01-20 12:25:20,350 - INFO - Checking sample SRS22586609...
2026-01-20 12:25:21,224 - INFO - Sample SRS22586609: Platforms: PACBIO_SMRT
2026-01-20 12:25:21,224 - INFO - Checking sample SRS22586608...
2026-01-20 12:25:22,108 - INFO - Sample SRS22586608: Platforms: PACBIO_SMRT
2026-01-20 12:25:22,108 - INFO - Checking sample SRS22586607...
2026-01-20 12:25:22,998 - INFO - Sample SRS22586607: Platforms: PACBIO_SMRT
2026-01-20 12:25:22,998 - INFO - Checking sample SRS22586606...
2026-01-20 12:25:23,879 - INFO - Sample SRS22586606: Platforms: PACBIO_SMRT
2026-01-20 12:25:23,879 - INFO - Checking sample SRS22586605...
2026-01-20 12:25:24,776 - INFO - Sample SRS22586605: Platforms: PACBIO_SMRT
2026-01-20 12:25:24,776 - INFO - Checking sample SRS22586604...
2026-01-20 12:25:25,653 - INFO - Sample SRS22586604: Platforms: PACBIO_SMRT
2026-01-20 12:25:25,654 - INFO - Checking sample SRS22586603...
2026-01-20 12:25:26,529 - INFO - Sample SRS22586603: Platforms: PACBIO_SMRT
2026-01-20 12:25:26,529 - INFO - Checking sample SRS22586602...
2026-01-20 12:25:27,413 - INFO - Sample SRS22586602: Platforms: PACBIO_SMRT
2026-01-20 12:25:27,413 - INFO - Checking sample SRS22586601...
2026-01-20 12:25:28,287 - INFO - Sample SRS22586601: Platforms: PACBIO_SMRT
2026-01-20 12:25:28,287 - INFO - Checking sample SRS22586600...
2026-01-20 12:25:29,279 - INFO - Sample SRS22586600: Platforms: PACBIO_SMRT
2026-01-20 12:25:29,279 - INFO - Checking sample SRS22586599...
2026-01-20 12:25:30,153 - INFO - Sample SRS22586599: Platforms: PACBIO_SMRT
2026-01-20 12:25:30,153 - INFO - Checking sample SRS22586598...
2026-01-20 12:25:31,085 - INFO - Sample SRS22586598: Platforms: PACBIO_SMRT
2026-01-20 12:25:31,085 - INFO - Checking sample SRS22586597...
2026-01-20 12:25:31,957 - INFO - Sample SRS22586597: Platforms: PACBIO_SMRT
2026-01-20 12:25:31,957 - INFO - Checking sample SRS22586596...
2026-01-20 12:25:32,835 - INFO - Sample SRS22586596: Platforms: PACBIO_SMRT
2026-01-20 12:25:32,835 - INFO - Checking sample SRS22586595...
2026-01-20 12:25:33,709 - INFO - Sample SRS22586595: Platforms: PACBIO_SMRT
2026-01-20 12:25:33,709 - INFO - Checking sample SRS22586594...
2026-01-20 12:25:34,601 - INFO - Sample SRS22586594: Platforms: PACBIO_SMRT
2026-01-20 12:25:34,601 - INFO - Checking sample SRS22586593...
2026-01-20 12:25:35,473 - INFO - Sample SRS22586593: Platforms: PACBIO_SMRT
2026-01-20 12:25:35,474 - INFO - Checking sample SRS22586592...
2026-01-20 12:25:36,374 - INFO - Sample SRS22586592: Platforms: PACBIO_SMRT
2026-01-20 12:25:36,374 - INFO - Checking sample SRS22586591...
2026-01-20 12:25:37,256 - INFO - Sample SRS22586591: Platforms: PACBIO_SMRT
2026-01-20 12:25:37,256 - INFO - Checking sample SRS22586589...
2026-01-20 12:25:38,153 - INFO - Sample SRS22586589: Platforms: PACBIO_SMRT
2026-01-20 12:25:38,153 - INFO - Checking sample SRS22586590...
2026-01-20 12:25:39,029 - INFO - Sample SRS22586590: Platforms: PACBIO_SMRT
2026-01-20 12:25:39,030 - INFO - Checking sample SRS22586588...
2026-01-20 12:25:39,910 - INFO - Sample SRS22586588: Platforms: PACBIO_SMRT
2026-01-20 12:25:39,910 - INFO - Checking sample SRS22586587...
2026-01-20 12:25:40,784 - INFO - Sample SRS22586587: Platforms: PACBIO_SMRT
2026-01-20 12:25:40,784 - INFO - Checking sample SRS22586586...
2026-01-20 12:25:41,666 - INFO - Sample SRS22586586: Platforms: PACBIO_SMRT
2026-01-20 12:25:41,667 - INFO - Checking sample SRS22586585...
2026-01-20 12:25:42,546 - INFO - Sample SRS22586585: Platforms: PACBIO_SMRT
2026-01-20 12:25:42,546 - INFO - [SRA Search] Fetching batch starting at 150...
2026-01-20 12:25:44,220 - INFO - Checking sample SRS22586584...
2026-01-20 12:25:45,113 - INFO - Sample SRS22586584: Platforms: PACBIO_SMRT
2026-01-20 12:25:45,113 - INFO - Checking sample SRS22586583...
2026-01-20 12:25:46,031 - INFO - Sample SRS22586583: Platforms: PACBIO_SMRT
2026-01-20 12:25:46,032 - INFO - Checking sample SRS22586582...
2026-01-20 12:25:46,904 - INFO - Sample SRS22586582: Platforms: PACBIO_SMRT
2026-01-20 12:25:46,904 - INFO - Checking sample SRS22586581...
2026-01-20 12:25:47,805 - INFO - Sample SRS22586581: Platforms: PACBIO_SMRT
2026-01-20 12:25:47,805 - INFO - Checking sample SRS22586580...
2026-01-20 12:25:48,680 - INFO - Sample SRS22586580: Platforms: PACBIO_SMRT
2026-01-20 12:25:48,680 - INFO - Checking sample SRS22586579...
2026-01-20 12:25:49,555 - INFO - Sample SRS22586579: Platforms: PACBIO_SMRT
2026-01-20 12:25:49,555 - INFO - Checking sample SRS22586578...
2026-01-20 12:25:50,430 - INFO - Sample SRS22586578: Platforms: PACBIO_SMRT
2026-01-20 12:25:50,430 - INFO - Checking sample SRS22586577...
2026-01-20 12:25:51,305 - INFO - Sample SRS22586577: Platforms: PACBIO_SMRT
2026-01-20 12:25:51,305 - INFO - Checking sample SRS22586576...
2026-01-20 12:25:52,181 - INFO - Sample SRS22586576: Platforms: PACBIO_SMRT
2026-01-20 12:25:52,181 - INFO - Checking sample SRS22586575...
2026-01-20 12:25:53,065 - INFO - Sample SRS22586575: Platforms: PACBIO_SMRT
2026-01-20 12:25:53,065 - INFO - Checking sample SRS22586574...
2026-01-20 12:25:53,940 - INFO - Sample SRS22586574: Platforms: PACBIO_SMRT
2026-01-20 12:25:53,940 - INFO - Checking sample SRS22586572...
2026-01-20 12:25:54,816 - INFO - Sample SRS22586572: Platforms: PACBIO_SMRT
2026-01-20 12:25:54,816 - INFO - Checking sample SRS22586573...
2026-01-20 12:25:55,718 - INFO - Sample SRS22586573: Platforms: PACBIO_SMRT
2026-01-20 12:25:55,718 - INFO - Checking sample SRS22586571...
2026-01-20 12:25:56,595 - INFO - Sample SRS22586571: Platforms: PACBIO_SMRT
2026-01-20 12:25:56,595 - INFO - Checking sample SRS22586570...
2026-01-20 12:25:57,490 - INFO - Sample SRS22586570: Platforms: PACBIO_SMRT
2026-01-20 12:25:57,490 - INFO - Checking sample SRS22586569...
2026-01-20 12:25:58,392 - INFO - Sample SRS22586569: Platforms: PACBIO_SMRT
2026-01-20 12:25:58,392 - INFO - Checking sample SRS22586568...
2026-01-20 12:25:59,297 - INFO - Sample SRS22586568: Platforms: PACBIO_SMRT
2026-01-20 12:25:59,297 - INFO - Checking sample SRS22586567...
2026-01-20 12:26:00,174 - INFO - Sample SRS22586567: Platforms: PACBIO_SMRT
2026-01-20 12:26:00,174 - INFO - Checking sample SRS22586566...
2026-01-20 12:26:01,051 - INFO - Sample SRS22586566: Platforms: PACBIO_SMRT
2026-01-20 12:26:01,052 - INFO - Checking sample SRS22586565...
2026-01-20 12:26:01,928 - INFO - Sample SRS22586565: Platforms: PACBIO_SMRT
2026-01-20 12:26:01,928 - INFO - Checking sample SRS22586564...
2026-01-20 12:26:02,805 - INFO - Sample SRS22586564: Platforms: PACBIO_SMRT
2026-01-20 12:26:02,805 - INFO - Checking sample SRS22586563...
2026-01-20 12:26:03,704 - INFO - Sample SRS22586563: Platforms: PACBIO_SMRT
2026-01-20 12:26:03,704 - INFO - Checking sample SRS22586562...
2026-01-20 12:26:04,581 - INFO - Sample SRS22586562: Platforms: PACBIO_SMRT
2026-01-20 12:26:04,581 - INFO - Checking sample SRS22586561...
2026-01-20 12:26:05,462 - INFO - Sample SRS22586561: Platforms: PACBIO_SMRT
2026-01-20 12:26:05,462 - INFO - Checking sample SRS22586560...
2026-01-20 12:26:06,353 - INFO - Sample SRS22586560: Platforms: PACBIO_SMRT
2026-01-20 12:26:06,353 - INFO - Checking sample SRS22586559...
2026-01-20 12:26:07,316 - INFO - Sample SRS22586559: Platforms: PACBIO_SMRT
2026-01-20 12:26:07,316 - INFO - Checking sample SRS22586558...
2026-01-20 12:26:08,191 - INFO - Sample SRS22586558: Platforms: PACBIO_SMRT
2026-01-20 12:26:08,191 - INFO - Checking sample SRS22586557...
2026-01-20 12:26:09,068 - INFO - Sample SRS22586557: Platforms: PACBIO_SMRT
2026-01-20 12:26:09,068 - INFO - Checking sample SRS22586556...
2026-01-20 12:26:09,944 - INFO - Sample SRS22586556: Platforms: PACBIO_SMRT
2026-01-20 12:26:09,944 - INFO - Checking sample SRS22586555...
2026-01-20 12:26:10,821 - INFO - Sample SRS22586555: Platforms: PACBIO_SMRT
2026-01-20 12:26:10,821 - INFO - Checking sample SRS22586554...
2026-01-20 12:26:11,696 - INFO - Sample SRS22586554: Platforms: PACBIO_SMRT
2026-01-20 12:26:11,697 - INFO - Checking sample SRS22586553...
2026-01-20 12:26:12,592 - INFO - Sample SRS22586553: Platforms: PACBIO_SMRT
2026-01-20 12:26:12,592 - INFO - Checking sample SRS22586552...
2026-01-20 12:26:13,507 - INFO - Sample SRS22586552: Platforms: PACBIO_SMRT
2026-01-20 12:26:13,508 - INFO - Checking sample SRS22586551...
2026-01-20 12:26:14,396 - INFO - Sample SRS22586551: Platforms: PACBIO_SMRT
2026-01-20 12:26:14,397 - INFO - Checking sample SRS22586550...
2026-01-20 12:26:15,311 - INFO - Sample SRS22586550: Platforms: PACBIO_SMRT
2026-01-20 12:26:15,311 - INFO - Checking sample SRS22586549...
2026-01-20 12:26:16,187 - INFO - Sample SRS22586549: Platforms: PACBIO_SMRT
2026-01-20 12:26:16,188 - INFO - Checking sample SRS22586548...
2026-01-20 12:26:17,184 - INFO - Sample SRS22586548: Platforms: PACBIO_SMRT
2026-01-20 12:26:17,184 - INFO - Checking sample SRS22586547...
2026-01-20 12:26:18,060 - INFO - Sample SRS22586547: Platforms: PACBIO_SMRT
2026-01-20 12:26:18,060 - INFO - Checking sample SRS22586546...
2026-01-20 12:26:18,935 - INFO - Sample SRS22586546: Platforms: PACBIO_SMRT
2026-01-20 12:26:18,935 - INFO - Checking sample SRS22586545...
2026-01-20 12:26:19,813 - INFO - Sample SRS22586545: Platforms: PACBIO_SMRT
2026-01-20 12:26:19,813 - INFO - Checking sample SRS22586544...
2026-01-20 12:26:20,688 - INFO - Sample SRS22586544: Platforms: PACBIO_SMRT
2026-01-20 12:26:20,688 - INFO - Checking sample SRS22586543...
2026-01-20 12:26:21,566 - INFO - Sample SRS22586543: Platforms: PACBIO_SMRT
2026-01-20 12:26:21,566 - INFO - Checking sample SRS22586542...
2026-01-20 12:26:22,442 - INFO - Sample SRS22586542: Platforms: PACBIO_SMRT
2026-01-20 12:26:22,442 - INFO - Checking sample SRS22586541...
2026-01-20 12:26:23,318 - INFO - Sample SRS22586541: Platforms: PACBIO_SMRT
2026-01-20 12:26:23,318 - INFO - Checking sample SRS22586540...
2026-01-20 12:26:24,214 - INFO - Sample SRS22586540: Platforms: PACBIO_SMRT
2026-01-20 12:26:24,214 - INFO - Checking sample SRS22586539...
2026-01-20 12:26:25,443 - INFO - Sample SRS22586539: Platforms: PACBIO_SMRT
2026-01-20 12:26:25,444 - INFO - Checking sample SRS22586538...
2026-01-20 12:26:26,579 - INFO - Sample SRS22586538: Platforms: PACBIO_SMRT
2026-01-20 12:26:26,579 - INFO - Checking sample SRS22586537...
2026-01-20 12:26:27,470 - INFO - Sample SRS22586537: Platforms: PACBIO_SMRT
2026-01-20 12:26:27,470 - INFO - Checking sample SRS22586536...
2026-01-20 12:26:28,344 - INFO - Sample SRS22586536: Platforms: PACBIO_SMRT
2026-01-20 12:26:28,344 - INFO - Checking sample SRS22586535...
2026-01-20 12:26:29,221 - INFO - Sample SRS22586535: Platforms: PACBIO_SMRT
2026-01-20 12:26:29,221 - INFO - [SRA Search] Fetching batch starting at 200...
2026-01-20 12:26:30,818 - INFO - Checking sample SRS22586534...
2026-01-20 12:26:31,695 - INFO - Sample SRS22586534: Platforms: PACBIO_SMRT
2026-01-20 12:26:31,695 - INFO - Checking sample SRS22586533...
2026-01-20 12:26:32,570 - INFO - Sample SRS22586533: Platforms: PACBIO_SMRT
2026-01-20 12:26:32,570 - INFO - Checking sample SRS22586532...
2026-01-20 12:26:33,478 - INFO - Sample SRS22586532: Platforms: PACBIO_SMRT
2026-01-20 12:26:33,479 - INFO - Checking sample SRS22586531...
2026-01-20 12:26:34,389 - INFO - Sample SRS22586531: Platforms: PACBIO_SMRT
2026-01-20 12:26:34,390 - INFO - Checking sample SRS22586530...
2026-01-20 12:26:35,266 - INFO - Sample SRS22586530: Platforms: PACBIO_SMRT
2026-01-20 12:26:35,266 - INFO - Checking sample SRS22586529...
2026-01-20 12:26:36,141 - INFO - Sample SRS22586529: Platforms: PACBIO_SMRT
2026-01-20 12:26:36,141 - INFO - Checking sample SRS22586528...
2026-01-20 12:26:37,016 - INFO - Sample SRS22586528: Platforms: PACBIO_SMRT
2026-01-20 12:26:37,016 - INFO - Checking sample SRS22586527...
2026-01-20 12:26:37,896 - INFO - Sample SRS22586527: Platforms: PACBIO_SMRT
2026-01-20 12:26:37,897 - INFO - Checking sample SRS22586526...
2026-01-20 12:26:38,774 - INFO - Sample SRS22586526: Platforms: PACBIO_SMRT
2026-01-20 12:26:38,774 - INFO - Checking sample SRS22586525...
2026-01-20 12:26:39,651 - INFO - Sample SRS22586525: Platforms: PACBIO_SMRT
2026-01-20 12:26:39,651 - INFO - Checking sample SRS22586524...
2026-01-20 12:26:40,527 - INFO - Sample SRS22586524: Platforms: PACBIO_SMRT
2026-01-20 12:26:40,527 - INFO - Checking sample SRS22586523...
2026-01-20 12:26:41,401 - INFO - Sample SRS22586523: Platforms: PACBIO_SMRT
2026-01-20 12:26:41,401 - INFO - Checking sample SRS22586522...
2026-01-20 12:26:42,279 - INFO - Sample SRS22586522: Platforms: PACBIO_SMRT
2026-01-20 12:26:42,279 - INFO - Checking sample SRS22586521...
2026-01-20 12:26:43,246 - INFO - Sample SRS22586521: Platforms: PACBIO_SMRT
2026-01-20 12:26:43,246 - INFO - Checking sample SRS22586520...
2026-01-20 12:26:44,127 - INFO - Sample SRS22586520: Platforms: PACBIO_SMRT
2026-01-20 12:26:44,127 - INFO - Checking sample SRS22586519...
2026-01-20 12:26:45,005 - INFO - Sample SRS22586519: Platforms: PACBIO_SMRT
2026-01-20 12:26:45,006 - INFO - Checking sample SRS22586518...
2026-01-20 12:26:46,204 - INFO - Sample SRS22586518: Platforms: PACBIO_SMRT
2026-01-20 12:26:46,204 - INFO - Checking sample SRS22586517...
2026-01-20 12:26:47,097 - INFO - Sample SRS22586517: Platforms: PACBIO_SMRT
2026-01-20 12:26:47,097 - INFO - Checking sample SRS22586516...
2026-01-20 12:26:47,975 - INFO - Sample SRS22586516: Platforms: PACBIO_SMRT
2026-01-20 12:26:47,975 - INFO - Checking sample SRS22586515...
2026-01-20 12:26:48,849 - INFO - Sample SRS22586515: Platforms: PACBIO_SMRT
2026-01-20 12:26:48,849 - INFO - Checking sample SRS22586514...
2026-01-20 12:26:49,784 - INFO - Sample SRS22586514: Platforms: PACBIO_SMRT
2026-01-20 12:26:49,785 - INFO - Checking sample SRS22586513...
2026-01-20 12:26:50,665 - INFO - Sample SRS22586513: Platforms: PACBIO_SMRT
2026-01-20 12:26:50,665 - INFO - Checking sample SRS22586512...
2026-01-20 12:26:51,538 - INFO - Sample SRS22586512: Platforms: PACBIO_SMRT
2026-01-20 12:26:51,538 - INFO - Checking sample SRS22586511...
2026-01-20 12:26:52,412 - INFO - Sample SRS22586511: Platforms: PACBIO_SMRT
2026-01-20 12:26:52,412 - INFO - Checking sample SRS22586510...
2026-01-20 12:26:53,287 - INFO - Sample SRS22586510: Platforms: PACBIO_SMRT
2026-01-20 12:26:53,287 - INFO - Checking sample SRS22586509...
2026-01-20 12:26:54,162 - INFO - Sample SRS22586509: Platforms: PACBIO_SMRT
2026-01-20 12:26:54,162 - INFO - Checking sample SRS22586508...
2026-01-20 12:26:55,048 - INFO - Sample SRS22586508: Platforms: PACBIO_SMRT
2026-01-20 12:26:55,049 - INFO - Checking sample SRS22586507...
2026-01-20 12:26:55,923 - INFO - Sample SRS22586507: Platforms: PACBIO_SMRT
2026-01-20 12:26:55,923 - INFO - Checking sample SRS22586506...
2026-01-20 12:26:56,821 - INFO - Sample SRS22586506: Platforms: PACBIO_SMRT
2026-01-20 12:26:56,821 - INFO - Checking sample SRS22586505...
2026-01-20 12:26:57,697 - INFO - Sample SRS22586505: Platforms: PACBIO_SMRT
2026-01-20 12:26:57,697 - INFO - Checking sample SRS22586504...
2026-01-20 12:26:58,571 - INFO - Sample SRS22586504: Platforms: PACBIO_SMRT
2026-01-20 12:26:58,572 - INFO - Checking sample SRS22586503...
2026-01-20 12:26:59,446 - INFO - Sample SRS22586503: Platforms: PACBIO_SMRT
2026-01-20 12:26:59,446 - INFO - Checking sample SRS22586502...
2026-01-20 12:27:00,320 - INFO - Sample SRS22586502: Platforms: PACBIO_SMRT
2026-01-20 12:27:00,320 - INFO - Checking sample SRS20722170...
2026-01-20 12:27:01,238 - INFO - Sample SRS20722170: Platforms: OXFORD_NANOPORE
2026-01-20 12:27:01,239 - INFO - Checking sample SRS20722169...
2026-01-20 12:27:02,155 - INFO - Sample SRS20722169: Platforms: OXFORD_NANOPORE
2026-01-20 12:27:02,156 - INFO - Checking sample SRS20722167...
2026-01-20 12:27:03,115 - INFO - Sample SRS20722167: Platforms: OXFORD_NANOPORE
2026-01-20 12:27:03,115 - INFO - Checking sample SRS20722168...
2026-01-20 12:27:03,991 - INFO - Sample SRS20722168: Platforms: OXFORD_NANOPORE
2026-01-20 12:27:03,991 - INFO - Checking sample SRS18006771...
2026-01-20 12:27:05,107 - INFO - Sample SRS18006771: Platforms: OXFORD_NANOPORE
2026-01-20 12:27:05,107 - INFO - Checking sample SRS18006770...
2026-01-20 12:27:05,981 - INFO - Sample SRS18006770: Platforms: OXFORD_NANOPORE
2026-01-20 12:27:05,981 - INFO - Checking sample SRS18006769...
2026-01-20 12:27:07,275 - INFO - Sample SRS18006769: Platforms: OXFORD_NANOPORE
2026-01-20 12:27:07,275 - INFO - Checking sample SRS18006768...
2026-01-20 12:27:08,150 - INFO - Sample SRS18006768: Platforms: OXFORD_NANOPORE
2026-01-20 12:27:08,150 - INFO - Checking sample SRS18006767...
2026-01-20 12:27:09,026 - INFO - Sample SRS18006767: Platforms: OXFORD_NANOPORE
2026-01-20 12:27:09,026 - INFO - Checking sample SRS18006766...
2026-01-20 12:27:09,901 - INFO - Sample SRS18006766: Platforms: OXFORD_NANOPORE
2026-01-20 12:27:09,902 - INFO - Checking sample SRS18006765...
2026-01-20 12:27:10,785 - INFO - Sample SRS18006765: Platforms: OXFORD_NANOPORE
2026-01-20 12:27:10,785 - INFO - Checking sample SRS18006764...
2026-01-20 12:27:11,658 - INFO - Sample SRS18006764: Platforms: OXFORD_NANOPORE
2026-01-20 12:27:11,658 - INFO - Checking sample SRS18006763...
2026-01-20 12:27:12,534 - INFO - Sample SRS18006763: Platforms: OXFORD_NANOPORE
2026-01-20 12:27:12,535 - INFO - Checking sample SRS18006760...
2026-01-20 12:27:13,409 - INFO - Sample SRS18006760: Platforms: OXFORD_NANOPORE
2026-01-20 12:27:13,409 - INFO - Checking sample SRS18006759...
2026-01-20 12:27:14,299 - INFO - Sample SRS18006759: Platforms: OXFORD_NANOPORE
2026-01-20 12:27:14,300 - INFO - Checking sample SRS18006761...
2026-01-20 12:27:15,179 - INFO - Sample SRS18006761: Platforms: OXFORD_NANOPORE
2026-01-20 12:27:15,180 - INFO - Checking sample SRS18006762...
2026-01-20 12:27:16,145 - INFO - Sample SRS18006762: Platforms: OXFORD_NANOPORE
2026-01-20 12:27:16,146 - INFO - [SRA Search] Fetching batch starting at 250...
2026-01-20 12:27:17,732 - INFO - Checking sample SRS18006758...
2026-01-20 12:27:18,618 - INFO - Sample SRS18006758: Platforms: OXFORD_NANOPORE
2026-01-20 12:27:18,618 - INFO - Checking sample SRS18006757...
2026-01-20 12:27:19,497 - INFO - Sample SRS18006757: Platforms: OXFORD_NANOPORE
2026-01-20 12:27:19,497 - INFO - Checking sample SRS18006756...
2026-01-20 12:27:20,626 - INFO - Sample SRS18006756: Platforms: OXFORD_NANOPORE
2026-01-20 12:27:20,626 - INFO - Checking sample SRS18006754...
2026-01-20 12:27:21,501 - INFO - Sample SRS18006754: Platforms: OXFORD_NANOPORE
2026-01-20 12:27:21,501 - INFO - Checking sample SRS18006755...
2026-01-20 12:27:22,382 - INFO - Sample SRS18006755: Platforms: OXFORD_NANOPORE
2026-01-20 12:27:22,382 - INFO - Checking sample SRS18006753...
2026-01-20 12:27:23,429 - INFO - Sample SRS18006753: Platforms: OXFORD_NANOPORE
2026-01-20 12:27:23,429 - INFO - Checking sample SRS18006751...
2026-01-20 12:27:24,307 - INFO - Sample SRS18006751: Platforms: OXFORD_NANOPORE
2026-01-20 12:27:24,307 - INFO - Checking sample SRS18006749...
2026-01-20 12:27:25,184 - INFO - Sample SRS18006749: Platforms: OXFORD_NANOPORE
2026-01-20 12:27:25,184 - INFO - Checking sample SRS18006752...
2026-01-20 12:27:26,059 - INFO - Sample SRS18006752: Platforms: OXFORD_NANOPORE
2026-01-20 12:27:26,059 - INFO - Checking sample SRS18006750...
2026-01-20 12:27:26,935 - INFO - Sample SRS18006750: Platforms: OXFORD_NANOPORE
2026-01-20 12:27:26,935 - INFO - Checking sample SRS18006748...
2026-01-20 12:27:27,814 - INFO - Sample SRS18006748: Platforms: OXFORD_NANOPORE
2026-01-20 12:27:27,814 - INFO - Checking sample SRS18006747...
2026-01-20 12:27:28,694 - INFO - Sample SRS18006747: Platforms: OXFORD_NANOPORE
2026-01-20 12:27:28,694 - INFO - Checking sample SRS18006746...
2026-01-20 12:27:29,570 - INFO - Sample SRS18006746: Platforms: OXFORD_NANOPORE
2026-01-20 12:27:29,571 - INFO - Checking sample SRS18006744...
2026-01-20 12:27:30,478 - INFO - Sample SRS18006744: Platforms: OXFORD_NANOPORE
2026-01-20 12:27:30,478 - INFO - Checking sample SRS18006743...
2026-01-20 12:27:33,983 - INFO - Sample SRS18006743: Platforms: OXFORD_NANOPORE
2026-01-20 12:27:33,983 - INFO - Checking sample SRS18006745...
2026-01-20 12:27:34,861 - INFO - Sample SRS18006745: Platforms: OXFORD_NANOPORE
2026-01-20 12:27:34,862 - INFO - Checking sample SRS18006741...
2026-01-20 12:27:35,737 - INFO - Sample SRS18006741: Platforms: OXFORD_NANOPORE
2026-01-20 12:27:35,738 - INFO - Checking sample SRS18006740...
2026-01-20 12:27:36,617 - INFO - Sample SRS18006740: Platforms: OXFORD_NANOPORE
2026-01-20 12:27:36,617 - INFO - Checking sample SRS18006742...
2026-01-20 12:27:37,496 - INFO - Sample SRS18006742: Platforms: OXFORD_NANOPORE
2026-01-20 12:27:37,496 - INFO - Checking sample SRS18006739...
2026-01-20 12:27:38,373 - INFO - Sample SRS18006739: Platforms: OXFORD_NANOPORE
2026-01-20 12:27:38,373 - INFO - Checking sample SRS18006738...
2026-01-20 12:27:39,259 - INFO - Sample SRS18006738: Platforms: OXFORD_NANOPORE
2026-01-20 12:27:39,260 - INFO - Checking sample SRS18006736...
2026-01-20 12:27:40,160 - INFO - Sample SRS18006736: Platforms: OXFORD_NANOPORE
2026-01-20 12:27:40,160 - INFO - Checking sample SRS18006737...
2026-01-20 12:27:41,082 - INFO - Sample SRS18006737: Platforms: OXFORD_NANOPORE
2026-01-20 12:27:41,082 - INFO - Checking sample SRS18006734...
2026-01-20 12:27:41,957 - INFO - Sample SRS18006734: Platforms: OXFORD_NANOPORE
2026-01-20 12:27:41,957 - INFO - Checking sample SRS18006735...
2026-01-20 12:27:42,897 - INFO - Sample SRS18006735: Platforms: OXFORD_NANOPORE
2026-01-20 12:27:42,897 - INFO - Checking sample SRS18006733...
2026-01-20 12:27:43,778 - INFO - Sample SRS18006733: Platforms: OXFORD_NANOPORE
2026-01-20 12:27:43,778 - INFO - Checking sample SRS18006732...
2026-01-20 12:27:44,665 - INFO - Sample SRS18006732: Platforms: OXFORD_NANOPORE
2026-01-20 12:27:44,665 - INFO - Checking sample SRS18006731...
2026-01-20 12:27:45,538 - INFO - Sample SRS18006731: Platforms: OXFORD_NANOPORE
2026-01-20 12:27:45,538 - INFO - Checking sample SRS18006729...
2026-01-20 12:27:46,413 - INFO - Sample SRS18006729: Platforms: OXFORD_NANOPORE
2026-01-20 12:27:46,413 - INFO - Checking sample SRS18006730...
2026-01-20 12:27:47,295 - INFO - Sample SRS18006730: Platforms: OXFORD_NANOPORE
2026-01-20 12:27:47,296 - INFO - Checking sample SRS18006727...
2026-01-20 12:27:48,184 - INFO - Sample SRS18006727: Platforms: OXFORD_NANOPORE
2026-01-20 12:27:48,184 - INFO - Checking sample SRS18006728...
2026-01-20 12:27:49,061 - INFO - Sample SRS18006728: Platforms: OXFORD_NANOPORE
2026-01-20 12:27:49,061 - INFO - Checking sample SRS18006726...
2026-01-20 12:27:49,946 - INFO - Sample SRS18006726: Platforms: OXFORD_NANOPORE
2026-01-20 12:27:49,946 - INFO - Checking sample SRS18006725...
2026-01-20 12:27:50,823 - INFO - Sample SRS18006725: Platforms: OXFORD_NANOPORE
2026-01-20 12:27:50,823 - INFO - Checking sample SRS18006724...
2026-01-20 12:27:51,698 - INFO - Sample SRS18006724: Platforms: OXFORD_NANOPORE
2026-01-20 12:27:51,698 - INFO - Checking sample SRS18006723...
2026-01-20 12:27:52,571 - INFO - Sample SRS18006723: Platforms: OXFORD_NANOPORE
2026-01-20 12:27:52,572 - INFO - Checking sample SRS18006722...
2026-01-20 12:27:53,454 - INFO - Sample SRS18006722: Platforms: OXFORD_NANOPORE
2026-01-20 12:27:53,454 - INFO - Checking sample SRS18006720...
2026-01-20 12:27:54,364 - INFO - Sample SRS18006720: Platforms: OXFORD_NANOPORE
2026-01-20 12:27:54,364 - INFO - Checking sample SRS18006721...
2026-01-20 12:27:55,245 - INFO - Sample SRS18006721: Platforms: OXFORD_NANOPORE
2026-01-20 12:27:55,245 - INFO - Checking sample SRS18006718...
2026-01-20 12:27:56,121 - INFO - Sample SRS18006718: Platforms: OXFORD_NANOPORE
2026-01-20 12:27:56,121 - INFO - Checking sample SRS18006719...
2026-01-20 12:27:56,996 - INFO - Sample SRS18006719: Platforms: OXFORD_NANOPORE
2026-01-20 12:27:56,996 - INFO - Checking sample SRS18006717...
2026-01-20 12:27:57,873 - INFO - Sample SRS18006717: Platforms: OXFORD_NANOPORE
2026-01-20 12:27:57,873 - INFO - Checking sample SRS18006715...
2026-01-20 12:27:58,748 - INFO - Sample SRS18006715: Platforms: OXFORD_NANOPORE
2026-01-20 12:27:58,748 - INFO - Checking sample SRS18006716...
2026-01-20 12:27:59,625 - INFO - Sample SRS18006716: Platforms: OXFORD_NANOPORE
2026-01-20 12:27:59,625 - INFO - Checking sample SRS18006713...
2026-01-20 12:28:00,504 - INFO - Sample SRS18006713: Platforms: OXFORD_NANOPORE
2026-01-20 12:28:00,505 - INFO - Checking sample SRS18006712...
2026-01-20 12:28:01,388 - INFO - Sample SRS18006712: Platforms: OXFORD_NANOPORE
2026-01-20 12:28:01,389 - INFO - Checking sample SRS18006714...
2026-01-20 12:28:02,262 - INFO - Sample SRS18006714: Platforms: OXFORD_NANOPORE
2026-01-20 12:28:02,263 - INFO - Checking sample SRS18006711...
2026-01-20 12:28:03,142 - INFO - Sample SRS18006711: Platforms: OXFORD_NANOPORE
2026-01-20 12:28:03,142 - INFO - Checking sample SRS18006709...
2026-01-20 12:28:04,023 - INFO - Sample SRS18006709: Platforms: OXFORD_NANOPORE
2026-01-20 12:28:04,023 - INFO - Checking sample SRS18006710...
2026-01-20 12:28:04,902 - INFO - Sample SRS18006710: Platforms: OXFORD_NANOPORE
2026-01-20 12:28:04,902 - INFO - [SRA Search] Fetching batch starting at 300...
2026-01-20 12:28:06,446 - INFO - Checking sample SRS18006708...
2026-01-20 12:28:07,324 - INFO - Sample SRS18006708: Platforms: OXFORD_NANOPORE
2026-01-20 12:28:07,324 - INFO - Checking sample SRS18006707...
2026-01-20 12:28:08,202 - INFO - Sample SRS18006707: Platforms: OXFORD_NANOPORE
2026-01-20 12:28:08,202 - INFO - Checking sample SRS18006706...
2026-01-20 12:28:09,074 - INFO - Sample SRS18006706: Platforms: OXFORD_NANOPORE
2026-01-20 12:28:09,075 - INFO - Checking sample SRS18006705...
2026-01-20 12:28:09,962 - INFO - Sample SRS18006705: Platforms: OXFORD_NANOPORE
2026-01-20 12:28:09,962 - INFO - Checking sample SRS18006704...
2026-01-20 12:28:10,938 - INFO - Sample SRS18006704: Platforms: OXFORD_NANOPORE
2026-01-20 12:28:10,938 - INFO - Checking sample SRS18006702...
2026-01-20 12:28:11,857 - INFO - Sample SRS18006702: Platforms: OXFORD_NANOPORE
2026-01-20 12:28:11,858 - INFO - Checking sample SRS18006703...
2026-01-20 12:28:12,735 - INFO - Sample SRS18006703: Platforms: OXFORD_NANOPORE
2026-01-20 12:28:12,735 - INFO - Checking sample SRS18006701...
2026-01-20 12:28:13,622 - INFO - Sample SRS18006701: Platforms: OXFORD_NANOPORE
2026-01-20 12:28:13,622 - INFO - Checking sample SRS18006700...
2026-01-20 12:28:14,511 - INFO - Sample SRS18006700: Platforms: OXFORD_NANOPORE
2026-01-20 12:28:14,511 - INFO - Checking sample SRS18006699...
2026-01-20 12:28:15,419 - INFO - Sample SRS18006699: Platforms: OXFORD_NANOPORE
2026-01-20 12:28:15,419 - INFO - Checking sample SRS18006698...
2026-01-20 12:28:16,297 - INFO - Sample SRS18006698: Platforms: OXFORD_NANOPORE
2026-01-20 12:28:16,297 - INFO - Checking sample SRS18006697...
2026-01-20 12:28:17,179 - INFO - Sample SRS18006697: Platforms: OXFORD_NANOPORE
2026-01-20 12:28:17,179 - INFO - Checking sample SRS18006695...
2026-01-20 12:28:18,095 - INFO - Sample SRS18006695: Platforms: OXFORD_NANOPORE
2026-01-20 12:28:18,096 - INFO - Checking sample SRS18006696...
2026-01-20 12:28:18,978 - INFO - Sample SRS18006696: Platforms: OXFORD_NANOPORE
2026-01-20 12:28:18,978 - INFO - Checking sample SRS18006694...
2026-01-20 12:28:19,858 - INFO - Sample SRS18006694: Platforms: OXFORD_NANOPORE
2026-01-20 12:28:19,858 - INFO - Checking sample SRS18006693...
2026-01-20 12:28:20,733 - INFO - Sample SRS18006693: Platforms: OXFORD_NANOPORE
2026-01-20 12:28:20,733 - INFO - Checking sample SRS18006691...
2026-01-20 12:28:21,611 - INFO - Sample SRS18006691: Platforms: OXFORD_NANOPORE
2026-01-20 12:28:21,611 - INFO - Checking sample SRS18006692...
2026-01-20 12:28:22,488 - INFO - Sample SRS18006692: Platforms: OXFORD_NANOPORE
2026-01-20 12:28:22,488 - INFO - Checking sample SRS18006689...
2026-01-20 12:28:23,364 - INFO - Sample SRS18006689: Platforms: OXFORD_NANOPORE
2026-01-20 12:28:23,364 - INFO - Checking sample SRS18006690...
2026-01-20 12:28:24,236 - INFO - Sample SRS18006690: Platforms: OXFORD_NANOPORE
2026-01-20 12:28:24,236 - INFO - Checking sample SRS18006687...
2026-01-20 12:28:25,117 - INFO - Sample SRS18006687: Platforms: OXFORD_NANOPORE
2026-01-20 12:28:25,118 - INFO - Checking sample SRS18006688...
2026-01-20 12:28:25,993 - INFO - Sample SRS18006688: Platforms: OXFORD_NANOPORE
2026-01-20 12:28:25,993 - INFO - Checking sample SRS18006686...
2026-01-20 12:28:26,866 - INFO - Sample SRS18006686: Platforms: OXFORD_NANOPORE
2026-01-20 12:28:26,866 - INFO - Checking sample SRS18006684...
2026-01-20 12:28:27,743 - INFO - Sample SRS18006684: Platforms: OXFORD_NANOPORE
2026-01-20 12:28:27,743 - INFO - Checking sample SRS18006685...
2026-01-20 12:28:28,629 - INFO - Sample SRS18006685: Platforms: OXFORD_NANOPORE
2026-01-20 12:28:28,629 - INFO - Checking sample SRS18006683...
2026-01-20 12:28:29,505 - INFO - Sample SRS18006683: Platforms: OXFORD_NANOPORE
2026-01-20 12:28:29,505 - INFO - Checking sample SRS18006682...
2026-01-20 12:28:30,382 - INFO - Sample SRS18006682: Platforms: OXFORD_NANOPORE
2026-01-20 12:28:30,382 - INFO - Checking sample SRS18006681...
2026-01-20 12:28:31,272 - INFO - Sample SRS18006681: Platforms: OXFORD_NANOPORE
2026-01-20 12:28:31,272 - INFO - Checking sample SRS18006679...
2026-01-20 12:28:32,146 - INFO - Sample SRS18006679: Platforms: OXFORD_NANOPORE
2026-01-20 12:28:32,146 - INFO - Checking sample SRS18006680...
2026-01-20 12:28:33,030 - INFO - Sample SRS18006680: Platforms: OXFORD_NANOPORE
2026-01-20 12:28:33,030 - INFO - Checking sample SRS18006678...
2026-01-20 12:28:33,919 - INFO - Sample SRS18006678: Platforms: OXFORD_NANOPORE
2026-01-20 12:28:33,919 - INFO - Checking sample SRS18006677...
2026-01-20 12:28:34,796 - INFO - Sample SRS18006677: Platforms: OXFORD_NANOPORE
2026-01-20 12:28:34,796 - INFO - Checking sample SRS18006675...
2026-01-20 12:28:35,678 - INFO - Sample SRS18006675: Platforms: OXFORD_NANOPORE
2026-01-20 12:28:35,679 - INFO - Checking sample SRS18006676...
2026-01-20 12:28:36,555 - INFO - Sample SRS18006676: Platforms: OXFORD_NANOPORE
2026-01-20 12:28:36,555 - INFO - Checking sample SRS18006674...
2026-01-20 12:28:37,429 - INFO - Sample SRS18006674: Platforms: OXFORD_NANOPORE
2026-01-20 12:28:37,429 - INFO - Checking sample SRS18006673...
2026-01-20 12:28:38,435 - INFO - Sample SRS18006673: Platforms: OXFORD_NANOPORE
2026-01-20 12:28:38,435 - INFO - Checking sample SRS18006671...
2026-01-20 12:28:39,369 - INFO - Sample SRS18006671: Platforms: OXFORD_NANOPORE
2026-01-20 12:28:39,369 - INFO - Checking sample SRS18006672...
2026-01-20 12:28:40,245 - INFO - Sample SRS18006672: Platforms: OXFORD_NANOPORE
2026-01-20 12:28:40,245 - INFO - Checking sample SRS18006670...
2026-01-20 12:28:41,123 - INFO - Sample SRS18006670: Platforms: OXFORD_NANOPORE
2026-01-20 12:28:41,123 - INFO - Checking sample SRS18006669...
2026-01-20 12:28:41,994 - INFO - Sample SRS18006669: Platforms: OXFORD_NANOPORE
2026-01-20 12:28:41,994 - INFO - Checking sample SRS18006667...
2026-01-20 12:28:42,869 - INFO - Sample SRS18006667: Platforms: OXFORD_NANOPORE
2026-01-20 12:28:42,869 - INFO - Checking sample SRS18006668...
2026-01-20 12:28:43,748 - INFO - Sample SRS18006668: Platforms: OXFORD_NANOPORE
2026-01-20 12:28:43,748 - INFO - Checking sample SRS18006666...
2026-01-20 12:28:44,623 - INFO - Sample SRS18006666: Platforms: OXFORD_NANOPORE
2026-01-20 12:28:44,624 - INFO - Checking sample SRS18006665...
2026-01-20 12:28:45,498 - INFO - Sample SRS18006665: Platforms: OXFORD_NANOPORE
2026-01-20 12:28:45,499 - INFO - Checking sample SRS18006663...
2026-01-20 12:28:46,375 - INFO - Sample SRS18006663: Platforms: OXFORD_NANOPORE
2026-01-20 12:28:46,375 - INFO - Checking sample SRS18006664...
2026-01-20 12:28:47,249 - INFO - Sample SRS18006664: Platforms: OXFORD_NANOPORE
2026-01-20 12:28:47,250 - INFO - Checking sample SRS18006662...
2026-01-20 12:28:48,153 - INFO - Sample SRS18006662: Platforms: OXFORD_NANOPORE
2026-01-20 12:28:48,153 - INFO - Checking sample SRS18006659...
2026-01-20 12:28:49,033 - INFO - Sample SRS18006659: Platforms: OXFORD_NANOPORE
2026-01-20 12:28:49,033 - INFO - Checking sample SRS18006661...
2026-01-20 12:28:49,909 - INFO - Sample SRS18006661: Platforms: OXFORD_NANOPORE
2026-01-20 12:28:49,909 - INFO - Checking sample SRS18006660...
2026-01-20 12:28:50,785 - INFO - Sample SRS18006660: Platforms: OXFORD_NANOPORE
2026-01-20 12:28:50,785 - INFO - [SRA Search] Fetching batch starting at 350...
2026-01-20 12:28:52,374 - INFO - Checking sample SRS18006658...
2026-01-20 12:28:53,251 - INFO - Sample SRS18006658: Platforms: OXFORD_NANOPORE
2026-01-20 12:28:53,251 - INFO - Checking sample SRS18006657...
2026-01-20 12:28:54,124 - INFO - Sample SRS18006657: Platforms: OXFORD_NANOPORE
2026-01-20 12:28:54,124 - INFO - Checking sample SRS18006655...
2026-01-20 12:28:55,000 - INFO - Sample SRS18006655: Platforms: OXFORD_NANOPORE
2026-01-20 12:28:55,000 - INFO - Checking sample SRS18006656...
2026-01-20 12:28:55,886 - INFO - Sample SRS18006656: Platforms: OXFORD_NANOPORE
2026-01-20 12:28:55,886 - INFO - Checking sample SRS18006654...
2026-01-20 12:28:56,757 - INFO - Sample SRS18006654: Platforms: OXFORD_NANOPORE
2026-01-20 12:28:56,757 - INFO - Checking sample SRS18006653...
2026-01-20 12:28:57,631 - INFO - Sample SRS18006653: Platforms: OXFORD_NANOPORE
2026-01-20 12:28:57,632 - INFO - Checking sample SRS18006652...
2026-01-20 12:28:58,513 - INFO - Sample SRS18006652: Platforms: OXFORD_NANOPORE
2026-01-20 12:28:58,513 - INFO - Checking sample SRS18006651...
2026-01-20 12:28:59,385 - INFO - Sample SRS18006651: Platforms: OXFORD_NANOPORE
2026-01-20 12:28:59,385 - INFO - Checking sample SRS18006650...
2026-01-20 12:29:00,263 - INFO - Sample SRS18006650: Platforms: OXFORD_NANOPORE
2026-01-20 12:29:00,264 - INFO - Checking sample SRS18006648...
2026-01-20 12:29:01,143 - INFO - Sample SRS18006648: Platforms: OXFORD_NANOPORE
2026-01-20 12:29:01,143 - INFO - Checking sample SRS18006649...
2026-01-20 12:29:02,018 - INFO - Sample SRS18006649: Platforms: OXFORD_NANOPORE
2026-01-20 12:29:02,019 - INFO - Checking sample SRS18006647...
2026-01-20 12:29:02,896 - INFO - Sample SRS18006647: Platforms: OXFORD_NANOPORE
2026-01-20 12:29:02,896 - INFO - Checking sample SRS18006646...
2026-01-20 12:29:03,771 - INFO - Sample SRS18006646: Platforms: OXFORD_NANOPORE
2026-01-20 12:29:03,771 - INFO - Checking sample SRS18006644...
2026-01-20 12:29:04,662 - INFO - Sample SRS18006644: Platforms: OXFORD_NANOPORE
2026-01-20 12:29:04,662 - INFO - Checking sample SRS18006645...
2026-01-20 12:29:05,543 - INFO - Sample SRS18006645: Platforms: OXFORD_NANOPORE
2026-01-20 12:29:05,543 - INFO - Checking sample SRS18006643...
2026-01-20 12:29:06,416 - INFO - Sample SRS18006643: Platforms: OXFORD_NANOPORE
2026-01-20 12:29:06,416 - INFO - Checking sample SRS17472008...
2026-01-20 12:29:13,044 - INFO - Sample SRS17472008: Platforms: OXFORD_NANOPORE
2026-01-20 12:29:13,044 - INFO - Checking sample SRS17472006...
2026-01-20 12:29:13,919 - INFO - Sample SRS17472006: Platforms: OXFORD_NANOPORE
2026-01-20 12:29:13,919 - INFO - Checking sample SRS17472007...
2026-01-20 12:29:14,791 - INFO - Sample SRS17472007: Platforms: OXFORD_NANOPORE
2026-01-20 12:29:14,791 - INFO - Checking sample SRS17472005...
2026-01-20 12:29:21,961 - INFO - Sample SRS17472005: Platforms: OXFORD_NANOPORE
2026-01-20 12:29:21,961 - INFO - Checking sample SRS17472002...
2026-01-20 12:29:22,839 - INFO - Sample SRS17472002: Platforms: OXFORD_NANOPORE
2026-01-20 12:29:22,839 - INFO - Checking sample SRS17472001...
2026-01-20 12:29:23,721 - INFO - Sample SRS17472001: Platforms: OXFORD_NANOPORE
2026-01-20 12:29:23,721 - INFO - Checking sample SRS17472004...
2026-01-20 12:29:24,601 - INFO - Sample SRS17472004: Platforms: OXFORD_NANOPORE
2026-01-20 12:29:24,602 - INFO - Checking sample SRS17472003...
2026-01-20 12:29:25,478 - INFO - Sample SRS17472003: Platforms: OXFORD_NANOPORE
2026-01-20 12:29:25,478 - INFO - Checking sample SRS17472000...
2026-01-20 12:29:26,354 - INFO - Sample SRS17472000: Platforms: OXFORD_NANOPORE
2026-01-20 12:29:26,354 - INFO - Checking sample SRS13821435...
2026-01-20 12:29:27,304 - INFO - Sample SRS13821435: Platforms: PACBIO_SMRT
2026-01-20 12:29:27,305 - INFO - Checking sample SRS13821434...
2026-01-20 12:29:28,268 - INFO - Sample SRS13821434: Platforms: PACBIO_SMRT
2026-01-20 12:29:28,268 - INFO - Checking sample SRS13821432...
2026-01-20 12:29:29,141 - INFO - Sample SRS13821432: Platforms: PACBIO_SMRT
2026-01-20 12:29:29,142 - INFO - Checking sample SRS13821433...
2026-01-20 12:29:30,016 - INFO - Sample SRS13821433: Platforms: PACBIO_SMRT
2026-01-20 12:29:30,016 - INFO - Checking sample SRS13821431...
2026-01-20 12:29:30,891 - INFO - Sample SRS13821431: Platforms: PACBIO_SMRT
2026-01-20 12:29:30,891 - INFO - Checking sample SRS13821430...
2026-01-20 12:29:31,805 - INFO - Sample SRS13821430: Platforms: PACBIO_SMRT
2026-01-20 12:29:31,806 - INFO - Checking sample SRS13821429...
2026-01-20 12:29:32,689 - INFO - Sample SRS13821429: Platforms: PACBIO_SMRT
2026-01-20 12:29:32,689 - INFO - Checking sample SRS13821428...
2026-01-20 12:29:33,576 - INFO - Sample SRS13821428: Platforms: PACBIO_SMRT
2026-01-20 12:29:33,576 - INFO - Checking sample SRS13821427...
2026-01-20 12:29:34,450 - INFO - Sample SRS13821427: Platforms: PACBIO_SMRT
2026-01-20 12:29:34,450 - INFO - Checking sample SRS13821425...
2026-01-20 12:29:35,362 - INFO - Sample SRS13821425: Platforms: PACBIO_SMRT
2026-01-20 12:29:35,362 - INFO - Checking sample SRS13821426...
2026-01-20 12:29:36,239 - INFO - Sample SRS13821426: Platforms: PACBIO_SMRT
2026-01-20 12:29:36,239 - INFO - Checking sample SRS13821424...
2026-01-20 12:29:37,113 - INFO - Sample SRS13821424: Platforms: PACBIO_SMRT
2026-01-20 12:29:37,114 - INFO - Checking sample SRS13821423...
2026-01-20 12:29:37,989 - INFO - Sample SRS13821423: Platforms: PACBIO_SMRT
2026-01-20 12:29:37,989 - INFO - Checking sample SRS13821422...
2026-01-20 12:29:38,863 - INFO - Sample SRS13821422: Platforms: PACBIO_SMRT
2026-01-20 12:29:38,863 - INFO - Checking sample SRS13821421...
2026-01-20 12:29:39,736 - INFO - Sample SRS13821421: Platforms: PACBIO_SMRT
2026-01-20 12:29:39,736 - INFO - Checking sample SRS13821420...
2026-01-20 12:29:40,613 - INFO - Sample SRS13821420: Platforms: PACBIO_SMRT
2026-01-20 12:29:40,613 - INFO - Checking sample SRS13821419...
2026-01-20 12:29:41,504 - INFO - Sample SRS13821419: Platforms: PACBIO_SMRT
2026-01-20 12:29:41,504 - INFO - Checking sample SRS13821418...
2026-01-20 12:29:42,380 - INFO - Sample SRS13821418: Platforms: PACBIO_SMRT
2026-01-20 12:29:42,380 - INFO - Checking sample SRS13821417...
2026-01-20 12:29:43,253 - INFO - Sample SRS13821417: Platforms: PACBIO_SMRT
2026-01-20 12:29:43,253 - INFO - Checking sample SRS13821416...
2026-01-20 12:29:44,124 - INFO - Sample SRS13821416: Platforms: PACBIO_SMRT
2026-01-20 12:29:44,124 - INFO - Checking sample SRS13821415...
2026-01-20 12:29:44,999 - INFO - Sample SRS13821415: Platforms: PACBIO_SMRT
2026-01-20 12:29:44,999 - INFO - Checking sample SRS13203368...
2026-01-20 12:29:45,951 - INFO - Sample SRS13203368: HYBRID FOUND!
2026-01-20 12:29:45,951 - INFO - Found 1 hybrid samples after checking 397 candidates.
2026-01-20 12:29:45,951 - INFO - Results saved to entrez-tool/results.json
